/home/robotfish/miniconda3/envs/ai/lib/python3.8/site-packages/gym/logger.py:30: UserWarning: [33mWARN: Box bound precision lowered by casting to float32[0m
  warnings.warn(colorize('%s: %s'%('WARN', msg % args), 'yellow'))
0, 	 1.0000, 	 -402.59194388985384, 	 (0, 4, 14, 8, 10)
0    0
1    0
2    0
Name: (0, 4, 14, 8, 10), dtype: int64
1000, 	 0.9667, 	 -401.43298327142907, 	 (0, 3, 14, 10, 9)
0    0
1    0
2    0
Name: (0, 3, 14, 10, 9), dtype: int64
2000, 	 0.9333, 	 -400.92000719003994, 	 (0, 3, 13, 12, 10)
0    0
1    0
2    0
Name: (0, 3, 13, 12, 10), dtype: int64
3000, 	 0.9000, 	 -403.0200594382371, 	 (10, 6, 14, 7, 7)
0    0
1    0
2    0
Name: (10, 6, 14, 7, 7), dtype: int64
4000, 	 0.8667, 	 -402.04464843475904, 	 (0, 4, 14, 10, 7)
0    0
1    0
2    0
Name: (0, 4, 14, 10, 7), dtype: int64
5000, 	 0.8333, 	 -400.78093598772256, 	 (0, 3, 12, 13, 10)
0    0
1    0
2    0
Name: (0, 3, 12, 13, 10), dtype: int64
6000, 	 0.8000, 	 -404.5228156133394, 	 (0, 4, 14, 8, 12)
0    0
1    0
2    0
Name: (0, 4, 14, 8, 12), dtype: int64
7000, 	 0.7667, 	 -401.8378483377443, 	 (0, 4, 14, 9, 6)
0    0
1    0
2    0
Name: (0, 4, 14, 9, 6), dtype: int64
8000, 	 0.7333, 	 -401.4194699396899, 	 (0, 4, 13, 12, 8)
0    0
1    0
2    0
Name: (0, 4, 13, 12, 8), dtype: int64
9000, 	 0.7000, 	 -401.20877925961975, 	 (0, 3, 13, 12, 10)
0    0
1    0
2    0
Name: (0, 3, 13, 12, 10), dtype: int64
10000, 	 0.6667, 	 -399.9054011066892, 	 (0, 4, 9, 14, 6)
0    0
1    0
2    0
Name: (0, 4, 9, 14, 6), dtype: int64
11000, 	 0.6333, 	 -401.11306161996765, 	 (0, 3, 13, 12, 10)
0    0
1    0
2    0
Name: (0, 3, 13, 12, 10), dtype: int64
12000, 	 0.6000, 	 -401.8806043085058, 	 (0, 4, 14, 10, 8)
0    0
1    0
2    0
Name: (0, 4, 14, 10, 8), dtype: int64
13000, 	 0.5667, 	 -409.22283864673335, 	 (0, 4, 14, 7, 6)
0    0
1    0
2    0
Name: (0, 4, 14, 7, 6), dtype: int64
14000, 	 0.5333, 	 -406.2567389563928, 	 (0, 4, 14, 11, 12)
0    0
1    0
2    0
Name: (0, 4, 14, 11, 12), dtype: int64
15000, 	 0.5000, 	 -404.2188981719221, 	 (0, 4, 14, 6, 11)
0    0
1    0
2    0
Name: (0, 4, 14, 6, 11), dtype: int64
16000, 	 0.4667, 	 -404.0285206996584, 	 (0, 4, 14, 9, 12)
0    0
1    0
2    0
Name: (0, 4, 14, 9, 12), dtype: int64
17000, 	 0.4333, 	 -406.3030402312264, 	 (0, 4, 12, 13, 13)
0    0
1    0
2    0
Name: (0, 4, 12, 13, 13), dtype: int64
18000, 	 0.4000, 	 -419.93157101222573, 	 (0, 4, 13, 3, 6)
0    0
1    0
2    0
Name: (0, 4, 13, 3, 6), dtype: int64
19000, 	 0.3667, 	 -409.4249848164957, 	 (0, 5, 14, 9, 4)
0    0
1    0
2    0
Name: (0, 5, 14, 9, 4), dtype: int64
20000, 	 0.3333, 	 -404.3356442718059, 	 (0, 5, 14, 8, 10)
0    0
1    0
2    0
Name: (0, 5, 14, 8, 10), dtype: int64
21000, 	 0.3000, 	 -421.3658138272406, 	 (0, 5, 14, 5, 10)
0    0
1    0
2    0
Name: (0, 5, 14, 5, 10), dtype: int64
22000, 	 0.2667, 	 -404.78682012393267, 	 (0, 4, 14, 8, 11)
0    0
1    0
2    0
Name: (0, 4, 14, 8, 11), dtype: int64
23000, 	 0.2333, 	 -411.1213093023037, 	 (0, 4, 14, 8, 4)
0    0
1    0
2    0
Name: (0, 4, 14, 8, 4), dtype: int64
24000, 	 0.2000, 	 -402.2582626336771, 	 (0, 4, 14, 9, 7)
0    0
1    0
2    0
Name: (0, 4, 14, 9, 7), dtype: int64
25000, 	 0.1667, 	 -430.6840432337144, 	 (0, 4, 9, 1, 10)
0    0
1    0
2    0
Name: (0, 4, 9, 1, 10), dtype: int64
26000, 	 0.1333, 	 -400.8961740162359, 	 (0, 4, 13, 12, 9)
0    0
1    0
2    0
Name: (0, 4, 13, 12, 9), dtype: int64
27000, 	 0.1000, 	 -373.8477292412607, 	 (0, 5, 4, 13, 4)
0    0
1    0
2    0
Name: (0, 5, 4, 13, 4), dtype: int64
28000, 	 0.0667, 	 -349.5052544854428, 	 (0, 5, 4, 1, 6)
0    0
1    0
2    0
Name: (0, 5, 4, 1, 6), dtype: int64
29000, 	 0.0333, 	 89.19998570700314, 	 (3, 6, 14, 5, 0)
0    0
1    0
2    0
Name: (3, 6, 14, 5, 0), dtype: int64
30000, 	 0.0010, 	 58.415365714708194, 	 (3, 5, 14, 10, 15)
0   -1
1    0
2    0
Name: (3, 5, 14, 10, 15), dtype: int64
31000, 	 0.0010, 	 86.900627187163, 	 (2, 6, 13, 11, 0)
0    0
1    0
2    0
Name: (2, 6, 13, 11, 0), dtype: int64
32000, 	 0.0010, 	 83.40670846464288, 	 (2, 4, 13, 11, 15)
0   -44
1   -33
2     0
Name: (2, 4, 13, 11, 15), dtype: int64
33000, 	 0.0010, 	 62.34452152229355, 	 (2, 5, 14, 8, 0)
0   -3
1    0
2    0
Name: (2, 5, 14, 8, 0), dtype: int64
34000, 	 0.0010, 	 108.446346893519, 	 (3, 6, 12, 2, 0)
0    0
1    0
2    0
Name: (3, 6, 12, 2, 0), dtype: int64
35000, 	 0.0010, 	 94.27028699447392, 	 (3, 4, 14, 9, 15)
0   -1
1    0
2    0
Name: (3, 4, 14, 9, 15), dtype: int64
36000, 	 0.0010, 	 92.93122714804545, 	 (3, 5, 13, 12, 15)
0   -1
1    0
2    0
Name: (3, 5, 13, 12, 15), dtype: int64
37000, 	 0.0010, 	 70.7071591099113, 	 (2, 5, 13, 12, 15)
0   -14
1     0
2     0
Name: (2, 5, 13, 12, 15), dtype: int64
38000, 	 0.0010, 	 30.175385928377494, 	 (2, 5, 14, 5, 0)
0   -4
1   -1
2    0
Name: (2, 5, 14, 5, 0), dtype: int64
39000, 	 0.0010, 	 27.55232462909585, 	 (3, 4, 13, 11, 15)
0    0
1    0
2    0
Name: (3, 4, 13, 11, 15), dtype: int64
40000, 	 0.0010, 	 25.110906133805745, 	 (3, 4, 14, 10, 15)
0   -2
1   -3
2    0
Name: (3, 4, 14, 10, 15), dtype: int64
41000, 	 0.0010, 	 29.99133589221483, 	 (2, 4, 14, 9, 15)
0   -7
1   -4
2    0
Name: (2, 4, 14, 9, 15), dtype: int64
42000, 	 0.0010, 	 37.28766455236593, 	 (2, 4, 14, 8, 15)
0   -13
1    -4
2     0
Name: (2, 4, 14, 8, 15), dtype: int64
43000, 	 0.0010, 	 39.09745369131704, 	 (3, 5, 14, 6, 0)
0   -1
1    0
2    0
Name: (3, 5, 14, 6, 0), dtype: int64
44000, 	 0.0010, 	 45.88349584391866, 	 (3, 6, 14, 6, 0)
0    0
1    0
2    0
Name: (3, 6, 14, 6, 0), dtype: int64
45000, 	 0.0010, 	 31.938691607849574, 	 (3, 4, 13, 11, 15)
0    0
1    0
2    0
Name: (3, 4, 13, 11, 15), dtype: int64
46000, 	 0.0010, 	 76.243434500409, 	 (3, 5, 14, 7, 15)
0    0
1    0
2    0
Name: (3, 5, 14, 7, 15), dtype: int64
47000, 	 0.0010, 	 101.87957642102687, 	 (3, 4, 14, 9, 15)
0   -1
1    0
2    0
Name: (3, 4, 14, 9, 15), dtype: int64
48000, 	 0.0010, 	 137.71149929361135, 	 (2, 5, 14, 9, 15)
0   -2
1    0
2    0
Name: (2, 5, 14, 9, 15), dtype: int64
49000, 	 0.0010, 	 22.55374139527376, 	 (3, 4, 12, 13, 15)
0    0
1    0
2    0
Name: (3, 4, 12, 13, 15), dtype: int64
50000, 	 0.0010, 	 86.08497955216515, 	 (2, 4, 14, 11, 15)
0   -55
1     0
2   -18
Name: (2, 4, 14, 11, 15), dtype: int64
51000, 	 0.0010, 	 61.64400715776498, 	 (2, 4, 13, 12, 15)
0   -18
1   -11
2     0
Name: (2, 4, 13, 12, 15), dtype: int64
52000, 	 0.0010, 	 45.6126570006737, 	 (2, 5, 14, 8, 0)
0   -2
1   -1
2    0
Name: (2, 5, 14, 8, 0), dtype: int64
53000, 	 0.0010, 	 47.26935795349311, 	 (2, 6, 14, 8, 0)
0    0
1    0
2    0
Name: (2, 6, 14, 8, 0), dtype: int64
54000, 	 0.0010, 	 79.27493821079, 	 (2, 4, 13, 12, 15)
0   -18
1    -8
2     0
Name: (2, 4, 13, 12, 15), dtype: int64
55000, 	 0.0010, 	 56.529694401933334, 	 (2, 4, 13, 11, 15)
0   -44
1   -26
2     0
Name: (2, 4, 13, 11, 15), dtype: int64
56000, 	 0.0010, 	 93.94660920718371, 	 (3, 6, 14, 6, 0)
0    0
1    0
2    0
Name: (3, 6, 14, 6, 0), dtype: int64
57000, 	 0.0010, 	 92.8086495508207, 	 (3, 4, 13, 12, 15)
0   -2
1   -1
2    0
Name: (3, 4, 13, 12, 15), dtype: int64
58000, 	 0.0010, 	 69.36028143832891, 	 (3, 4, 14, 10, 15)
0   -3
1   -3
2    0
Name: (3, 4, 14, 10, 15), dtype: int64
59000, 	 0.0010, 	 54.221044390461735, 	 (2, 5, 14, 8, 15)
0   -1
1    0
2    0
Name: (2, 5, 14, 8, 15), dtype: int64
60000, 	 0.0010, 	 21.414081774286636, 	 (3, 4, 14, 10, 15)
0   -2
1   -2
2    0
Name: (3, 4, 14, 10, 15), dtype: int64
finished
Elapsed time 3364.3532700538635
