0, 	 1.0000, 	 -402.0354415379884, 	 (20, 6, 14, 7, 5), 	 8
Qmax 0
1000, 	 1.0000, 	 6.398103408700379, 	 (1, 4, 14, 10, 0), 	 7
2000, 	 1.0000, 	 -401.1730108166244, 	 (0, 4, 14, 5, 5), 	 19
3000, 	 1.0000, 	 7.583296804879826, 	 (10, 5, 14, 7, 0), 	 8
4000, 	 1.0000, 	 -401.51411077066155, 	 (0, 4, 14, 10, 4), 	 4
5000, 	 1.0000, 	 -399.3368162762628, 	 (0, 4, 13, 4, 15), 	 4
6000, 	 1.0000, 	 -400.57387893879616, 	 (20, 6, 10, 14, 8), 	 15
7000, 	 1.0000, 	 -369.7996420798162, 	 (20, 6, 3, 2, 11), 	 27
8000, 	 1.0000, 	 -387.76589926504863, 	 (20, 6, 12, 13, 0), 	 11
9000, 	 1.0000, 	 -404.5859097730219, 	 (0, 4, 14, 7, 9), 	 30
10000, 	 1.0000, 	 -400.43992032392424, 	 (0, 4, 12, 3, 5), 	 9
Qmax 14
11000, 	 0.9586, 	 -392.352439004546, 	 (0, 3, 8, 1, 8), 	 14
12000, 	 0.9208, 	 -382.330172969419, 	 (0, 3, 12, 13, 15), 	 18
13000, 	 0.8860, 	 -398.62639251851573, 	 (20, 7, 14, 11, 4), 	 16
14000, 	 0.8538, 	 -399.19722968369985, 	 (0, 3, 14, 4, 8), 	 12
15000, 	 0.8239, 	 -398.40011052106087, 	 (0, 3, 13, 4, 12), 	 15
16000, 	 0.7959, 	 30.00815074804216, 	 (13, 6, 14, 5, 0), 	 33
17000, 	 0.7695, 	 -394.353754113369, 	 (0, 4, 14, 10, 15), 	 25
18000, 	 0.7447, 	 -398.95090887722233, 	 (0, 3, 14, 11, 15), 	 10
19000, 	 0.7212, 	 -390.94980686577475, 	 (0, 4, 7, 14, 8), 	 29
20000, 	 0.6989, 	 -394.09373121349137, 	 (0, 4, 8, 1, 10), 	 30
Qmax 19
21000, 	 0.6778, 	 -396.63226333457703, 	 (20, 6, 8, 14, 13), 	 10
22000, 	 0.6576, 	 -402.563319186586, 	 (0, 4, 14, 7, 12), 	 17
23000, 	 0.6383, 	 -401.18096448103455, 	 (0, 5, 14, 7, 11), 	 6
24000, 	 0.6198, 	 -401.3629745361958, 	 (0, 5, 14, 8, 13), 	 7
25000, 	 0.6020, 	 -398.9937017078691, 	 (0, 4, 9, 14, 14), 	 8
26000, 	 0.5850, 	 -399.64043320727524, 	 (0, 5, 9, 14, 8), 	 15
27000, 	 0.5686, 	 2.9979655012883066, 	 (4, 5, 13, 3, 0), 	 7
28000, 	 0.5528, 	 -401.8227100570503, 	 (0, 4, 14, 5, 4), 	 14
29000, 	 0.5376, 	 -390.739784157033, 	 (0, 3, 9, 1, 12), 	 18
30000, 	 0.5229, 	 -405.3784711986039, 	 (20, 7, 13, 3, 2), 	 28
Qmax 21
31000, 	 0.5086, 	 -400.79773473618343, 	 (0, 4, 13, 12, 12), 	 8
32000, 	 0.4948, 	 -403.42244480050795, 	 (0, 5, 11, 14, 5), 	 31
33000, 	 0.4815, 	 -357.15946007612325, 	 (0, 3, 13, 3, 6), 	 51
34000, 	 0.4685, 	 2.986969670713422, 	 (8, 3, 14, 9, 15), 	 6
35000, 	 0.4559, 	 -356.96811770676453, 	 (0, 4, 1, 4, 11), 	 40
36000, 	 0.4437, 	 -366.5519384905412, 	 (20, 6, 14, 5, 0), 	 35
37000, 	 0.4318, 	 -398.18080428949395, 	 (0, 4, 4, 14, 4), 	 2
38000, 	 0.4202, 	 -417.3907541122076, 	 (0, 5, 14, 9, 8), 	 50
39000, 	 0.4089, 	 -379.032728650968, 	 (0, 5, 8, 1, 14), 	 30
40000, 	 0.3979, 	 -385.2395729039574, 	 (0, 4, 10, 1, 14), 	 21
Qmax 17
41000, 	 0.3872, 	 -399.5878038101367, 	 (0, 4, 12, 2, 6), 	 15
42000, 	 0.3767, 	 8.122461037216079, 	 (3, 5, 14, 8, 0), 	 9
43000, 	 0.3665, 	 -390.07869005203816, 	 (0, 4, 8, 1, 2), 	 26
44000, 	 0.3565, 	 -400.7372469424989, 	 (20, 6, 11, 13, 8), 	 10
45000, 	 0.3468, 	 9.53329025742906, 	 (13, 5, 13, 12, 15), 	 11
46000, 	 0.3372, 	 6.258937111140018, 	 (8, 6, 14, 10, 0), 	 6
47000, 	 0.3279, 	 -398.6496812373633, 	 (0, 4, 13, 4, 14), 	 6
48000, 	 0.3187, 	 -382.34998484639897, 	 (20, 7, 3, 2, 13), 	 10
49000, 	 0.3098, 	 -396.891317494203, 	 (0, 3, 11, 14, 5), 	 8
50000, 	 0.3010, 	 -402.05219307687764, 	 (0, 5, 14, 7, 12), 	 7
Qmax 16
51000, 	 0.2924, 	 -345.45206832907877, 	 (20, 6, 1, 8, 8), 	 80
52000, 	 0.2840, 	 -323.2893249179613, 	 (20, 6, 13, 12, 15), 	 83
53000, 	 0.2757, 	 -401.726621872964, 	 (0, 4, 14, 5, 3), 	 7
54000, 	 0.2676, 	 48.667969510116514, 	 (7, 4, 14, 7, 0), 	 117
55000, 	 0.2596, 	 7.700915398327554, 	 (7, 5, 14, 10, 0), 	 7
56000, 	 0.2518, 	 29.675784371219592, 	 (6, 4, 14, 10, 15), 	 21
57000, 	 0.2441, 	 -399.6677219910793, 	 (0, 3, 14, 8, 4), 	 11
58000, 	 0.2366, 	 29.369696429410546, 	 (5, 5, 14, 10, 15), 	 46
59000, 	 0.2291, 	 18.059145378374424, 	 (2, 6, 13, 3, 0), 	 92
60000, 	 0.2218, 	 -404.6166190113637, 	 (0, 5, 13, 4, 8), 	 188
Qmax 15
61000, 	 0.2147, 	 -394.45709529863024, 	 (0, 4, 14, 6, 3), 	 25
62000, 	 0.2076, 	 -388.3921176632191, 	 (0, 4, 14, 5, 3), 	 27
63000, 	 0.2007, 	 -391.36112637794076, 	 (0, 4, 11, 2, 15), 	 9
64000, 	 0.1938, 	 33.28713617674278, 	 (6, 5, 14, 6, 0), 	 37
65000, 	 0.1871, 	 -393.5344705727468, 	 (0, 3, 10, 14, 15), 	 13
66000, 	 0.1804, 	 76.43604461216191, 	 (5, 5, 14, 8, 15), 	 277
67000, 	 0.1739, 	 4.031343876341929, 	 (6, 5, 14, 7, 15), 	 6
68000, 	 0.1675, 	 -410.45925531956686, 	 (0, 4, 14, 7, 15), 	 139
69000, 	 0.1611, 	 3.2757897002349887, 	 (8, 5, 14, 5, 0), 	 6
70000, 	 0.1549, 	 -396.92891322781804, 	 (0, 4, 14, 9, 2), 	 10
Qmax 14
71000, 	 0.1487, 	 100.2592419269566, 	 (6, 5, 14, 7, 15), 	 92
72000, 	 0.1427, 	 8.006666909855195, 	 (4, 4, 14, 6, 15), 	 8
73000, 	 0.1367, 	 -386.6259091824851, 	 (20, 6, 12, 12, 0), 	 11
74000, 	 0.1308, 	 -425.85705066533734, 	 (0, 5, 14, 5, 1), 	 206
75000, 	 0.1249, 	 18.275490843431403, 	 (7, 5, 13, 12, 0), 	 19
76000, 	 0.1192, 	 66.30844448082102, 	 (5, 5, 14, 9, 0), 	 198
77000, 	 0.1135, 	 -401.24912574417675, 	 (0, 4, 13, 12, 8), 	 9
78000, 	 0.1079, 	 64.79576733949136, 	 (8, 5, 14, 9, 0), 	 142
79000, 	 0.1024, 	 19.171642282586724, 	 (4, 5, 14, 11, 0), 	 22
80000, 	 0.1000, 	 29.824244864077478, 	 (5, 5, 14, 7, 0), 	 28
Qmax 14
81000, 	 0.1000, 	 28.029185851202786, 	 (5, 5, 14, 6, 0), 	 28
82000, 	 0.1000, 	 -424.72927147037416, 	 (0, 4, 13, 12, 8), 	 101
83000, 	 0.1000, 	 -402.4806119924616, 	 (0, 4, 14, 4, 5), 	 15
84000, 	 0.1000, 	 30.636333053576717, 	 (6, 5, 14, 9, 15), 	 47
85000, 	 0.1000, 	 203.28339248486722, 	 (1, 5, 14, 10, 0), 	 232
86000, 	 0.1000, 	 -406.42977307872434, 	 (0, 5, 14, 5, 5), 	 33
87000, 	 0.1000, 	 -445.3544327457801, 	 (0, 4, 14, 10, 9), 	 135
88000, 	 0.1000, 	 30.331526496298427, 	 (4, 5, 14, 5, 0), 	 208
89000, 	 0.1000, 	 -401.41072962843623, 	 (0, 4, 14, 10, 6), 	 9
90000, 	 0.1000, 	 12.895153605673125, 	 (5, 5, 14, 8, 15), 	 12
Qmax 14
91000, 	 0.1000, 	 -303.3224278538819, 	 (0, 4, 6, 14, 9), 	 141
92000, 	 0.1000, 	 106.5780930428901, 	 (5, 5, 14, 7, 0), 	 139
93000, 	 0.1000, 	 4.337496152056224, 	 (6, 5, 14, 8, 0), 	 6
94000, 	 0.1000, 	 8.61766511310006, 	 (1, 5, 14, 7, 0), 	 11
95000, 	 0.1000, 	 25.045005190788057, 	 (6, 5, 13, 3, 0), 	 27
96000, 	 0.1000, 	 7.62159825128366, 	 (7, 4, 14, 6, 0), 	 8
97000, 	 0.1000, 	 -289.80227615694065, 	 (0, 4, 7, 14, 9), 	 218
98000, 	 0.1000, 	 -373.53227422141276, 	 (0, 4, 9, 1, 2), 	 46
99000, 	 0.1000, 	 31.449114280716188, 	 (4, 5, 14, 8, 0), 	 20
100000, 	 0.1000, 	 74.69418322171119, 	 (4, 5, 14, 7, 0), 	 96
Qmax 13
101000, 	 0.1000, 	 -393.7438573843174, 	 (0, 5, 14, 7, 0), 	 11
102000, 	 0.1000, 	 86.45991010109157, 	 (6, 4, 14, 11, 0), 	 167
103000, 	 0.1000, 	 -377.62964431465264, 	 (0, 4, 7, 14, 10), 	 46
104000, 	 0.1000, 	 -401.615125064904, 	 (0, 5, 14, 9, 3), 	 9
105000, 	 0.1000, 	 52.646478077503346, 	 (4, 4, 14, 9, 15), 	 69
106000, 	 0.1000, 	 22.802451877052533, 	 (4, 5, 13, 3, 0), 	 19
107000, 	 0.1000, 	 14.060739424947682, 	 (3, 5, 14, 9, 0), 	 19
108000, 	 0.1000, 	 -401.35303694797517, 	 (0, 4, 13, 3, 4), 	 176
109000, 	 0.1000, 	 17.151662997766515, 	 (3, 5, 14, 9, 0), 	 13
110000, 	 0.1000, 	 63.59699117530254, 	 (4, 4, 13, 11, 15), 	 54
Qmax 13
111000, 	 0.1000, 	 26.154645278446466, 	 (4, 5, 11, 2, 0), 	 48
112000, 	 0.1000, 	 -327.9329774546973, 	 (0, 4, 8, 14, 15), 	 122
113000, 	 0.1000, 	 21.90470980520686, 	 (6, 5, 13, 12, 0), 	 22
114000, 	 0.1000, 	 17.34628457505974, 	 (5, 5, 14, 7, 15), 	 22
115000, 	 0.1000, 	 21.57977497723817, 	 (4, 5, 14, 10, 0), 	 24
116000, 	 0.1000, 	 75.46511498973655, 	 (5, 5, 14, 9, 0), 	 103
117000, 	 0.1000, 	 -402.00395425874876, 	 (0, 5, 11, 13, 8), 	 113
118000, 	 0.1000, 	 -356.58459260893335, 	 (0, 3, 6, 1, 9), 	 45
119000, 	 0.1000, 	 108.92503938384843, 	 (4, 4, 14, 10, 15), 	 115
120000, 	 0.1000, 	 37.947429610288424, 	 (3, 4, 14, 5, 0), 	 33
Qmax 12
121000, 	 0.1000, 	 -430.10758209359506, 	 (0, 5, 14, 11, 9), 	 80
122000, 	 0.1000, 	 1.3343414305860881, 	 (4, 5, 14, 11, 15), 	 6
123000, 	 0.1000, 	 -406.4391678401885, 	 (0, 4, 14, 7, 7), 	 21
124000, 	 0.1000, 	 20.299112281643723, 	 (4, 4, 14, 11, 15), 	 17
125000, 	 0.1000, 	 8.170476144401334, 	 (5, 5, 14, 8, 15), 	 9
126000, 	 0.1000, 	 47.502678610671275, 	 (3, 4, 14, 8, 0), 	 50
127000, 	 0.1000, 	 29.596087405874517, 	 (6, 5, 14, 9, 0), 	 29
128000, 	 0.1000, 	 54.20373497163419, 	 (17, 4, 13, 12, 15), 	 97
129000, 	 0.1000, 	 61.52147855209282, 	 (3, 4, 14, 11, 15), 	 84
130000, 	 0.1000, 	 -395.9262830396292, 	 (0, 4, 7, 14, 7), 	 10
Qmax 12
131000, 	 0.1000, 	 -302.684440083961, 	 (20, 7, 14, 11, 0), 	 130
132000, 	 0.1000, 	 -422.4647808958403, 	 (0, 5, 14, 7, 10), 	 93
133000, 	 0.1000, 	 45.02277018739618, 	 (4, 5, 14, 9, 0), 	 47
134000, 	 0.1000, 	 25.910712090211103, 	 (7, 5, 14, 10, 0), 	 27
135000, 	 0.1000, 	 -378.63778285396194, 	 (0, 4, 11, 2, 1), 	 32
136000, 	 0.1000, 	 101.88463811504663, 	 (5, 4, 14, 9, 15), 	 94
137000, 	 0.1000, 	 42.1069706557749, 	 (4, 5, 13, 12, 15), 	 108
138000, 	 0.1000, 	 32.43467635393963, 	 (5, 5, 14, 8, 15), 	 31
139000, 	 0.1000, 	 -366.99439697317615, 	 (0, 5, 3, 13, 10), 	 49
140000, 	 0.1000, 	 -396.6899682501822, 	 (0, 3, 3, 13, 13), 	 8
Qmax 12
141000, 	 0.1000, 	 73.95523456583206, 	 (4, 4, 14, 9, 15), 	 69
142000, 	 0.1000, 	 -395.73923667265734, 	 (0, 3, 14, 8, 0), 	 8
143000, 	 0.1000, 	 17.19226675611695, 	 (4, 4, 14, 9, 15), 	 15
144000, 	 0.1000, 	 -320.9565288768373, 	 (0, 4, 7, 14, 12), 	 222
145000, 	 0.1000, 	 -382.5435230412461, 	 (0, 4, 1, 8, 2), 	 23
146000, 	 0.1000, 	 94.93588343857391, 	 (4, 5, 14, 8, 0), 	 146
147000, 	 0.1000, 	 33.94079612850298, 	 (3, 5, 14, 9, 0), 	 174
148000, 	 0.1000, 	 41.822055549716424, 	 (4, 4, 14, 9, 0), 	 34
149000, 	 0.1000, 	 -503.57055683718625, 	 (0, 5, 14, 5, 4), 	 412
150000, 	 0.1000, 	 -394.9122911786145, 	 (0, 4, 8, 14, 5), 	 9
Qmax 12
151000, 	 0.1000, 	 4.281004958534876, 	 (6, 5, 14, 7, 0), 	 6
152000, 	 0.1000, 	 100.12927355232787, 	 (8, 4, 13, 12, 0), 	 93
153000, 	 0.1000, 	 77.39659170606095, 	 (14, 5, 14, 8, 0), 	 85
154000, 	 0.1000, 	 -379.1599322012932, 	 (0, 3, 11, 14, 15), 	 29
155000, 	 0.1000, 	 29.159808460415682, 	 (5, 4, 14, 7, 15), 	 20
156000, 	 0.1000, 	 36.55708387633324, 	 (1, 4, 14, 6, 0), 	 163
157000, 	 0.1000, 	 -402.05303106352346, 	 (0, 4, 14, 6, 11), 	 6
158000, 	 0.1000, 	 -508.0579941642126, 	 (0, 4, 13, 12, 9), 	 477
159000, 	 0.1000, 	 95.88896154106139, 	 (4, 5, 14, 4, 0), 	 122
160000, 	 0.1000, 	 75.18478384905144, 	 (2, 5, 14, 8, 0), 	 146
Qmax 12
161000, 	 0.1000, 	 119.89555531367586, 	 (7, 4, 14, 8, 0), 	 305
162000, 	 0.1000, 	 50.19361864716243, 	 (5, 4, 14, 7, 0), 	 39
163000, 	 0.1000, 	 -323.9596278657383, 	 (20, 7, 13, 3, 15), 	 116
164000, 	 0.1000, 	 28.251804803087026, 	 (7, 4, 14, 10, 0), 	 28
165000, 	 0.1000, 	 -380.49127706091167, 	 (0, 4, 1, 5, 4), 	 19
166000, 	 0.1000, 	 90.40508133464232, 	 (3, 4, 13, 12, 0), 	 383
167000, 	 0.1000, 	 5.948687468145779, 	 (6, 4, 14, 10, 0), 	 6
168000, 	 0.1000, 	 -339.9391695323908, 	 (0, 4, 2, 3, 3), 	 115
169000, 	 0.1000, 	 72.69273779845823, 	 (5, 5, 14, 8, 0), 	 89
170000, 	 0.1000, 	 -391.7809438124873, 	 (0, 4, 1, 4, 2), 	 12
Qmax 12
171000, 	 0.1000, 	 -373.3828597355718, 	 (0, 3, 14, 4, 10), 	 39
172000, 	 0.1000, 	 -394.17286308785697, 	 (0, 5, 9, 14, 12), 	 14
173000, 	 0.1000, 	 -401.11855287148006, 	 (0, 4, 14, 6, 4), 	 11
174000, 	 0.1000, 	 54.55675895015629, 	 (3, 5, 13, 12, 0), 	 78
175000, 	 0.1000, 	 46.59071483341147, 	 (5, 5, 14, 6, 0), 	 55
176000, 	 0.1000, 	 20.964080340957125, 	 (8, 5, 14, 7, 0), 	 22
177000, 	 0.1000, 	 61.35158986441203, 	 (5, 5, 14, 9, 0), 	 95
178000, 	 0.1000, 	 14.547407268339045, 	 (3, 5, 13, 12, 0), 	 18
179000, 	 0.1000, 	 30.150995289730126, 	 (5, 5, 14, 6, 0), 	 50
180000, 	 0.1000, 	 -387.93592317168634, 	 (0, 3, 10, 1, 10), 	 91
Qmax 12
181000, 	 0.1000, 	 -411.50049914913944, 	 (0, 5, 14, 9, 6), 	 40
182000, 	 0.1000, 	 64.77237388773732, 	 (4, 5, 14, 6, 0), 	 440
183000, 	 0.1000, 	 15.587970625337974, 	 (4, 5, 14, 7, 0), 	 183
184000, 	 0.1000, 	 162.346346634036, 	 (10, 6, 14, 8, 0), 	 244
185000, 	 0.1000, 	 -441.3934187168306, 	 (0, 4, 14, 7, 11), 	 121
186000, 	 0.1000, 	 -389.585653290541, 	 (0, 4, 5, 1, 11), 	 8
187000, 	 0.1000, 	 89.19431094871918, 	 (3, 4, 14, 6, 0), 	 120
188000, 	 0.1000, 	 65.12806827451172, 	 (4, 5, 14, 6, 0), 	 98
189000, 	 0.1000, 	 106.16614688089865, 	 (4, 5, 14, 8, 0), 	 156
190000, 	 0.1000, 	 59.80367649435316, 	 (5, 5, 13, 3, 0), 	 137
Qmax 12
191000, 	 0.1000, 	 20.110720338451074, 	 (5, 4, 14, 7, 15), 	 17
192000, 	 0.1000, 	 14.320112845333922, 	 (5, 4, 14, 10, 0), 	 11
193000, 	 0.1000, 	 74.05015238666941, 	 (5, 5, 14, 6, 0), 	 104
194000, 	 0.1000, 	 -175.74779200835405, 	 (0, 4, 6, 1, 0), 	 312
195000, 	 0.1000, 	 5.527655044880168, 	 (2, 4, 14, 6, 0), 	 8
196000, 	 0.1000, 	 434.66916393303893, 	 (4, 5, 14, 7, 0), 	 602
197000, 	 0.1000, 	 11.389273637182432, 	 (3, 4, 14, 7, 0), 	 11
198000, 	 0.1000, 	 -394.91201726542835, 	 (0, 5, 4, 1, 0), 	 11
199000, 	 0.1000, 	 32.84828509464397, 	 (10, 4, 14, 7, 15), 	 31
200000, 	 0.1000, 	 27.887469616414666, 	 (4, 4, 14, 10, 0), 	 18
Qmax 12
201000, 	 0.1000, 	 -264.37613343307186, 	 (0, 4, 14, 7, 0), 	 158
202000, 	 0.1000, 	 65.98546096129103, 	 (4, 5, 14, 5, 0), 	 93
203000, 	 0.1000, 	 35.821130535055204, 	 (5, 5, 14, 6, 0), 	 23
204000, 	 0.1000, 	 2.940199522221088, 	 (6, 4, 13, 3, 0), 	 7
205000, 	 0.1000, 	 -361.3679807966415, 	 (0, 4, 7, 14, 15), 	 62
206000, 	 0.1000, 	 28.42271432413637, 	 (6, 4, 14, 6, 15), 	 28
207000, 	 0.1000, 	 65.00507290921063, 	 (2, 4, 12, 13, 15), 	 201
208000, 	 0.1000, 	 -394.85013630004, 	 (0, 4, 12, 2, 0), 	 11
209000, 	 0.1000, 	 16.496196995637774, 	 (5, 4, 14, 10, 15), 	 277
210000, 	 0.1000, 	 21.243926397363648, 	 (3, 5, 14, 8, 0), 	 16
Qmax 12
211000, 	 0.1000, 	 62.38729426657659, 	 (4, 4, 11, 13, 0), 	 120
212000, 	 0.1000, 	 -410.3617565807575, 	 (0, 4, 14, 11, 8), 	 37
213000, 	 0.1000, 	 43.929072948635, 	 (5, 4, 14, 9, 15), 	 106
214000, 	 0.1000, 	 -385.59579064670703, 	 (0, 5, 4, 2, 2), 	 29
215000, 	 0.1000, 	 24.402496079256686, 	 (9, 4, 14, 10, 15), 	 43
216000, 	 0.1000, 	 12.758325451782081, 	 (3, 5, 14, 8, 0), 	 11
217000, 	 0.1000, 	 25.85789006165746, 	 (5, 5, 14, 8, 15), 	 38
218000, 	 0.1000, 	 193.3462253569373, 	 (5, 3, 14, 9, 15), 	 237
219000, 	 0.1000, 	 14.945455037750715, 	 (3, 5, 14, 7, 0), 	 13
220000, 	 0.1000, 	 48.17953588015412, 	 (3, 6, 14, 5, 15), 	 55
Qmax 12
221000, 	 0.1000, 	 4.587709868378235, 	 (5, 5, 14, 9, 0), 	 6
222000, 	 0.1000, 	 -397.4924928270455, 	 (0, 4, 5, 14, 13), 	 8
223000, 	 0.1000, 	 21.795666366417876, 	 (4, 5, 14, 8, 0), 	 25
224000, 	 0.1000, 	 4.452676838144924, 	 (4, 5, 13, 4, 0), 	 9
225000, 	 0.1000, 	 23.898831706451897, 	 (5, 6, 14, 9, 0), 	 16
226000, 	 0.1000, 	 -336.00329121946663, 	 (0, 3, 2, 12, 1), 	 108
227000, 	 0.1000, 	 7.62587597940496, 	 (2, 5, 14, 6, 0), 	 9
228000, 	 0.1000, 	 6.608661900972588, 	 (2, 5, 14, 5, 0), 	 9
229000, 	 0.1000, 	 75.75025673448354, 	 (4, 5, 14, 6, 0), 	 81
230000, 	 0.1000, 	 11.862300085267304, 	 (5, 5, 14, 9, 0), 	 10
Qmax 12
231000, 	 0.1000, 	 -399.17442657756067, 	 (0, 4, 12, 12, 5), 	 106
232000, 	 0.1000, 	 -378.0066139820633, 	 (0, 4, 14, 11, 8), 	 155
233000, 	 0.1000, 	 -392.91935235525887, 	 (0, 5, 12, 13, 14), 	 13
234000, 	 0.1000, 	 -388.47601373625724, 	 (0, 4, 4, 1, 3), 	 161
235000, 	 0.1000, 	 48.51837773589387, 	 (4, 5, 14, 7, 0), 	 39
236000, 	 0.1000, 	 -380.72024278541426, 	 (0, 3, 14, 9, 15), 	 67
237000, 	 0.1000, 	 85.0117394091805, 	 (5, 5, 13, 11, 0), 	 76
238000, 	 0.1000, 	 6.852362879081975, 	 (5, 5, 14, 9, 0), 	 7
239000, 	 0.1000, 	 4.235842388999855, 	 (4, 5, 14, 10, 0), 	 6
240000, 	 0.1000, 	 3.3323581178838975, 	 (4, 5, 13, 4, 15), 	 5
Qmax 11
241000, 	 0.1000, 	 6.1031457455198845, 	 (4, 5, 14, 5, 0), 	 9
242000, 	 0.1000, 	 -400.37206578842745, 	 (0, 4, 11, 14, 9), 	 9
243000, 	 0.1000, 	 -397.4474010188524, 	 (0, 5, 14, 11, 0), 	 11
244000, 	 0.1000, 	 50.92937221248485, 	 (3, 5, 14, 6, 0), 	 166
245000, 	 0.1000, 	 45.21795279617027, 	 (4, 4, 14, 8, 15), 	 59
246000, 	 0.1000, 	 -437.4939116182813, 	 (0, 5, 13, 12, 13), 	 190
247000, 	 0.1000, 	 58.21501986963451, 	 (2, 5, 14, 8, 0), 	 54
248000, 	 0.1000, 	 -488.27525124515927, 	 (0, 4, 14, 5, 13), 	 481
249000, 	 0.1000, 	 -379.6636614444399, 	 (0, 3, 13, 12, 15), 	 17
250000, 	 0.1000, 	 -434.4745187753654, 	 (0, 4, 14, 9, 10), 	 95
Qmax 11
251000, 	 0.1000, 	 -399.6198040444144, 	 (0, 4, 13, 4, 0), 	 9
252000, 	 0.1000, 	 -350.36204436811465, 	 (0, 4, 11, 2, 10), 	 132
253000, 	 0.1000, 	 86.59192368971088, 	 (3, 5, 14, 8, 0), 	 153
254000, 	 0.1000, 	 -411.898175472219, 	 (0, 5, 12, 3, 3), 	 164
255000, 	 0.1000, 	 153.00076366450608, 	 (4, 5, 14, 4, 0), 	 189
256000, 	 0.1000, 	 76.9820778965161, 	 (6, 5, 14, 4, 0), 	 102
257000, 	 0.1000, 	 22.588664362748965, 	 (7, 4, 14, 7, 15), 	 17
258000, 	 0.1000, 	 165.4175530692111, 	 (5, 5, 12, 2, 0), 	 363
259000, 	 0.1000, 	 -402.115054209284, 	 (0, 4, 14, 5, 3), 	 11
260000, 	 0.1000, 	 20.859417991664586, 	 (4, 5, 14, 9, 0), 	 25
Qmax 11
261000, 	 0.1000, 	 -412.66115131626924, 	 (0, 5, 14, 11, 6), 	 45
262000, 	 0.1000, 	 47.77970677587223, 	 (4, 4, 14, 7, 15), 	 53
263000, 	 0.1000, 	 104.50121181490061, 	 (4, 5, 14, 10, 0), 	 138
264000, 	 0.1000, 	 26.024633675522217, 	 (3, 5, 14, 8, 0), 	 26
265000, 	 0.1000, 	 128.85455928988975, 	 (4, 5, 14, 8, 0), 	 221
266000, 	 0.1000, 	 17.056991579600663, 	 (5, 5, 14, 8, 0), 	 13
267000, 	 0.1000, 	 -393.02430175709696, 	 (0, 4, 3, 2, 1), 	 12
268000, 	 0.1000, 	 69.06341926914777, 	 (7, 4, 14, 9, 15), 	 90
269000, 	 0.1000, 	 -400.181501882511, 	 (0, 5, 9, 14, 7), 	 35
270000, 	 0.1000, 	 75.41320104908588, 	 (5, 5, 14, 7, 0), 	 130
Qmax 11
271000, 	 0.1000, 	 42.524369404625375, 	 (4, 4, 13, 3, 0), 	 38
272000, 	 0.1000, 	 4.02541950766856, 	 (2, 5, 14, 7, 0), 	 7
273000, 	 0.1000, 	 18.950705324000733, 	 (6, 4, 14, 7, 15), 	 14
274000, 	 0.1000, 	 45.60010818117636, 	 (4, 5, 14, 6, 0), 	 37
275000, 	 0.1000, 	 -388.3764325656742, 	 (0, 5, 11, 2, 11), 	 85
276000, 	 0.1000, 	 49.28637890614095, 	 (5, 5, 14, 4, 0), 	 81
277000, 	 0.1000, 	 93.22314643698272, 	 (5, 5, 14, 9, 15), 	 182
278000, 	 0.1000, 	 70.99114214454018, 	 (4, 4, 14, 9, 15), 	 256
279000, 	 0.1000, 	 -371.0166477852633, 	 (0, 5, 14, 4, 3), 	 142
280000, 	 0.1000, 	 -345.62789458840234, 	 (0, 5, 12, 13, 15), 	 83
Qmax 11
281000, 	 0.1000, 	 9.91111926039053, 	 (4, 4, 14, 7, 0), 	 10
282000, 	 0.1000, 	 -381.9034486001618, 	 (0, 4, 8, 14, 13), 	 123
283000, 	 0.1000, 	 42.93586499144786, 	 (5, 5, 14, 8, 0), 	 35
284000, 	 0.1000, 	 -475.8889678952028, 	 (0, 4, 14, 8, 11), 	 273
285000, 	 0.1000, 	 27.180578911973203, 	 (4, 5, 14, 5, 0), 	 19
286000, 	 0.1000, 	 4.242668535441124, 	 (4, 5, 14, 5, 0), 	 7
287000, 	 0.1000, 	 44.17119058330458, 	 (2, 5, 14, 6, 0), 	 65
288000, 	 0.1000, 	 178.54695648568497, 	 (4, 5, 14, 7, 0), 	 240
289000, 	 0.1000, 	 -384.62505009634833, 	 (0, 4, 7, 1, 14), 	 10
290000, 	 0.1000, 	 -352.28207892131604, 	 (0, 5, 12, 13, 15), 	 55
Qmax 11
291000, 	 0.1000, 	 39.32450869525793, 	 (4, 5, 14, 8, 0), 	 46
292000, 	 0.1000, 	 59.57160495227317, 	 (9, 6, 14, 9, 0), 	 54
293000, 	 0.1000, 	 8.144908723062322, 	 (3, 5, 14, 7, 0), 	 9
294000, 	 0.1000, 	 -255.31573839913966, 	 (0, 5, 2, 3, 6), 	 145
295000, 	 0.1000, 	 15.591177054937573, 	 (5, 5, 14, 5, 0), 	 13
296000, 	 0.1000, 	 -511.66992302720524, 	 (0, 4, 14, 11, 11), 	 291
297000, 	 0.1000, 	 107.76996959692555, 	 (4, 4, 14, 7, 15), 	 187
298000, 	 0.1000, 	 -398.6465093571827, 	 (0, 3, 12, 13, 15), 	 8
299000, 	 0.1000, 	 -477.21643376588173, 	 (0, 4, 14, 8, 11), 	 318
300000, 	 0.1000, 	 101.41497186688429, 	 (3, 4, 14, 8, 15), 	 159
Qmax 11
301000, 	 0.1000, 	 -406.70571574652297, 	 (0, 5, 14, 6, 5), 	 19
302000, 	 0.1000, 	 12.663204183178353, 	 (6, 4, 12, 13, 0), 	 9
303000, 	 0.1000, 	 -331.398587520759, 	 (0, 5, 6, 14, 6), 	 241
304000, 	 0.1000, 	 26.292094042392105, 	 (4, 5, 13, 3, 0), 	 20
305000, 	 0.1000, 	 35.38568273388171, 	 (4, 5, 14, 7, 0), 	 23
306000, 	 0.1000, 	 75.98292771357642, 	 (4, 4, 14, 9, 15), 	 206
307000, 	 0.1000, 	 -409.5634082436791, 	 (0, 4, 14, 4, 13), 	 75
308000, 	 0.1000, 	 120.7168354454643, 	 (4, 5, 13, 4, 0), 	 169
309000, 	 0.1000, 	 -307.13819424819235, 	 (0, 5, 1, 6, 8), 	 122
310000, 	 0.1000, 	 -450.0000061657726, 	 (0, 4, 14, 6, 6), 	 162
Qmax 11
311000, 	 0.1000, 	 200.88827117887547, 	 (5, 5, 14, 8, 0), 	 311
312000, 	 0.1000, 	 -400.0257374389802, 	 (0, 4, 14, 10, 3), 	 10
313000, 	 0.1000, 	 13.016944879321137, 	 (4, 4, 14, 7, 0), 	 11
314000, 	 0.1000, 	 -322.1432924071937, 	 (20, 6, 14, 5, 15), 	 126
315000, 	 0.1000, 	 112.18394866046853, 	 (6, 5, 14, 10, 0), 	 191
316000, 	 0.1000, 	 47.562485261796255, 	 (4, 5, 13, 3, 0), 	 180
317000, 	 0.1000, 	 -309.57773458910856, 	 (0, 4, 9, 1, 0), 	 166
318000, 	 0.1000, 	 21.45110023724754, 	 (6, 5, 14, 8, 0), 	 15
319000, 	 0.1000, 	 -201.1455446774512, 	 (0, 4, 14, 11, 5), 	 334
320000, 	 0.1000, 	 -414.96260773806364, 	 (0, 5, 14, 9, 8), 	 39
Qmax 11
321000, 	 0.1000, 	 -432.5269558942833, 	 (0, 4, 14, 7, 7), 	 127
322000, 	 0.1000, 	 94.95679585530885, 	 (4, 5, 14, 6, 0), 	 151
323000, 	 0.1000, 	 21.16962424917668, 	 (6, 5, 14, 8, 0), 	 22
324000, 	 0.1000, 	 164.58304326554733, 	 (8, 5, 14, 7, 0), 	 229
325000, 	 0.1000, 	 56.476547034669366, 	 (4, 4, 14, 10, 0), 	 102
326000, 	 0.1000, 	 95.33039117712778, 	 (5, 5, 14, 7, 0), 	 125
327000, 	 0.1000, 	 -343.56241910340447, 	 (0, 4, 14, 7, 3), 	 74
328000, 	 0.1000, 	 81.97881126945357, 	 (5, 4, 14, 9, 0), 	 104
329000, 	 0.1000, 	 -386.43971327104316, 	 (0, 4, 6, 14, 10), 	 88
330000, 	 0.1000, 	 32.58021307123817, 	 (3, 5, 13, 3, 0), 	 98
Qmax 11
331000, 	 0.1000, 	 58.87106445605752, 	 (3, 5, 14, 7, 0), 	 99
332000, 	 0.1000, 	 76.37307353718748, 	 (5, 5, 14, 5, 0), 	 119
333000, 	 0.1000, 	 49.590470459941656, 	 (4, 5, 14, 8, 0), 	 52
334000, 	 0.1000, 	 -406.82592469222243, 	 (0, 4, 14, 8, 12), 	 27
335000, 	 0.1000, 	 -412.12782418793654, 	 (0, 5, 14, 7, 4), 	 52
336000, 	 0.1000, 	 81.1491730632181, 	 (5, 5, 14, 10, 0), 	 88
337000, 	 0.1000, 	 53.7900337595401, 	 (1, 5, 14, 4, 0), 	 57
338000, 	 0.1000, 	 -377.09624116130396, 	 (0, 5, 13, 4, 15), 	 66
339000, 	 0.1000, 	 26.94327305073659, 	 (5, 5, 13, 3, 0), 	 58
340000, 	 0.1000, 	 -386.53095579364265, 	 (0, 4, 14, 7, 4), 	 63
Qmax 11
341000, 	 0.1000, 	 13.689137962412005, 	 (5, 5, 13, 3, 0), 	 14
342000, 	 0.1000, 	 60.02295115313498, 	 (6, 4, 14, 9, 15), 	 98
343000, 	 0.1000, 	 -407.9225455836497, 	 (0, 4, 14, 6, 3), 	 107
344000, 	 0.1000, 	 84.6578839239994, 	 (4, 5, 14, 8, 0), 	 289
345000, 	 0.1000, 	 -404.48075687596844, 	 (0, 5, 12, 2, 7), 	 100
346000, 	 0.1000, 	 29.499420237192492, 	 (4, 5, 13, 3, 0), 	 288
347000, 	 0.1000, 	 -389.9311854392809, 	 (0, 4, 11, 2, 2), 	 30
348000, 	 0.1000, 	 -404.34942770931883, 	 (0, 5, 12, 2, 7), 	 49
349000, 	 0.1000, 	 41.01639184377737, 	 (3, 4, 14, 8, 0), 	 35
350000, 	 0.1000, 	 -401.42252832491886, 	 (0, 5, 14, 9, 2), 	 7
Qmax 11
351000, 	 0.1000, 	 36.98062899420515, 	 (5, 4, 14, 11, 0), 	 32
352000, 	 0.1000, 	 -406.01376082117525, 	 (0, 5, 6, 14, 13), 	 250
353000, 	 0.1000, 	 -396.3513823491617, 	 (0, 4, 14, 8, 2), 	 80
354000, 	 0.1000, 	 32.35036344025428, 	 (3, 5, 13, 4, 0), 	 30
355000, 	 0.1000, 	 -404.85387775291093, 	 (0, 4, 12, 13, 14), 	 26
356000, 	 0.1000, 	 -400.05327387217625, 	 (0, 3, 12, 13, 13), 	 9
357000, 	 0.1000, 	 -404.27627097133694, 	 (0, 5, 14, 5, 3), 	 34
358000, 	 0.1000, 	 -3.3669450412466055, 	 (4, 5, 14, 9, 0), 	 305
359000, 	 0.1000, 	 25.193728652151506, 	 (4, 4, 13, 4, 0), 	 18
360000, 	 0.1000, 	 19.31300422714973, 	 (3, 5, 12, 13, 0), 	 22
Qmax 11
361000, 	 0.1000, 	 44.01688114070442, 	 (9, 4, 14, 6, 15), 	 89
362000, 	 0.1000, 	 96.50691564864195, 	 (4, 5, 13, 3, 0), 	 87
363000, 	 0.1000, 	 67.34460736369127, 	 (2, 4, 14, 7, 0), 	 75
364000, 	 0.1000, 	 -399.803382993565, 	 (0, 5, 11, 14, 4), 	 95
365000, 	 0.1000, 	 86.5436925540309, 	 (2, 5, 14, 8, 0), 	 116
366000, 	 0.1000, 	 24.512600668028398, 	 (6, 5, 14, 5, 0), 	 29
367000, 	 0.1000, 	 7.542651805693623, 	 (4, 4, 14, 8, 15), 	 9
368000, 	 0.1000, 	 2.605560419740409, 	 (3, 5, 14, 6, 0), 	 6
369000, 	 0.1000, 	 -421.29531036363846, 	 (0, 4, 14, 6, 7), 	 97
370000, 	 0.1000, 	 53.31425013190769, 	 (6, 5, 14, 6, 0), 	 97
Qmax 11
371000, 	 0.1000, 	 -461.8954786528511, 	 (0, 5, 14, 7, 6), 	 227
372000, 	 0.1000, 	 246.7796747510408, 	 (5, 5, 14, 11, 0), 	 396
373000, 	 0.1000, 	 -430.6618341674419, 	 (0, 4, 14, 5, 13), 	 248
374000, 	 0.1000, 	 -398.85139574834676, 	 (0, 4, 12, 13, 13), 	 9
375000, 	 0.1000, 	 -399.10077699606455, 	 (0, 5, 11, 1, 9), 	 12
376000, 	 0.1000, 	 5.365438149246758, 	 (2, 5, 14, 6, 0), 	 8
377000, 	 0.1000, 	 42.60782478921509, 	 (6, 5, 14, 7, 0), 	 36
378000, 	 0.1000, 	 -421.2178595409305, 	 (0, 5, 13, 3, 10), 	 116
379000, 	 0.1000, 	 57.07269027101265, 	 (4, 5, 14, 6, 0), 	 201
380000, 	 0.1000, 	 -420.8934482553068, 	 (0, 5, 8, 14, 10), 	 143
Qmax 11
381000, 	 0.1000, 	 -405.1254852545919, 	 (0, 4, 14, 10, 12), 	 15
382000, 	 0.1000, 	 20.14801781613271, 	 (3, 4, 13, 12, 15), 	 42
383000, 	 0.1000, 	 17.6328337021213, 	 (2, 5, 12, 13, 0), 	 21
384000, 	 0.1000, 	 38.22234204895252, 	 (4, 4, 14, 9, 15), 	 47
385000, 	 0.1000, 	 -405.79997355693195, 	 (0, 4, 14, 5, 13), 	 44
386000, 	 0.1000, 	 66.61179264294461, 	 (5, 5, 14, 9, 0), 	 113
387000, 	 0.1000, 	 20.742353375209056, 	 (4, 5, 14, 8, 0), 	 15
388000, 	 0.1000, 	 72.40801062180071, 	 (4, 5, 14, 8, 0), 	 76
389000, 	 0.1000, 	 -366.0120925330507, 	 (0, 4, 7, 1, 9), 	 53
390000, 	 0.1000, 	 87.3673093201667, 	 (4, 4, 14, 5, 0), 	 108
Qmax 11
391000, 	 0.1000, 	 -400.8683644628904, 	 (0, 5, 12, 2, 9), 	 17
392000, 	 0.1000, 	 4.412716651361254, 	 (3, 5, 14, 5, 0), 	 8
393000, 	 0.1000, 	 5.4874559752577765, 	 (2, 5, 14, 6, 0), 	 8
394000, 	 0.1000, 	 54.247911796513776, 	 (3, 4, 14, 10, 0), 	 219
395000, 	 0.1000, 	 6.809249641413329, 	 (4, 5, 14, 7, 0), 	 8
396000, 	 0.1000, 	 -332.40358770149635, 	 (0, 4, 9, 14, 14), 	 208
397000, 	 0.1000, 	 16.839105732075996, 	 (5, 5, 14, 10, 15), 	 14
398000, 	 0.1000, 	 19.979609512932186, 	 (5, 5, 14, 10, 0), 	 25
399000, 	 0.1000, 	 8.858848065047983, 	 (5, 5, 13, 4, 0), 	 10
400000, 	 0.1000, 	 63.70428292356245, 	 (7, 6, 13, 3, 0), 	 70
Qmax 11
401000, 	 0.1000, 	 -364.0495411378723, 	 (0, 4, 13, 3, 14), 	 74
402000, 	 0.1000, 	 46.07002397869565, 	 (5, 4, 14, 8, 15), 	 39
403000, 	 0.1000, 	 -400.34573697446075, 	 (0, 4, 14, 5, 2), 	 11
404000, 	 0.1000, 	 -379.6361007400802, 	 (20, 5, 14, 9, 15), 	 41
405000, 	 0.1000, 	 71.82568900068509, 	 (5, 4, 14, 10, 0), 	 208
406000, 	 0.1000, 	 66.76379548052871, 	 (6, 5, 14, 6, 0), 	 54
407000, 	 0.1000, 	 221.95063752870192, 	 (5, 4, 12, 3, 0), 	 354
408000, 	 0.1000, 	 -402.48145725032253, 	 (0, 4, 14, 8, 10), 	 7
409000, 	 0.1000, 	 -404.5179931128414, 	 (0, 5, 14, 9, 3), 	 157
410000, 	 0.1000, 	 36.53659828805375, 	 (6, 5, 14, 7, 0), 	 33
Qmax 11
411000, 	 0.1000, 	 7.366190395633253, 	 (3, 4, 14, 5, 0), 	 10
412000, 	 0.1000, 	 61.730477921180366, 	 (9, 4, 14, 7, 15), 	 111
413000, 	 0.1000, 	 -293.87390590334803, 	 (0, 5, 7, 1, 8), 	 133
414000, 	 0.1000, 	 32.264087187948824, 	 (5, 5, 14, 5, 15), 	 80
415000, 	 0.1000, 	 85.86628374376451, 	 (4, 5, 14, 9, 0), 	 136
416000, 	 0.1000, 	 69.10924466640144, 	 (3, 5, 13, 12, 0), 	 95
417000, 	 0.1000, 	 70.17848500837054, 	 (4, 5, 14, 6, 0), 	 99
418000, 	 0.1000, 	 52.46701680863975, 	 (4, 5, 12, 3, 0), 	 33
419000, 	 0.1000, 	 -402.9596291995001, 	 (0, 4, 14, 9, 10), 	 9
420000, 	 0.1000, 	 5.678185584690604, 	 (6, 4, 14, 8, 0), 	 7
Qmax 11
421000, 	 0.1000, 	 14.84246204411121, 	 (5, 4, 12, 13, 0), 	 18
422000, 	 0.1000, 	 165.4023137243183, 	 (5, 3, 14, 7, 15), 	 272
423000, 	 0.1000, 	 -362.8929521309518, 	 (0, 5, 6, 1, 9), 	 140
424000, 	 0.1000, 	 -401.2058952609508, 	 (0, 5, 14, 5, 1), 	 14
425000, 	 0.1000, 	 32.55805433753037, 	 (3, 5, 14, 10, 0), 	 56
426000, 	 0.1000, 	 -394.3816413871931, 	 (0, 5, 3, 2, 0), 	 12
427000, 	 0.1000, 	 4.22161914901668, 	 (6, 4, 14, 5, 0), 	 7
428000, 	 0.1000, 	 -320.6874309417692, 	 (0, 4, 12, 2, 13), 	 173
429000, 	 0.1000, 	 35.26034161078643, 	 (4, 4, 14, 10, 0), 	 31
430000, 	 0.1000, 	 -404.3289886409277, 	 (0, 5, 14, 8, 4), 	 50
Qmax 11
431000, 	 0.1000, 	 45.45983881761041, 	 (5, 5, 14, 7, 15), 	 38
432000, 	 0.1000, 	 90.37896427291525, 	 (5, 5, 12, 13, 0), 	 115
433000, 	 0.1000, 	 27.231033763885325, 	 (3, 5, 14, 8, 0), 	 73
434000, 	 0.1000, 	 -369.72608628723026, 	 (0, 4, 13, 3, 15), 	 59
435000, 	 0.1000, 	 77.37749638784692, 	 (4, 5, 14, 8, 0), 	 120
436000, 	 0.1000, 	 81.1500164530711, 	 (5, 5, 14, 5, 0), 	 106
437000, 	 0.1000, 	 -394.1235005763016, 	 (0, 4, 4, 14, 9), 	 185
438000, 	 0.1000, 	 27.980601924552445, 	 (3, 5, 14, 6, 0), 	 29
439000, 	 0.1000, 	 -380.7258054186123, 	 (0, 4, 14, 4, 15), 	 16
440000, 	 0.1000, 	 73.46407458969844, 	 (5, 3, 14, 7, 15), 	 104
Qmax 11
441000, 	 0.1000, 	 83.77286593982917, 	 (5, 4, 14, 6, 15), 	 106
442000, 	 0.1000, 	 -410.18758901165245, 	 (0, 4, 13, 12, 10), 	 42
443000, 	 0.1000, 	 97.63796262877646, 	 (4, 4, 12, 13, 0), 	 222
444000, 	 0.1000, 	 -372.98917432346184, 	 (0, 5, 7, 14, 13), 	 76
445000, 	 0.1000, 	 -385.25142655633573, 	 (0, 5, 7, 14, 10), 	 35
446000, 	 0.1000, 	 126.99485254268839, 	 (3, 5, 14, 4, 0), 	 156
447000, 	 0.1000, 	 -369.9637147677071, 	 (0, 5, 4, 13, 9), 	 75
448000, 	 0.1000, 	 -435.69513462143476, 	 (0, 4, 12, 2, 10), 	 182
449000, 	 0.1000, 	 18.48485304243937, 	 (5, 5, 13, 4, 0), 	 15
450000, 	 0.1000, 	 4.794765685968178, 	 (2, 5, 13, 4, 0), 	 9
Qmax 11
451000, 	 0.1000, 	 -401.5332076299627, 	 (0, 4, 14, 6, 10), 	 11
452000, 	 0.1000, 	 41.7701971714687, 	 (3, 5, 14, 4, 0), 	 54
453000, 	 0.1000, 	 -360.6129544660048, 	 (0, 4, 3, 13, 10), 	 45
454000, 	 0.1000, 	 152.37575512006555, 	 (3, 5, 13, 12, 0), 	 185
455000, 	 0.1000, 	 35.78674637966376, 	 (6, 4, 12, 13, 0), 	 110
456000, 	 0.1000, 	 -390.69658516069035, 	 (0, 4, 13, 4, 0), 	 12
457000, 	 0.1000, 	 26.58510166914334, 	 (4, 5, 14, 6, 0), 	 46
458000, 	 0.1000, 	 75.9668505629475, 	 (3, 5, 14, 8, 0), 	 128
459000, 	 0.1000, 	 99.46521247521594, 	 (2, 5, 14, 8, 0), 	 127
460000, 	 0.1000, 	 4.135797487662129, 	 (3, 5, 14, 7, 0), 	 7
Qmax 11
461000, 	 0.1000, 	 69.05321528746079, 	 (7, 3, 14, 10, 15), 	 105
462000, 	 0.1000, 	 32.80984494950433, 	 (4, 5, 14, 9, 0), 	 30
463000, 	 0.1000, 	 79.41093757770413, 	 (3, 5, 14, 5, 15), 	 129
464000, 	 0.1000, 	 -344.5527186843098, 	 (0, 5, 5, 14, 9), 	 200
465000, 	 0.1000, 	 24.156900293003197, 	 (5, 4, 14, 9, 0), 	 26
466000, 	 0.1000, 	 48.36647735006644, 	 (4, 5, 14, 7, 0), 	 83
467000, 	 0.1000, 	 73.73721998597442, 	 (4, 5, 13, 4, 0), 	 117
468000, 	 0.1000, 	 65.50377650108423, 	 (5, 5, 14, 10, 0), 	 210
469000, 	 0.1000, 	 15.585892720360233, 	 (4, 5, 14, 9, 0), 	 12
470000, 	 0.1000, 	 8.691699471955934, 	 (3, 4, 13, 4, 0), 	 10
Qmax 11
471000, 	 0.1000, 	 -340.73692824470345, 	 (0, 5, 11, 14, 1), 	 84
472000, 	 0.1000, 	 69.22608559058318, 	 (12, 5, 14, 8, 15), 	 87
473000, 	 0.1000, 	 -397.4323571891354, 	 (0, 4, 14, 9, 0), 	 10
474000, 	 0.1000, 	 105.75074482170199, 	 (5, 5, 14, 5, 0), 	 145
475000, 	 0.1000, 	 84.22384888535859, 	 (6, 5, 14, 7, 0), 	 102
476000, 	 0.1000, 	 98.99480516018804, 	 (4, 5, 14, 8, 0), 	 89
477000, 	 0.1000, 	 27.283879995481108, 	 (5, 5, 13, 3, 0), 	 68
478000, 	 0.1000, 	 26.310623286336682, 	 (5, 5, 14, 9, 0), 	 17
479000, 	 0.1000, 	 64.98699279017019, 	 (3, 5, 14, 5, 0), 	 97
480000, 	 0.1000, 	 38.304644019994626, 	 (5, 5, 14, 7, 15), 	 46
Qmax 11
481000, 	 0.1000, 	 12.04564873023876, 	 (5, 4, 14, 6, 15), 	 11
482000, 	 0.1000, 	 45.88112069709294, 	 (9, 4, 14, 9, 15), 	 107
483000, 	 0.1000, 	 40.1243760600746, 	 (9, 4, 14, 8, 15), 	 76
484000, 	 0.1000, 	 -268.1708274503333, 	 (0, 5, 6, 14, 15), 	 443
485000, 	 0.1000, 	 -404.4673050566808, 	 (0, 4, 13, 11, 15), 	 28
486000, 	 0.1000, 	 36.567659142482796, 	 (5, 5, 14, 8, 0), 	 137
487000, 	 0.1000, 	 18.572325309904283, 	 (3, 4, 14, 9, 15), 	 25
488000, 	 0.1000, 	 44.4504262464533, 	 (4, 4, 14, 9, 15), 	 70
489000, 	 0.1000, 	 -439.46355761354715, 	 (0, 5, 14, 9, 6), 	 114
490000, 	 0.1000, 	 -349.60246475296873, 	 (0, 4, 1, 7, 6), 	 70
Qmax 11
491000, 	 0.1000, 	 -397.4155417420609, 	 (0, 3, 10, 14, 5), 	 9
492000, 	 0.1000, 	 142.50507574352923, 	 (4, 5, 14, 9, 0), 	 170
493000, 	 0.1000, 	 -189.08944751535302, 	 (0, 4, 12, 2, 0), 	 280
494000, 	 0.1000, 	 108.99068542012145, 	 (10, 4, 14, 8, 15), 	 242
495000, 	 0.1000, 	 3.9332065231200364, 	 (4, 5, 14, 9, 0), 	 6
496000, 	 0.1000, 	 76.46847018336815, 	 (6, 4, 14, 8, 0), 	 119
497000, 	 0.1000, 	 -394.9415173631287, 	 (0, 4, 8, 1, 8), 	 26
498000, 	 0.1000, 	 -400.56423241937864, 	 (0, 4, 13, 3, 13), 	 43
499000, 	 0.1000, 	 31.60094763855002, 	 (4, 4, 14, 7, 15), 	 272
500000, 	 0.1000, 	 70.58414797783958, 	 (4, 5, 14, 5, 0), 	 70
Qmax 11
501000, 	 0.1000, 	 98.15045638947153, 	 (6, 5, 13, 3, 0), 	 183
502000, 	 0.1000, 	 80.95220774571881, 	 (5, 5, 14, 9, 15), 	 176
503000, 	 0.1000, 	 38.614355784469375, 	 (7, 4, 14, 8, 0), 	 211
504000, 	 0.1000, 	 59.68361051711421, 	 (7, 4, 14, 9, 0), 	 112
505000, 	 0.1000, 	 22.44445377801285, 	 (5, 5, 14, 8, 0), 	 24
506000, 	 0.1000, 	 48.67230757631211, 	 (3, 5, 14, 7, 0), 	 156
507000, 	 0.1000, 	 31.17228002016583, 	 (3, 5, 14, 6, 0), 	 21
508000, 	 0.1000, 	 88.95328699170486, 	 (4, 5, 14, 11, 15), 	 100
509000, 	 0.1000, 	 -388.49021247492556, 	 (0, 4, 8, 1, 11), 	 52
510000, 	 0.1000, 	 1.9483813724912686, 	 (3, 5, 12, 2, 0), 	 7
Qmax 11
511000, 	 0.1000, 	 7.057871368627488, 	 (1, 5, 14, 6, 0), 	 9
512000, 	 0.1000, 	 -481.95060537872837, 	 (0, 4, 14, 7, 11), 	 252
513000, 	 0.1000, 	 30.803078569209454, 	 (4, 4, 12, 13, 15), 	 50
514000, 	 0.1000, 	 -371.9703454398089, 	 (0, 5, 7, 1, 10), 	 54
515000, 	 0.1000, 	 100.83678240550378, 	 (3, 5, 12, 3, 0), 	 240
516000, 	 0.1000, 	 67.52009354872436, 	 (5, 5, 14, 8, 15), 	 146
517000, 	 0.1000, 	 44.507518885244345, 	 (2, 5, 14, 8, 0), 	 39
518000, 	 0.1000, 	 40.67481475695241, 	 (8, 5, 14, 6, 0), 	 63
519000, 	 0.1000, 	 -269.8513039268953, 	 (0, 5, 5, 14, 13), 	 275
520000, 	 0.1000, 	 55.98204877400862, 	 (3, 5, 14, 8, 15), 	 63
Qmax 11
521000, 	 0.1000, 	 -351.8433146259139, 	 (0, 4, 7, 1, 6), 	 56
522000, 	 0.1000, 	 22.892741472845213, 	 (4, 5, 14, 8, 0), 	 29
523000, 	 0.1000, 	 47.65540465514965, 	 (4, 5, 14, 5, 0), 	 126
524000, 	 0.1000, 	 -513.5105488730829, 	 (0, 4, 14, 7, 11), 	 441
525000, 	 0.1000, 	 51.85795082003214, 	 (5, 5, 14, 4, 0), 	 65
526000, 	 0.1000, 	 125.41466134930816, 	 (3, 5, 14, 7, 0), 	 163
527000, 	 0.1000, 	 55.515924209760016, 	 (5, 5, 14, 7, 0), 	 69
528000, 	 0.1000, 	 34.07217993446249, 	 (4, 5, 13, 12, 0), 	 37
529000, 	 0.1000, 	 8.464245345297268, 	 (6, 4, 14, 9, 0), 	 8
530000, 	 0.1000, 	 64.37443014158393, 	 (5, 5, 14, 4, 0), 	 58
Qmax 11
531000, 	 0.1000, 	 31.775759539953263, 	 (6, 5, 14, 11, 0), 	 66
532000, 	 0.1000, 	 157.6780933445673, 	 (3, 4, 13, 12, 15), 	 184
533000, 	 0.1000, 	 56.27116345591289, 	 (7, 5, 14, 10, 0), 	 78
534000, 	 0.1000, 	 50.665384894901585, 	 (5, 4, 14, 10, 15), 	 93
535000, 	 0.1000, 	 53.720026454107156, 	 (2, 4, 14, 9, 15), 	 60
536000, 	 0.1000, 	 -392.9811273753003, 	 (0, 4, 3, 2, 1), 	 12
537000, 	 0.1000, 	 104.43413343743433, 	 (6, 5, 14, 6, 0), 	 100
538000, 	 0.1000, 	 25.827806070268938, 	 (6, 6, 14, 5, 0), 	 79
539000, 	 0.1000, 	 -407.47044699375914, 	 (0, 4, 14, 5, 7), 	 22
540000, 	 0.1000, 	 137.74485784677438, 	 (4, 5, 14, 8, 0), 	 127
Qmax 11
541000, 	 0.1000, 	 77.17098834766543, 	 (6, 5, 14, 9, 15), 	 75
542000, 	 0.1000, 	 44.4647021677493, 	 (5, 3, 14, 8, 15), 	 80
543000, 	 0.1000, 	 70.08438376954824, 	 (4, 5, 14, 5, 0), 	 82
544000, 	 0.1000, 	 31.09797609158613, 	 (4, 5, 14, 8, 0), 	 44
545000, 	 0.1000, 	 67.92961701686843, 	 (3, 5, 14, 8, 0), 	 78
546000, 	 0.1000, 	 51.45676997709829, 	 (4, 5, 14, 8, 0), 	 81
547000, 	 0.1000, 	 34.61980615866373, 	 (4, 5, 14, 6, 0), 	 32
548000, 	 0.1000, 	 -401.8983336168194, 	 (0, 5, 14, 6, 4), 	 10
549000, 	 0.1000, 	 30.076909801066375, 	 (5, 4, 13, 12, 15), 	 44
550000, 	 0.1000, 	 88.53140786446443, 	 (5, 5, 14, 7, 0), 	 89
Qmax 11
551000, 	 0.1000, 	 2.9362366703787233, 	 (2, 4, 12, 2, 0), 	 7
552000, 	 0.1000, 	 -427.7222369897712, 	 (0, 5, 13, 3, 8), 	 112
553000, 	 0.1000, 	 75.78144429415248, 	 (4, 5, 14, 8, 0), 	 247
554000, 	 0.1000, 	 96.10493631629055, 	 (5, 5, 14, 8, 0), 	 76
555000, 	 0.1000, 	 -387.51392173064033, 	 (0, 5, 6, 1, 10), 	 27
556000, 	 0.1000, 	 53.179104460000765, 	 (2, 4, 14, 10, 15), 	 94
557000, 	 0.1000, 	 -390.327677418368, 	 (0, 4, 8, 1, 8), 	 31
558000, 	 0.1000, 	 33.166815356156825, 	 (4, 5, 14, 5, 0), 	 22
559000, 	 0.1000, 	 -396.36843666136355, 	 (0, 3, 4, 13, 11), 	 9
560000, 	 0.1000, 	 101.48588189153013, 	 (6, 5, 14, 6, 0), 	 124
Qmax 11
561000, 	 0.1000, 	 20.52724853212885, 	 (5, 4, 14, 7, 0), 	 226
562000, 	 0.1000, 	 45.54193862473649, 	 (5, 4, 14, 9, 15), 	 78
563000, 	 0.1000, 	 126.58062078132158, 	 (4, 4, 14, 7, 15), 	 179
564000, 	 0.1000, 	 -316.62654625509276, 	 (0, 5, 11, 1, 9), 	 117
565000, 	 0.1000, 	 39.00740414828603, 	 (7, 5, 14, 10, 0), 	 128
566000, 	 0.1000, 	 -382.88525477317916, 	 (0, 5, 7, 1, 2), 	 31
567000, 	 0.1000, 	 93.88573072593002, 	 (5, 5, 14, 9, 0), 	 161
568000, 	 0.1000, 	 114.12994551353539, 	 (4, 5, 14, 8, 0), 	 168
569000, 	 0.1000, 	 94.4785739080306, 	 (6, 4, 14, 8, 15), 	 76
570000, 	 0.1000, 	 -402.02169303376456, 	 (0, 4, 14, 6, 6), 	 9
Qmax 11
571000, 	 0.1000, 	 50.92965836794496, 	 (3, 5, 14, 9, 0), 	 40
572000, 	 0.1000, 	 18.832949677926553, 	 (4, 4, 14, 7, 0), 	 14
573000, 	 0.1000, 	 229.5537385131595, 	 (3, 5, 14, 9, 0), 	 473
574000, 	 0.1000, 	 55.545799146503036, 	 (5, 5, 14, 7, 0), 	 70
575000, 	 0.1000, 	 55.02706316131654, 	 (5, 5, 14, 6, 15), 	 98
576000, 	 0.1000, 	 65.66921966897864, 	 (5, 5, 14, 7, 0), 	 113
577000, 	 0.1000, 	 -347.7296475539671, 	 (0, 4, 7, 14, 6), 	 91
578000, 	 0.1000, 	 27.70873149564181, 	 (4, 5, 14, 5, 0), 	 30
579000, 	 0.1000, 	 65.08442410032627, 	 (2, 5, 14, 8, 0), 	 87
580000, 	 0.1000, 	 39.51920590682921, 	 (4, 5, 14, 4, 0), 	 102
Qmax 11
581000, 	 0.1000, 	 58.284967373907676, 	 (4, 4, 14, 8, 15), 	 109
582000, 	 0.1000, 	 -521.3531172830217, 	 (0, 4, 14, 7, 11), 	 342
583000, 	 0.1000, 	 26.635852644147263, 	 (4, 5, 14, 9, 0), 	 26
584000, 	 0.1000, 	 25.74830051710701, 	 (3, 5, 14, 7, 0), 	 27
585000, 	 0.1000, 	 14.453823266879969, 	 (4, 5, 14, 7, 15), 	 12
586000, 	 0.1000, 	 -388.4431462541994, 	 (0, 5, 10, 1, 8), 	 19
587000, 	 0.1000, 	 -414.98678831742427, 	 (0, 4, 14, 6, 11), 	 49
588000, 	 0.1000, 	 75.81734395511856, 	 (5, 5, 14, 6, 0), 	 147
589000, 	 0.1000, 	 6.9810588490667564, 	 (4, 4, 13, 3, 0), 	 10
590000, 	 0.1000, 	 19.0127862323503, 	 (3, 5, 14, 8, 0), 	 14
Qmax 11
591000, 	 0.1000, 	 144.3935027798283, 	 (4, 5, 14, 8, 0), 	 236
592000, 	 0.1000, 	 -401.70542943929775, 	 (0, 4, 14, 7, 7), 	 8
593000, 	 0.1000, 	 -399.8304271865195, 	 (0, 4, 10, 14, 11), 	 7
594000, 	 0.1000, 	 -384.51328200212834, 	 (0, 4, 12, 13, 1), 	 24
595000, 	 0.1000, 	 98.13565951936111, 	 (3, 5, 14, 4, 0), 	 82
596000, 	 0.1000, 	 -386.20217636583624, 	 (0, 4, 4, 14, 9), 	 34
597000, 	 0.1000, 	 76.24890578239287, 	 (3, 5, 12, 13, 0), 	 69
598000, 	 0.1000, 	 62.177254418950895, 	 (5, 5, 14, 7, 0), 	 82
599000, 	 0.1000, 	 8.361087197039522, 	 (3, 5, 14, 5, 0), 	 10
600000, 	 0.1000, 	 152.8125935192091, 	 (4, 5, 14, 9, 0), 	 218
Qmax 11
601000, 	 0.1000, 	 47.21472422189994, 	 (6, 5, 14, 5, 0), 	 77
602000, 	 0.1000, 	 12.45731901973818, 	 (4, 4, 14, 8, 15), 	 12
603000, 	 0.1000, 	 -400.19843130043114, 	 (0, 4, 11, 13, 11), 	 11
604000, 	 0.1000, 	 17.495785695897837, 	 (4, 5, 13, 11, 15), 	 232
605000, 	 0.1000, 	 51.02692866602713, 	 (7, 4, 14, 7, 15), 	 116
606000, 	 0.1000, 	 12.849655168707859, 	 (5, 5, 14, 4, 0), 	 12
607000, 	 0.1000, 	 39.99794719308764, 	 (5, 5, 14, 5, 15), 	 87
608000, 	 0.1000, 	 -407.25564717820043, 	 (0, 4, 12, 13, 12), 	 34
609000, 	 0.1000, 	 34.71508234504861, 	 (5, 4, 14, 6, 0), 	 148
610000, 	 0.1000, 	 17.23691752153341, 	 (6, 5, 14, 6, 0), 	 23
Qmax 11
611000, 	 0.1000, 	 28.974102697032123, 	 (5, 4, 14, 8, 0), 	 19
612000, 	 0.1000, 	 -400.5777681700592, 	 (0, 4, 14, 11, 5), 	 16
613000, 	 0.1000, 	 41.80615864352367, 	 (7, 4, 14, 10, 0), 	 158
614000, 	 0.1000, 	 -346.5451358876948, 	 (0, 5, 13, 3, 0), 	 189
615000, 	 0.1000, 	 -425.73119450545875, 	 (0, 5, 12, 13, 7), 	 118
616000, 	 0.1000, 	 -404.58181540492313, 	 (0, 5, 13, 11, 11), 	 22
617000, 	 0.1000, 	 22.5563695991388, 	 (5, 4, 14, 9, 15), 	 27
618000, 	 0.1000, 	 5.146285744985088, 	 (4, 5, 14, 7, 0), 	 7
619000, 	 0.1000, 	 54.694112501750105, 	 (5, 4, 14, 10, 0), 	 143
620000, 	 0.1000, 	 73.84608393467687, 	 (9, 5, 14, 6, 0), 	 62
Qmax 11
621000, 	 0.1000, 	 36.44397408807127, 	 (7, 4, 14, 7, 0), 	 66
622000, 	 0.1000, 	 70.12802631874871, 	 (5, 4, 12, 12, 15), 	 155
623000, 	 0.1000, 	 32.44756653610029, 	 (8, 4, 14, 9, 0), 	 55
624000, 	 0.1000, 	 9.486395470131269, 	 (1, 4, 14, 10, 15), 	 11
625000, 	 0.1000, 	 42.2009754786719, 	 (3, 5, 14, 7, 0), 	 64
626000, 	 0.1000, 	 -385.9690005417745, 	 (0, 4, 12, 2, 6), 	 146
627000, 	 0.1000, 	 20.981577596342678, 	 (5, 4, 14, 11, 0), 	 24
628000, 	 0.1000, 	 2.6272319275666454, 	 (4, 5, 14, 9, 0), 	 5
629000, 	 0.1000, 	 -536.4776069809632, 	 (0, 5, 12, 13, 7), 	 413
630000, 	 0.1000, 	 77.07269369405927, 	 (6, 4, 14, 6, 15), 	 115
Qmax 11
631000, 	 0.1000, 	 17.879943459557374, 	 (3, 4, 14, 6, 0), 	 14
632000, 	 0.1000, 	 73.78556290617098, 	 (6, 5, 14, 8, 0), 	 119
633000, 	 0.1000, 	 135.45071241716386, 	 (6, 4, 14, 8, 15), 	 169
634000, 	 0.1000, 	 -429.9914659416182, 	 (0, 4, 13, 3, 8), 	 133
635000, 	 0.1000, 	 105.91137176495147, 	 (3, 5, 14, 4, 0), 	 99
636000, 	 0.1000, 	 12.854874547548254, 	 (4, 5, 14, 6, 0), 	 11
637000, 	 0.1000, 	 45.77943333635249, 	 (5, 4, 14, 10, 0), 	 46
638000, 	 0.1000, 	 -399.3277335904689, 	 (0, 4, 8, 14, 11), 	 67
639000, 	 0.1000, 	 -400.3019237130643, 	 (0, 5, 11, 14, 9), 	 10
640000, 	 0.1000, 	 79.97709992727398, 	 (4, 5, 14, 6, 0), 	 123
Qmax 11
641000, 	 0.1000, 	 -393.7469258621618, 	 (0, 5, 7, 14, 12), 	 17
642000, 	 0.1000, 	 101.36400032219021, 	 (5, 4, 14, 7, 0), 	 155
643000, 	 0.1000, 	 -388.1969264363444, 	 (0, 5, 11, 1, 10), 	 91
644000, 	 0.1000, 	 -435.9413373665, 	 (0, 4, 13, 12, 12), 	 134
645000, 	 0.1000, 	 -338.93633733576047, 	 (0, 5, 5, 1, 5), 	 59
646000, 	 0.1000, 	 -399.13721917879525, 	 (0, 3, 11, 14, 7), 	 9
647000, 	 0.1000, 	 83.49627500643011, 	 (11, 4, 14, 7, 15), 	 176
648000, 	 0.1000, 	 38.13721714948353, 	 (9, 4, 14, 9, 15), 	 129
649000, 	 0.1000, 	 69.40959348272025, 	 (5, 5, 14, 6, 15), 	 58
650000, 	 0.1000, 	 23.36006786430291, 	 (3, 5, 14, 8, 0), 	 24
Qmax 11
651000, 	 0.1000, 	 38.25397422273521, 	 (7, 3, 14, 9, 15), 	 50
652000, 	 0.1000, 	 -376.48698586831506, 	 (0, 5, 10, 1, 1), 	 58
653000, 	 0.1000, 	 183.57636414201943, 	 (2, 5, 14, 9, 0), 	 299
654000, 	 0.1000, 	 -391.86852763705093, 	 (0, 5, 10, 1, 11), 	 58
655000, 	 0.1000, 	 6.590862305957609, 	 (2, 5, 12, 2, 0), 	 10
656000, 	 0.1000, 	 58.21732444533515, 	 (4, 5, 14, 8, 0), 	 94
657000, 	 0.1000, 	 36.95238301995104, 	 (8, 4, 14, 6, 15), 	 230
658000, 	 0.1000, 	 11.577753589887516, 	 (6, 5, 14, 7, 0), 	 10
659000, 	 0.1000, 	 -340.7478496376583, 	 (0, 5, 5, 14, 15), 	 110
660000, 	 0.1000, 	 104.46855526146433, 	 (4, 4, 14, 8, 15), 	 89
Qmax 11
661000, 	 0.1000, 	 -324.76959646562113, 	 (0, 4, 5, 14, 8), 	 122
662000, 	 0.1000, 	 50.374372836330146, 	 (4, 5, 11, 14, 0), 	 127
663000, 	 0.1000, 	 9.534555544246029, 	 (3, 6, 13, 4, 0), 	 23
664000, 	 0.1000, 	 110.03834189269863, 	 (3, 5, 14, 7, 0), 	 84
665000, 	 0.1000, 	 47.06370908056433, 	 (4, 4, 14, 8, 15), 	 67
666000, 	 0.1000, 	 36.39728966893451, 	 (5, 4, 14, 10, 15), 	 45
667000, 	 0.1000, 	 5.929560794756577, 	 (5, 4, 14, 10, 0), 	 6
668000, 	 0.1000, 	 54.390960343010185, 	 (6, 5, 14, 6, 0), 	 151
669000, 	 0.1000, 	 -14.174620592870934, 	 (5, 5, 14, 5, 0), 	 285
670000, 	 0.1000, 	 -364.3075146710231, 	 (0, 4, 1, 5, 2), 	 34
Qmax 11
671000, 	 0.1000, 	 49.761213195768164, 	 (4, 4, 14, 9, 0), 	 40
672000, 	 0.1000, 	 -423.4714045120042, 	 (0, 5, 14, 4, 15), 	 666
673000, 	 0.1000, 	 -398.07714491332115, 	 (0, 5, 13, 3, 9), 	 43
674000, 	 0.1000, 	 -345.57850569632467, 	 (0, 4, 11, 2, 12), 	 123
675000, 	 0.1000, 	 27.777540889053043, 	 (8, 4, 14, 8, 15), 	 30
676000, 	 0.1000, 	 33.906864490723216, 	 (3, 5, 14, 10, 0), 	 34
677000, 	 0.1000, 	 27.369736240149198, 	 (3, 4, 14, 11, 15), 	 20
678000, 	 0.1000, 	 9.2722402857276, 	 (3, 4, 14, 8, 0), 	 9
679000, 	 0.1000, 	 202.8092116207956, 	 (4, 5, 14, 8, 0), 	 240
680000, 	 0.1000, 	 38.58219704500303, 	 (6, 5, 14, 7, 0), 	 33
Qmax 11
681000, 	 0.1000, 	 83.29278025018775, 	 (2, 5, 14, 9, 0), 	 96
682000, 	 0.1000, 	 78.89248621554512, 	 (3, 4, 14, 7, 15), 	 112
683000, 	 0.1000, 	 53.91568716995637, 	 (3, 5, 14, 9, 0), 	 68
684000, 	 0.1000, 	 -417.5366772739312, 	 (0, 4, 13, 12, 11), 	 61
685000, 	 0.1000, 	 -398.3501191843866, 	 (0, 3, 14, 6, 0), 	 8
686000, 	 0.1000, 	 170.47205021658345, 	 (5, 4, 14, 9, 15), 	 223
687000, 	 0.1000, 	 90.04483557299783, 	 (5, 5, 14, 6, 0), 	 79
688000, 	 0.1000, 	 -343.74077967258063, 	 (0, 5, 3, 13, 11), 	 115
689000, 	 0.1000, 	 202.15582962217067, 	 (3, 5, 14, 4, 15), 	 258
690000, 	 0.1000, 	 7.864366559698416, 	 (4, 4, 14, 6, 0), 	 9
Qmax 11
691000, 	 0.1000, 	 5.752926512435534, 	 (4, 5, 13, 3, 0), 	 9
692000, 	 0.1000, 	 -417.2024063808612, 	 (0, 4, 11, 14, 8), 	 180
693000, 	 0.1000, 	 55.08150989058824, 	 (4, 4, 14, 10, 0), 	 79
694000, 	 0.1000, 	 22.80154089654885, 	 (4, 5, 14, 8, 0), 	 42
695000, 	 0.1000, 	 66.81542984106564, 	 (4, 5, 14, 10, 0), 	 56
696000, 	 0.1000, 	 -421.3105928192313, 	 (0, 4, 10, 14, 6), 	 170
697000, 	 0.1000, 	 90.08201392381574, 	 (6, 5, 14, 7, 0), 	 108
698000, 	 0.1000, 	 -493.09895970742997, 	 (0, 4, 13, 12, 9), 	 290
699000, 	 0.1000, 	 -408.5041552036181, 	 (0, 5, 14, 5, 9), 	 56
700000, 	 0.1000, 	 112.6402885531178, 	 (2, 5, 14, 9, 0), 	 217
Qmax 11
701000, 	 0.1000, 	 -376.1706926964561, 	 (0, 4, 6, 1, 0), 	 58
702000, 	 0.1000, 	 2.8603405624110247, 	 (4, 4, 14, 11, 15), 	 7
703000, 	 0.1000, 	 7.778055934168986, 	 (4, 4, 14, 6, 15), 	 8
704000, 	 0.1000, 	 302.8744443137333, 	 (6, 4, 14, 4, 0), 	 333
705000, 	 0.1000, 	 -452.41949259522613, 	 (0, 4, 13, 12, 11), 	 156
706000, 	 0.1000, 	 15.77803024291558, 	 (3, 4, 14, 9, 15), 	 24
707000, 	 0.1000, 	 26.85160928767206, 	 (4, 5, 13, 12, 0), 	 28
708000, 	 0.1000, 	 -289.02284150708124, 	 (0, 5, 13, 12, 15), 	 145
709000, 	 0.1000, 	 -322.6086733133869, 	 (0, 3, 14, 5, 0), 	 95
710000, 	 0.1000, 	 18.94572764682124, 	 (5, 4, 14, 8, 0), 	 21
Qmax 11
711000, 	 0.1000, 	 37.670998152476024, 	 (3, 5, 14, 5, 0), 	 450
712000, 	 0.1000, 	 -474.3837831660774, 	 (0, 5, 13, 3, 11), 	 335
713000, 	 0.1000, 	 -392.43038868246634, 	 (0, 5, 12, 2, 13), 	 81
714000, 	 0.1000, 	 29.338090632600416, 	 (6, 5, 14, 4, 0), 	 37
715000, 	 0.1000, 	 5.6880911175293125, 	 (5, 4, 14, 10, 0), 	 6
716000, 	 0.1000, 	 105.24474743967568, 	 (5, 5, 14, 7, 0), 	 150
717000, 	 0.1000, 	 -400.808891773208, 	 (0, 5, 12, 13, 7), 	 10
718000, 	 0.1000, 	 5.1456141291357955, 	 (5, 4, 14, 8, 0), 	 7
719000, 	 0.1000, 	 50.26709857587333, 	 (4, 4, 14, 7, 15), 	 315
720000, 	 0.1000, 	 -8.722641266854895, 	 (4, 5, 14, 8, 0), 	 401
Qmax 11
721000, 	 0.1000, 	 -330.4590689219392, 	 (0, 4, 4, 2, 8), 	 83
722000, 	 0.1000, 	 23.007723241971707, 	 (5, 5, 14, 7, 0), 	 16
723000, 	 0.1000, 	 -342.847847407602, 	 (0, 5, 5, 1, 9), 	 105
724000, 	 0.1000, 	 26.391119492895825, 	 (4, 4, 13, 12, 15), 	 43
725000, 	 0.1000, 	 -399.7713780894879, 	 (0, 4, 12, 13, 11), 	 12
726000, 	 0.1000, 	 -366.28752196400274, 	 (0, 3, 13, 12, 15), 	 36
727000, 	 0.1000, 	 -433.6769340081618, 	 (0, 4, 13, 12, 5), 	 138
728000, 	 0.1000, 	 2.5191328465226466, 	 (5, 5, 14, 8, 15), 	 6
729000, 	 0.1000, 	 159.44490671237168, 	 (4, 4, 14, 9, 15), 	 208
730000, 	 0.1000, 	 46.194201030039615, 	 (4, 5, 13, 11, 0), 	 190
Qmax 11
731000, 	 0.1000, 	 25.288886027889216, 	 (4, 5, 14, 10, 0), 	 17
732000, 	 0.1000, 	 -345.46217623196236, 	 (0, 4, 7, 14, 15), 	 82
733000, 	 0.1000, 	 55.354882797420196, 	 (5, 5, 14, 8, 0), 	 543
734000, 	 0.1000, 	 -357.50136933810415, 	 (0, 3, 14, 9, 15), 	 38
735000, 	 0.1000, 	 68.19058208081657, 	 (4, 5, 14, 5, 0), 	 72
736000, 	 0.1000, 	 2.5870805710655813, 	 (6, 4, 14, 4, 0), 	 6
737000, 	 0.1000, 	 -402.70882384405706, 	 (0, 5, 5, 14, 12), 	 122
738000, 	 0.1000, 	 -397.96431244103235, 	 (0, 4, 7, 14, 9), 	 7
739000, 	 0.1000, 	 -410.51926191912946, 	 (0, 5, 10, 14, 10), 	 66
740000, 	 0.1000, 	 -400.72058477393404, 	 (0, 5, 11, 1, 1), 	 11
Qmax 10
741000, 	 0.1000, 	 19.190638247659134, 	 (4, 5, 14, 8, 0), 	 14
742000, 	 0.1000, 	 -396.3219396101366, 	 (0, 4, 12, 2, 11), 	 49
743000, 	 0.1000, 	 80.67193972632461, 	 (5, 5, 14, 6, 15), 	 123
744000, 	 0.1000, 	 25.860576574459387, 	 (5, 5, 14, 9, 0), 	 28
745000, 	 0.1000, 	 77.98833164046034, 	 (3, 3, 14, 7, 15), 	 80
746000, 	 0.1000, 	 4.353393502137742, 	 (6, 4, 14, 7, 0), 	 6
747000, 	 0.1000, 	 -400.39768081221746, 	 (0, 4, 8, 14, 13), 	 29
748000, 	 0.1000, 	 -399.185263756365, 	 (0, 4, 14, 6, 0), 	 8
749000, 	 0.1000, 	 102.96180587234764, 	 (3, 5, 14, 10, 0), 	 273
750000, 	 0.1000, 	 85.14671094549605, 	 (10, 5, 14, 5, 0), 	 310
Qmax 10
751000, 	 0.1000, 	 72.80251078695818, 	 (5, 5, 14, 5, 0), 	 234
752000, 	 0.1000, 	 22.577969654433907, 	 (4, 5, 14, 5, 0), 	 17
753000, 	 0.1000, 	 155.61327782850108, 	 (5, 5, 14, 8, 0), 	 234
754000, 	 0.1000, 	 28.983513175653908, 	 (5, 5, 14, 7, 15), 	 44
755000, 	 0.1000, 	 55.91973871511957, 	 (4, 5, 12, 2, 0), 	 95
756000, 	 0.1000, 	 6.948471070944694, 	 (5, 4, 14, 7, 15), 	 8
757000, 	 0.1000, 	 -395.01257844784294, 	 (0, 3, 1, 11, 13), 	 9
758000, 	 0.1000, 	 68.11534525932623, 	 (5, 4, 14, 11, 15), 	 99
759000, 	 0.1000, 	 30.458632377711076, 	 (10, 5, 13, 3, 15), 	 28
760000, 	 0.1000, 	 16.024901218561723, 	 (4, 4, 14, 9, 15), 	 157
Qmax 10
761000, 	 0.1000, 	 -400.0344364415684, 	 (0, 5, 14, 11, 12), 	 10
762000, 	 0.1000, 	 21.429420756746588, 	 (9, 5, 14, 6, 15), 	 25
763000, 	 0.1000, 	 75.70844167370677, 	 (4, 4, 14, 10, 15), 	 91
764000, 	 0.1000, 	 99.70121899547448, 	 (4, 5, 14, 5, 0), 	 240
765000, 	 0.1000, 	 19.52267027233736, 	 (4, 4, 14, 7, 0), 	 15
766000, 	 0.1000, 	 -396.3783501170783, 	 (0, 4, 9, 14, 8), 	 14
767000, 	 0.1000, 	 7.540637768164488, 	 (11, 3, 14, 11, 15), 	 11
768000, 	 0.1000, 	 -448.12751359289473, 	 (0, 4, 14, 9, 10), 	 134
769000, 	 0.1000, 	 -302.68479812985703, 	 (0, 4, 7, 1, 0), 	 111
770000, 	 0.1000, 	 -396.7738639638588, 	 (0, 5, 6, 1, 3), 	 11
Qmax 10
771000, 	 0.1000, 	 122.79864057777213, 	 (6, 5, 14, 9, 0), 	 258
772000, 	 0.1000, 	 -403.9864891128907, 	 (0, 5, 9, 14, 8), 	 121
773000, 	 0.1000, 	 46.38865662817388, 	 (9, 5, 14, 7, 0), 	 43
774000, 	 0.1000, 	 120.92831060353903, 	 (4, 4, 14, 10, 15), 	 126
775000, 	 0.1000, 	 -397.9078044090494, 	 (0, 3, 14, 7, 15), 	 7
776000, 	 0.1000, 	 -286.3432004796042, 	 (0, 4, 11, 14, 8), 	 242
777000, 	 0.1000, 	 43.22866536220058, 	 (4, 5, 14, 10, 15), 	 28
778000, 	 0.1000, 	 -426.7095921789013, 	 (0, 4, 11, 13, 3), 	 169
779000, 	 0.1000, 	 3.5377140633823485, 	 (5, 5, 14, 10, 15), 	 7
780000, 	 0.1000, 	 18.06432153511878, 	 (4, 3, 14, 7, 15), 	 14
Qmax 10
781000, 	 0.1000, 	 117.18134148671814, 	 (4, 5, 14, 8, 0), 	 74
782000, 	 0.1000, 	 -381.5330551916226, 	 (0, 5, 9, 14, 15), 	 70
783000, 	 0.1000, 	 30.633872762397335, 	 (4, 4, 14, 7, 15), 	 481
784000, 	 0.1000, 	 84.88629514817532, 	 (5, 4, 14, 6, 0), 	 133
785000, 	 0.1000, 	 24.07678097253675, 	 (4, 4, 14, 10, 15), 	 306
786000, 	 0.1000, 	 -400.4983675198298, 	 (0, 4, 11, 1, 7), 	 13
787000, 	 0.1000, 	 8.330494501876881, 	 (5, 6, 14, 6, 0), 	 10
788000, 	 0.1000, 	 -342.9661937709892, 	 (0, 4, 7, 14, 8), 	 188
789000, 	 0.1000, 	 -294.2943439609278, 	 (0, 4, 5, 14, 9), 	 160
790000, 	 0.1000, 	 -454.4603690431051, 	 (0, 5, 14, 6, 10), 	 178
Qmax 10
791000, 	 0.1000, 	 13.398761272356154, 	 (4, 5, 14, 7, 0), 	 11
792000, 	 0.1000, 	 44.13668261212595, 	 (3, 5, 13, 4, 0), 	 48
793000, 	 0.1000, 	 -409.1830599188148, 	 (0, 4, 14, 4, 11), 	 49
794000, 	 0.1000, 	 96.89064952524656, 	 (5, 5, 14, 7, 0), 	 129
795000, 	 0.1000, 	 2.619709232579487, 	 (4, 3, 14, 10, 15), 	 6
796000, 	 0.1000, 	 -411.9365900583945, 	 (0, 4, 14, 6, 12), 	 45
797000, 	 0.1000, 	 10.6935400879109, 	 (2, 5, 14, 5, 0), 	 11
798000, 	 0.1000, 	 45.73759896614927, 	 (5, 4, 14, 9, 0), 	 99
799000, 	 0.1000, 	 -417.13016433818194, 	 (0, 5, 10, 14, 9), 	 198
800000, 	 0.1000, 	 17.263971581151498, 	 (5, 5, 14, 4, 0), 	 101
Qmax 10
801000, 	 0.1000, 	 -409.2588201089823, 	 (0, 4, 14, 7, 8), 	 31
802000, 	 0.1000, 	 175.71289147944734, 	 (5, 4, 14, 11, 0), 	 191
803000, 	 0.1000, 	 -389.843472636471, 	 (0, 4, 10, 14, 4), 	 46
804000, 	 0.1000, 	 38.414288313808804, 	 (4, 5, 14, 7, 15), 	 77
805000, 	 0.1000, 	 23.25954861374545, 	 (3, 5, 14, 5, 0), 	 28
806000, 	 0.1000, 	 5.728089765865008, 	 (1, 5, 13, 3, 0), 	 9
807000, 	 0.1000, 	 -383.74287746719364, 	 (0, 4, 12, 2, 14), 	 50
808000, 	 0.1000, 	 -423.1853161924164, 	 (0, 4, 10, 14, 9), 	 113
809000, 	 0.1000, 	 43.02656388911271, 	 (5, 5, 14, 10, 15), 	 78
810000, 	 0.1000, 	 34.936158001380996, 	 (4, 5, 14, 7, 0), 	 23
Qmax 10
811000, 	 0.1000, 	 22.219756068795554, 	 (3, 5, 14, 7, 0), 	 16
812000, 	 0.1000, 	 -412.5234989120975, 	 (0, 5, 13, 11, 8), 	 37
813000, 	 0.1000, 	 -307.3051706860483, 	 (0, 4, 6, 1, 8), 	 131
814000, 	 0.1000, 	 4.023978367001445, 	 (6, 4, 14, 7, 0), 	 6
815000, 	 0.1000, 	 -392.4563057158705, 	 (0, 4, 10, 14, 2), 	 8
816000, 	 0.1000, 	 5.534894859166498, 	 (4, 5, 14, 4, 0), 	 8
817000, 	 0.1000, 	 301.74298771094755, 	 (3, 6, 12, 2, 0), 	 403
818000, 	 0.1000, 	 -415.58917387498354, 	 (0, 4, 14, 8, 11), 	 40
819000, 	 0.1000, 	 67.7288065937876, 	 (5, 5, 14, 6, 0), 	 145
820000, 	 0.1000, 	 36.90437329772638, 	 (7, 4, 14, 9, 0), 	 148
Qmax 10
821000, 	 0.1000, 	 73.00177981656691, 	 (6, 5, 14, 9, 0), 	 119
822000, 	 0.1000, 	 107.80647834694443, 	 (4, 5, 14, 11, 0), 	 138
823000, 	 0.1000, 	 10.477176996236159, 	 (5, 4, 14, 7, 15), 	 10
824000, 	 0.1000, 	 16.96334931120279, 	 (4, 5, 14, 8, 0), 	 13
825000, 	 0.1000, 	 -350.4406709265826, 	 (0, 5, 14, 5, 0), 	 111
826000, 	 0.1000, 	 5.677238091453339, 	 (4, 5, 13, 3, 0), 	 9
827000, 	 0.1000, 	 106.05734970931975, 	 (4, 5, 14, 5, 0), 	 215
828000, 	 0.1000, 	 45.79237177626486, 	 (4, 4, 14, 7, 0), 	 51
829000, 	 0.1000, 	 -389.1681371960081, 	 (0, 4, 4, 14, 5), 	 20
830000, 	 0.1000, 	 41.30237502313825, 	 (6, 4, 14, 9, 0), 	 77
Qmax 10
831000, 	 0.1000, 	 32.41349685451617, 	 (4, 5, 13, 4, 0), 	 86
832000, 	 0.1000, 	 -396.1412816390249, 	 (0, 4, 13, 3, 14), 	 22
833000, 	 0.1000, 	 92.53823653169206, 	 (3, 4, 14, 7, 0), 	 108
834000, 	 0.1000, 	 64.33184147162625, 	 (5, 5, 12, 13, 0), 	 61
835000, 	 0.1000, 	 -380.9274311236969, 	 (0, 5, 10, 1, 0), 	 88
836000, 	 0.1000, 	 46.63353581996101, 	 (6, 6, 13, 3, 0), 	 62
837000, 	 0.1000, 	 223.40802101216624, 	 (4, 5, 14, 6, 0), 	 327
838000, 	 0.1000, 	 76.71060862938114, 	 (5, 5, 14, 6, 0), 	 45
839000, 	 0.1000, 	 -441.59270625893555, 	 (0, 4, 14, 9, 12), 	 131
840000, 	 0.1000, 	 -394.1342941497553, 	 (0, 4, 14, 5, 15), 	 11
Qmax 10
841000, 	 0.1000, 	 112.47730656553064, 	 (4, 5, 14, 6, 0), 	 203
842000, 	 0.1000, 	 21.20143406426808, 	 (5, 5, 14, 6, 0), 	 27
843000, 	 0.1000, 	 -401.49159063661307, 	 (0, 4, 13, 12, 7), 	 10
844000, 	 0.1000, 	 27.275668622378625, 	 (9, 4, 14, 10, 15), 	 31
845000, 	 0.1000, 	 -441.1508866879999, 	 (0, 4, 14, 7, 9), 	 126
846000, 	 0.1000, 	 22.933869917239463, 	 (5, 5, 14, 6, 0), 	 27
847000, 	 0.1000, 	 -454.66390089002266, 	 (0, 4, 13, 11, 13), 	 183
848000, 	 0.1000, 	 -361.70490389767554, 	 (0, 4, 6, 1, 6), 	 42
849000, 	 0.1000, 	 45.56186033510615, 	 (5, 5, 14, 10, 0), 	 48
850000, 	 0.1000, 	 75.69355551939654, 	 (4, 4, 14, 7, 15), 	 81
Qmax 10
851000, 	 0.1000, 	 10.581895674034469, 	 (3, 5, 12, 2, 0), 	 13
852000, 	 0.1000, 	 194.7694023073727, 	 (4, 5, 14, 5, 0), 	 270
853000, 	 0.1000, 	 -416.9443461757412, 	 (0, 4, 14, 5, 11), 	 77
854000, 	 0.1000, 	 62.11624248313275, 	 (5, 5, 14, 6, 0), 	 79
855000, 	 0.1000, 	 16.033872143554532, 	 (5, 5, 14, 7, 15), 	 22
856000, 	 0.1000, 	 -423.6677536469641, 	 (0, 5, 8, 1, 10), 	 290
857000, 	 0.1000, 	 54.75790167503227, 	 (5, 5, 14, 6, 0), 	 83
858000, 	 0.1000, 	 54.451731770926365, 	 (5, 5, 14, 8, 15), 	 127
859000, 	 0.1000, 	 51.470599805917715, 	 (6, 4, 14, 6, 0), 	 65
860000, 	 0.1000, 	 84.15113285979506, 	 (4, 5, 14, 10, 15), 	 87
Qmax 10
861000, 	 0.1000, 	 7.824722443401044, 	 (3, 6, 13, 3, 0), 	 11
862000, 	 0.1000, 	 16.54057782846258, 	 (3, 4, 13, 12, 15), 	 15
863000, 	 0.1000, 	 47.48538419904304, 	 (4, 4, 14, 10, 0), 	 51
864000, 	 0.1000, 	 -403.22022478906683, 	 (0, 5, 14, 7, 6), 	 12
865000, 	 0.1000, 	 9.667920991267911, 	 (5, 5, 13, 3, 0), 	 10
866000, 	 0.1000, 	 37.59080171106035, 	 (4, 4, 14, 10, 15), 	 41
867000, 	 0.1000, 	 104.0292101250754, 	 (3, 5, 14, 6, 0), 	 113
868000, 	 0.1000, 	 -397.3468411651212, 	 (0, 4, 4, 13, 15), 	 8
869000, 	 0.1000, 	 41.417938128286075, 	 (5, 5, 14, 7, 0), 	 99
870000, 	 0.1000, 	 -400.8354934702362, 	 (0, 4, 14, 9, 10), 	 10
Qmax 10
871000, 	 0.1000, 	 -389.30753119008097, 	 (0, 5, 10, 14, 4), 	 21
872000, 	 0.1000, 	 -433.5334994050572, 	 (0, 4, 14, 5, 9), 	 122
873000, 	 0.1000, 	 -397.5812475237006, 	 (0, 5, 13, 3, 12), 	 33
874000, 	 0.1000, 	 34.1851067093112, 	 (4, 5, 14, 7, 0), 	 32
875000, 	 0.1000, 	 93.20116607175508, 	 (1, 5, 14, 5, 0), 	 106
876000, 	 0.1000, 	 58.0619638580742, 	 (3, 5, 14, 10, 15), 	 68
877000, 	 0.1000, 	 16.35567285535345, 	 (4, 4, 14, 10, 15), 	 24
878000, 	 0.1000, 	 42.41111302700538, 	 (7, 5, 13, 3, 0), 	 37
879000, 	 0.1000, 	 -391.0682353061334, 	 (0, 4, 7, 14, 9), 	 63
880000, 	 0.1000, 	 -406.89449014940305, 	 (0, 4, 14, 7, 8), 	 21
Qmax 10
881000, 	 0.1000, 	 30.650128175838535, 	 (3, 5, 14, 9, 0), 	 90
882000, 	 0.1000, 	 21.534675231680488, 	 (9, 3, 14, 10, 15), 	 27
883000, 	 0.1000, 	 113.51239651394862, 	 (5, 5, 14, 7, 0), 	 136
884000, 	 0.1000, 	 -385.56556509956715, 	 (0, 4, 3, 3, 2), 	 17
885000, 	 0.1000, 	 -398.2027865614096, 	 (0, 4, 12, 13, 4), 	 9
886000, 	 0.1000, 	 24.85900501570086, 	 (5, 5, 14, 8, 0), 	 28
887000, 	 0.1000, 	 223.56223065722244, 	 (6, 5, 14, 8, 0), 	 233
888000, 	 0.1000, 	 188.00728352935968, 	 (6, 5, 14, 11, 0), 	 395
889000, 	 0.1000, 	 70.29536994019425, 	 (5, 5, 14, 7, 0), 	 149
890000, 	 0.1000, 	 -400.35640785804475, 	 (0, 5, 9, 14, 8), 	 65
Qmax 10
891000, 	 0.1000, 	 56.117579460754634, 	 (10, 4, 14, 5, 15), 	 124
892000, 	 0.1000, 	 66.57130404914521, 	 (4, 5, 14, 6, 0), 	 147
893000, 	 0.1000, 	 131.27505718573812, 	 (5, 4, 13, 4, 0), 	 159
894000, 	 0.1000, 	 103.63231049387996, 	 (3, 4, 14, 11, 0), 	 87
895000, 	 0.1000, 	 82.91102302070043, 	 (4, 4, 14, 7, 0), 	 154
896000, 	 0.1000, 	 -375.5548462192069, 	 (0, 5, 3, 13, 14), 	 50
897000, 	 0.1000, 	 8.45059188237898, 	 (5, 4, 13, 4, 0), 	 11
898000, 	 0.1000, 	 -411.2111537921752, 	 (0, 4, 14, 7, 10), 	 81
899000, 	 0.1000, 	 35.46055863245891, 	 (6, 5, 13, 11, 0), 	 30
900000, 	 0.1000, 	 -314.763624642004, 	 (0, 4, 5, 1, 2), 	 108
Qmax 10
901000, 	 0.1000, 	 58.50667065050319, 	 (5, 5, 14, 7, 0), 	 243
902000, 	 0.1000, 	 70.65057439136349, 	 (4, 4, 14, 7, 15), 	 82
903000, 	 0.1000, 	 107.33242117045647, 	 (5, 4, 14, 6, 0), 	 90
904000, 	 0.1000, 	 36.82695219019208, 	 (4, 5, 14, 7, 0), 	 24
905000, 	 0.1000, 	 -299.8590096105037, 	 (0, 5, 6, 14, 11), 	 118
906000, 	 0.1000, 	 3.306118692871557, 	 (9, 3, 14, 9, 15), 	 7
907000, 	 0.1000, 	 -401.2102692797894, 	 (0, 4, 11, 13, 14), 	 21
908000, 	 0.1000, 	 19.268280857566605, 	 (5, 5, 14, 6, 0), 	 16
909000, 	 0.1000, 	 4.179379044718856, 	 (5, 4, 14, 7, 0), 	 6
910000, 	 0.1000, 	 -406.3074175060766, 	 (0, 5, 13, 11, 11), 	 26
Qmax 10
911000, 	 0.1000, 	 -400.0961563347985, 	 (0, 4, 13, 4, 0), 	 9
912000, 	 0.1000, 	 -461.9386112134631, 	 (0, 4, 14, 8, 8), 	 183
913000, 	 0.1000, 	 35.02765471198055, 	 (3, 5, 13, 12, 0), 	 30
914000, 	 0.1000, 	 135.51208775359532, 	 (7, 4, 14, 5, 15), 	 165
915000, 	 0.1000, 	 35.094276330385384, 	 (5, 5, 14, 8, 0), 	 57
916000, 	 0.1000, 	 -381.90634242300257, 	 (0, 4, 14, 9, 4), 	 56
917000, 	 0.1000, 	 -401.4766113211076, 	 (0, 5, 4, 14, 8), 	 203
918000, 	 0.1000, 	 18.371305113619304, 	 (5, 5, 11, 14, 0), 	 20
919000, 	 0.1000, 	 20.442977626033507, 	 (5, 4, 14, 9, 15), 	 218
920000, 	 0.1000, 	 2.718295112232508, 	 (5, 5, 14, 8, 0), 	 5
Qmax 10
921000, 	 0.1000, 	 31.387413894522982, 	 (2, 4, 14, 8, 0), 	 33
922000, 	 0.1000, 	 -404.56554782172515, 	 (0, 4, 11, 13, 5), 	 62
923000, 	 0.1000, 	 5.268237685526862, 	 (4, 5, 14, 8, 0), 	 7
924000, 	 0.1000, 	 121.81893624195092, 	 (6, 4, 14, 10, 0), 	 122
925000, 	 0.1000, 	 51.345369314413276, 	 (2, 4, 14, 9, 0), 	 51
926000, 	 0.1000, 	 -398.9922824897133, 	 (0, 4, 11, 13, 4), 	 10
927000, 	 0.1000, 	 117.81088444633518, 	 (4, 4, 13, 12, 0), 	 140
928000, 	 0.1000, 	 18.679884748956123, 	 (3, 5, 11, 2, 0), 	 253
929000, 	 0.1000, 	 9.428157015321837, 	 (4, 5, 12, 13, 15), 	 13
930000, 	 0.1000, 	 -401.5050193797795, 	 (0, 5, 14, 8, 3), 	 13
Qmax 10
931000, 	 0.1000, 	 -336.9587067673844, 	 (0, 5, 9, 14, 3), 	 137
932000, 	 0.1000, 	 64.75852432169563, 	 (3, 5, 14, 8, 0), 	 84
933000, 	 0.1000, 	 14.390124703952232, 	 (2, 5, 14, 5, 0), 	 14
934000, 	 0.1000, 	 30.534407443683058, 	 (4, 5, 14, 9, 0), 	 32
935000, 	 0.1000, 	 7.417173867201579, 	 (3, 5, 14, 8, 0), 	 8
936000, 	 0.1000, 	 -416.90115392941345, 	 (0, 4, 14, 6, 9), 	 47
937000, 	 0.1000, 	 17.497661203111324, 	 (8, 3, 14, 10, 15), 	 27
938000, 	 0.1000, 	 47.94479689759267, 	 (11, 5, 14, 8, 0), 	 76
939000, 	 0.1000, 	 81.53247791891482, 	 (5, 5, 14, 6, 0), 	 80
940000, 	 0.1000, 	 48.0197329813216, 	 (4, 5, 14, 8, 0), 	 51
Qmax 10
941000, 	 0.1000, 	 -364.30042060782176, 	 (0, 5, 5, 1, 0), 	 50
942000, 	 0.1000, 	 91.00479997962492, 	 (3, 5, 14, 7, 0), 	 112
943000, 	 0.1000, 	 21.044715788380238, 	 (3, 6, 14, 4, 15), 	 24
944000, 	 0.1000, 	 6.8529584427082195, 	 (3, 5, 13, 3, 0), 	 10
945000, 	 0.1000, 	 -398.95248194661485, 	 (0, 3, 11, 14, 15), 	 7
946000, 	 0.1000, 	 141.81305688034277, 	 (9, 4, 14, 7, 15), 	 183
947000, 	 0.1000, 	 -392.0770505008735, 	 (0, 3, 12, 13, 15), 	 12
948000, 	 0.1000, 	 99.7817711414401, 	 (6, 5, 13, 4, 0), 	 101
949000, 	 0.1000, 	 -421.11034959913616, 	 (0, 4, 14, 5, 9), 	 115
950000, 	 0.1000, 	 -397.8078296766003, 	 (0, 5, 13, 12, 2), 	 10
Qmax 10
951000, 	 0.1000, 	 160.77357452234543, 	 (5, 4, 14, 4, 0), 	 143
952000, 	 0.1000, 	 -402.22599045559986, 	 (0, 5, 14, 10, 5), 	 10
953000, 	 0.1000, 	 215.49736519604238, 	 (5, 5, 14, 7, 0), 	 297
954000, 	 0.1000, 	 190.87692652536643, 	 (6, 5, 14, 5, 0), 	 208
955000, 	 0.1000, 	 -396.2802237297049, 	 (0, 3, 13, 11, 1), 	 8
956000, 	 0.1000, 	 15.545829006078828, 	 (5, 5, 13, 4, 0), 	 14
957000, 	 0.1000, 	 16.33673916678653, 	 (4, 5, 14, 4, 0), 	 14
958000, 	 0.1000, 	 10.661939201320369, 	 (3, 5, 14, 5, 0), 	 11
959000, 	 0.1000, 	 14.737518368928125, 	 (5, 4, 14, 10, 0), 	 11
960000, 	 0.1000, 	 -393.25654240165323, 	 (0, 3, 11, 14, 15), 	 10
Qmax 10
961000, 	 0.1000, 	 121.71914393440402, 	 (3, 5, 14, 6, 0), 	 289
962000, 	 0.1000, 	 -420.1250203160764, 	 (0, 5, 14, 8, 5), 	 105
963000, 	 0.1000, 	 -369.03728260438675, 	 (0, 5, 4, 14, 9), 	 99
964000, 	 0.1000, 	 -409.60913092817503, 	 (0, 5, 10, 14, 10), 	 81
965000, 	 0.1000, 	 -395.24401081258077, 	 (0, 5, 7, 14, 8), 	 40
966000, 	 0.1000, 	 37.650816633142554, 	 (5, 5, 14, 8, 0), 	 37
967000, 	 0.1000, 	 45.10043025727437, 	 (5, 4, 14, 7, 0), 	 90
968000, 	 0.1000, 	 24.887050996718994, 	 (4, 5, 14, 7, 0), 	 18
969000, 	 0.1000, 	 50.576874490867375, 	 (4, 5, 14, 8, 0), 	 81
970000, 	 0.1000, 	 2.9821615224504314, 	 (15, 3, 14, 5, 15), 	 6
Qmax 10
971000, 	 0.1000, 	 -466.1234838903068, 	 (0, 4, 14, 9, 11), 	 218
972000, 	 0.1000, 	 -423.28506126392944, 	 (0, 5, 14, 8, 10), 	 73
973000, 	 0.1000, 	 4.366996046738286, 	 (5, 4, 13, 3, 0), 	 8
974000, 	 0.1000, 	 18.723297687571, 	 (4, 5, 13, 4, 15), 	 23
975000, 	 0.1000, 	 27.564838387752033, 	 (4, 5, 14, 10, 0), 	 29
976000, 	 0.1000, 	 63.170928236928745, 	 (6, 5, 14, 8, 0), 	 292
977000, 	 0.1000, 	 -399.03098533144373, 	 (0, 5, 11, 13, 11), 	 10
978000, 	 0.1000, 	 -402.5012968388918, 	 (0, 5, 13, 3, 3), 	 11
979000, 	 0.1000, 	 -297.60197383924765, 	 (0, 4, 14, 9, 0), 	 101
980000, 	 0.1000, 	 16.145478618558755, 	 (2, 5, 14, 5, 0), 	 14
Qmax 10
981000, 	 0.1000, 	 -296.93135158798486, 	 (0, 5, 11, 2, 0), 	 147
982000, 	 0.1000, 	 -401.182612600786, 	 (0, 4, 14, 5, 14), 	 89
983000, 	 0.1000, 	 -393.77956473162936, 	 (0, 5, 11, 1, 11), 	 27
984000, 	 0.1000, 	 40.720162326939096, 	 (9, 4, 14, 8, 15), 	 59
985000, 	 0.1000, 	 -317.4976883497105, 	 (0, 4, 8, 14, 7), 	 170
986000, 	 0.1000, 	 -372.56954351805877, 	 (0, 5, 11, 1, 15), 	 28
987000, 	 0.1000, 	 58.99649022887149, 	 (4, 5, 14, 9, 0), 	 45
988000, 	 0.1000, 	 -473.974581424935, 	 (0, 5, 14, 11, 11), 	 217
989000, 	 0.1000, 	 3.088950720943891, 	 (4, 5, 14, 10, 15), 	 7
990000, 	 0.1000, 	 74.2346980592193, 	 (3, 4, 14, 9, 15), 	 81
Qmax 10
991000, 	 0.1000, 	 46.919936978130714, 	 (6, 5, 14, 5, 0), 	 107
992000, 	 0.1000, 	 -402.2696625487954, 	 (0, 5, 14, 4, 3), 	 8
993000, 	 0.1000, 	 46.41593774212956, 	 (4, 5, 14, 5, 0), 	 39/home/robotfish/miniconda3/envs/ai/lib/python3.8/site-packages/gym/logger.py:30: UserWarning: [33mWARN: Box bound precision lowered by casting to float32[0m
  warnings.warn(colorize('%s: %s'%('WARN', msg % args), 'yellow'))

994000, 	 0.1000, 	 78.42829214115574, 	 (2, 4, 14, 8, 0), 	 250
995000, 	 0.1000, 	 -389.2022171419016, 	 (0, 4, 8, 1, 12), 	 22
996000, 	 0.1000, 	 99.82355981777336, 	 (5, 4, 14, 11, 15), 	 102
997000, 	 0.1000, 	 9.702445215147536, 	 (3, 5, 14, 6, 0), 	 11
998000, 	 0.1000, 	 -401.44656819399995, 	 (0, 5, 12, 2, 3), 	 10
999000, 	 0.1000, 	 -392.14444056721067, 	 (0, 5, 9, 1, 6), 	 16
1000000, 	 0.1000, 	 -421.0852319473158, 	 (0, 4, 14, 9, 8), 	 58
Qmax 10
finished
