/home/robotfish/miniconda3/envs/ai/lib/python3.8/site-packages/gym/logger.py:30: UserWarning: [33mWARN: Box bound precision lowered by casting to float32[0m
  warnings.warn(colorize('%s: %s'%('WARN', msg % args), 'yellow'))
0, 	 1.0000, 	 -388.81778094914154, 	 (20, 6, 4, 2, 4), 	 17
Qmax 1
1000, 	 1.0000, 	 -398.64054070625247, 	 (0, 4, 12, 13, 3), 	 14
2000, 	 1.0000, 	 -399.4036337920519, 	 (20, 6, 14, 7, 0), 	 8
3000, 	 1.0000, 	 -401.3358102088235, 	 (0, 4, 13, 12, 15), 	 3
4000, 	 1.0000, 	 -394.6191948821586, 	 (0, 4, 7, 1, 1), 	 11
5000, 	 1.0000, 	 -401.77581503895686, 	 (20, 6, 13, 12, 6), 	 13
6000, 	 1.0000, 	 -400.56220002180896, 	 (20, 6, 13, 12, 7), 	 2
7000, 	 1.0000, 	 -391.332596392246, 	 (20, 7, 13, 4, 0), 	 13
8000, 	 1.0000, 	 -384.9151818489036, 	 (0, 4, 1, 5, 8), 	 10
9000, 	 1.0000, 	 -401.1926540077791, 	 (0, 4, 12, 13, 13), 	 7
10000, 	 1.0000, 	 -373.42457941493814, 	 (0, 5, 12, 2, 15), 	 27
Qmax 16
11000, 	 0.9586, 	 -392.1310622436575, 	 (0, 4, 9, 1, 7), 	 16
12000, 	 0.9208, 	 -401.3266241319932, 	 (0, 4, 14, 5, 5), 	 8
13000, 	 0.8860, 	 -388.6488818860913, 	 (0, 3, 4, 1, 8), 	 16
14000, 	 0.8538, 	 -400.7309126308168, 	 (0, 5, 7, 1, 4), 	 11
15000, 	 0.8239, 	 -406.0781867098056, 	 (0, 3, 14, 8, 12), 	 31
16000, 	 0.7959, 	 -389.6549340469007, 	 (0, 4, 2, 4, 4), 	 16
17000, 	 0.7695, 	 -391.9313339628334, 	 (0, 3, 14, 6, 15), 	 34
18000, 	 0.7447, 	 -374.80070640222687, 	 (20, 6, 6, 14, 0), 	 23
19000, 	 0.7212, 	 -391.7726083538143, 	 (0, 3, 2, 12, 14), 	 13
20000, 	 0.6989, 	 -373.49776263062836, 	 (0, 3, 12, 2, 15), 	 27
Qmax 19
21000, 	 0.6778, 	 -391.05597989404544, 	 (0, 3, 3, 2, 8), 	 7
22000, 	 0.6576, 	 -398.7704753589751, 	 (0, 3, 13, 4, 8), 	 13
23000, 	 0.6383, 	 -388.16838341933476, 	 (0, 3, 13, 3, 15), 	 20
24000, 	 0.6198, 	 -370.91587662932386, 	 (0, 4, 8, 1, 1), 	 23
25000, 	 0.6020, 	 -387.3536396166145, 	 (0, 4, 6, 1, 11), 	 19
26000, 	 0.5850, 	 -399.90522400461657, 	 (0, 4, 13, 12, 1), 	 4
27000, 	 0.5686, 	 -399.66522988897646, 	 (0, 4, 14, 6, 5), 	 12
28000, 	 0.5528, 	 -404.5646119918656, 	 (0, 5, 14, 9, 13), 	 24
29000, 	 0.5376, 	 -341.76473213263915, 	 (0, 4, 6, 14, 0), 	 62
30000, 	 0.5229, 	 -395.8019644959028, 	 (20, 6, 1, 10, 6), 	 3
Qmax 18
31000, 	 0.5086, 	 -394.7922854811268, 	 (0, 4, 14, 5, 15), 	 10
32000, 	 0.4948, 	 29.440037770659554, 	 (6, 4, 14, 5, 0), 	 32
33000, 	 0.4815, 	 -398.1291865390264, 	 (20, 5, 14, 10, 2), 	 16
34000, 	 0.4685, 	 -405.64464593130765, 	 (0, 5, 14, 7, 7), 	 24
35000, 	 0.4559, 	 -334.8765905045697, 	 (20, 6, 4, 2, 12), 	 37
36000, 	 0.4437, 	 -399.77480950306455, 	 (0, 3, 14, 8, 14), 	 9
37000, 	 0.4318, 	 -397.13848624826915, 	 (0, 2, 12, 13, 15), 	 39
38000, 	 0.4202, 	 -340.87998108892884, 	 (20, 5, 3, 13, 2), 	 106
39000, 	 0.4089, 	 -401.0868497300067, 	 (0, 5, 13, 4, 9), 	 4
40000, 	 0.3979, 	 -392.1251248101272, 	 (0, 3, 3, 2, 2), 	 12
Qmax 17
41000, 	 0.3872, 	 -385.6450905265371, 	 (0, 4, 1, 8, 12), 	 16
42000, 	 0.3767, 	 -360.1619922874816, 	 (0, 3, 4, 1, 5), 	 57
43000, 	 0.3665, 	 -396.56372740526496, 	 (0, 3, 12, 13, 5), 	 9
44000, 	 0.3565, 	 -399.2544529843777, 	 (0, 4, 8, 14, 10), 	 14
45000, 	 0.3468, 	 2.7657647055531713, 	 (14, 6, 14, 4, 0), 	 6
46000, 	 0.3372, 	 -401.1428196681576, 	 (20, 6, 14, 7, 4), 	 2
47000, 	 0.3279, 	 -353.6657678963644, 	 (20, 8, 1, 9, 10), 	 36
48000, 	 0.3187, 	 42.57300363400081, 	 (5, 5, 14, 4, 0), 	 47
49000, 	 0.3098, 	 -337.3768759777829, 	 (0, 3, 14, 8, 15), 	 81
50000, 	 0.3010, 	 21.837624911950822, 	 (7, 5, 13, 12, 0), 	 84
Qmax 16
51000, 	 0.2924, 	 28.702015010009276, 	 (10, 5, 14, 5, 0), 	 28
52000, 	 0.2840, 	 -399.9733171552936, 	 (0, 3, 12, 13, 8), 	 11
53000, 	 0.2757, 	 -343.1288656162635, 	 (0, 2, 13, 3, 13), 	 121
54000, 	 0.2676, 	 18.769876150069486, 	 (5, 5, 14, 9, 0), 	 21
55000, 	 0.2596, 	 50.7261143301942, 	 (6, 4, 14, 9, 15), 	 52
56000, 	 0.2518, 	 8.50982996223749, 	 (8, 4, 14, 6, 15), 	 8
57000, 	 0.2441, 	 -403.511265081543, 	 (0, 4, 14, 9, 7), 	 24
58000, 	 0.2366, 	 34.95388152391349, 	 (6, 5, 14, 8, 0), 	 155
59000, 	 0.2291, 	 -401.8164160725208, 	 (0, 3, 14, 10, 9), 	 9
60000, 	 0.2218, 	 8.738305965968122, 	 (7, 4, 14, 5, 0), 	 9
Qmax 15
61000, 	 0.2147, 	 75.25607119273336, 	 (8, 4, 14, 6, 0), 	 90
62000, 	 0.2076, 	 -344.1951306152822, 	 (0, 3, 1, 10, 5), 	 115
63000, 	 0.2007, 	 -401.15064830282614, 	 (0, 4, 14, 11, 7), 	 6
64000, 	 0.1938, 	 34.46237594007962, 	 (6, 5, 14, 4, 0), 	 34
65000, 	 0.1871, 	 -400.6436344846464, 	 (0, 4, 11, 13, 9), 	 9
66000, 	 0.1804, 	 16.7759124687441, 	 (3, 5, 13, 12, 0), 	 18
67000, 	 0.1739, 	 55.53417249439552, 	 (9, 5, 14, 8, 15), 	 53
68000, 	 0.1675, 	 28.630812680221663, 	 (6, 5, 14, 5, 0), 	 20
69000, 	 0.1611, 	 -396.6735283249502, 	 (0, 3, 14, 11, 3), 	 10
70000, 	 0.1549, 	 33.22669213093132, 	 (6, 4, 14, 7, 15), 	 30
Qmax 15
71000, 	 0.1487, 	 4.527808060956854, 	 (6, 5, 14, 4, 0), 	 7
72000, 	 0.1427, 	 53.77879803931975, 	 (5, 4, 14, 8, 15), 	 42
73000, 	 0.1367, 	 65.5972446853, 	 (5, 5, 14, 8, 0), 	 94
74000, 	 0.1308, 	 56.90192976620419, 	 (3, 5, 14, 5, 15), 	 79
75000, 	 0.1249, 	 6.505374513536935, 	 (8, 2, 14, 9, 15), 	 9
76000, 	 0.1192, 	 200.59263967004736, 	 (6, 4, 14, 10, 0), 	 220
77000, 	 0.1135, 	 62.43769661024257, 	 (9, 5, 14, 9, 0), 	 63
78000, 	 0.1079, 	 -425.22821810158615, 	 (0, 4, 13, 11, 15), 	 116
79000, 	 0.1024, 	 -498.39190261309767, 	 (0, 4, 13, 12, 12), 	 376
80000, 	 0.1000, 	 3.7938077872845466, 	 (9, 3, 14, 10, 0), 	 5
Qmax 15
81000, 	 0.1000, 	 27.09035446407137, 	 (6, 5, 14, 8, 0), 	 26
82000, 	 0.1000, 	 -398.88267723993795, 	 (0, 3, 11, 14, 8), 	 7
83000, 	 0.1000, 	 98.24223822726502, 	 (7, 5, 14, 5, 0), 	 220
84000, 	 0.1000, 	 46.614845937627095, 	 (3, 5, 14, 5, 0), 	 332
85000, 	 0.1000, 	 22.40847200542513, 	 (4, 5, 14, 9, 0), 	 25
86000, 	 0.1000, 	 -364.60441259482843, 	 (0, 4, 11, 1, 6), 	 90
87000, 	 0.1000, 	 12.187443462369439, 	 (7, 5, 14, 7, 0), 	 708
88000, 	 0.1000, 	 -435.1827700921183, 	 (0, 5, 4, 13, 13), 	 305
89000, 	 0.1000, 	 -396.28502275081973, 	 (0, 4, 14, 8, 15), 	 9
90000, 	 0.1000, 	 47.56130981590095, 	 (4, 5, 14, 5, 15), 	 117
Qmax 15
91000, 	 0.1000, 	 77.90118436474984, 	 (5, 4, 14, 10, 15), 	 69
92000, 	 0.1000, 	 106.5924185422619, 	 (5, 5, 14, 7, 15), 	 183
93000, 	 0.1000, 	 17.068418426620994, 	 (3, 5, 13, 12, 0), 	 19
94000, 	 0.1000, 	 99.17096327005032, 	 (7, 4, 14, 10, 15), 	 232
95000, 	 0.1000, 	 31.929388726538512, 	 (6, 5, 13, 3, 0), 	 31
96000, 	 0.1000, 	 190.33618560544897, 	 (5, 5, 14, 4, 0), 	 301
97000, 	 0.1000, 	 -395.5896746575904, 	 (0, 5, 5, 1, 1), 	 11
98000, 	 0.1000, 	 31.396917345398755, 	 (4, 4, 13, 12, 15), 	 23
99000, 	 0.1000, 	 -403.7814649350658, 	 (0, 4, 14, 8, 11), 	 19
100000, 	 0.1000, 	 -385.7441109389833, 	 (20, 5, 13, 3, 15), 	 31
Qmax 15
finished
