0, 	 1.0000, 	 -398.6523255975849, 	 (0, 4, 11, 13, 6), 	 14
Qmax 0
1000, 	 1.0000, 	 -401.7033474114384, 	 (0, 5, 14, 7, 8), 	 21
2000, 	 1.0000, 	 -381.3136292860767, 	 (20, 5, 11, 2, 14), 	 25
3000, 	 1.0000, 	 -400.1423578720615, 	 (20, 7, 14, 6, 0), 	 9
4000, 	 1.0000, 	 -398.24175409466255, 	 (20, 6, 9, 1, 7), 	 22
5000, 	 1.0000, 	 -360.3619059231998, 	 (20, 6, 1, 9, 7), 	 29
6000, 	 1.0000, 	 -398.8606626191605, 	 (20, 6, 10, 14, 13), 	 9
7000, 	 1.0000, 	 -394.0593692883207, 	 (20, 6, 8, 14, 7), 	 15
8000, 	 1.0000, 	 -372.4882409258053, 	 (20, 7, 3, 12, 14), 	 30
9000, 	 1.0000, 	 -393.33060724285815, 	 (20, 6, 4, 13, 3), 	 5
10000, 	 1.0000, 	 -389.9030274176091, 	 (20, 6, 9, 14, 8), 	 18
Qmax 15
11000, 	 0.9586, 	 -375.75871051828597, 	 (0, 3, 14, 11, 15), 	 27
12000, 	 0.9208, 	 -386.02084547640146, 	 (20, 6, 12, 2, 1), 	 30
13000, 	 0.8860, 	 -395.9872727999931, 	 (0, 4, 5, 14, 9), 	 12
14000, 	 0.8538, 	 -401.2583345503103, 	 (0, 4, 14, 8, 15), 	 3
15000, 	 0.8239, 	 -392.29210359730365, 	 (0, 2, 14, 7, 15), 	 12
16000, 	 0.7959, 	 -368.6718175617849, 	 (0, 4, 3, 13, 2), 	 27
17000, 	 0.7695, 	 -400.0361811038153, 	 (0, 4, 10, 14, 11), 	 10
18000, 	 0.7447, 	 -394.7159350134295, 	 (0, 4, 14, 7, 15), 	 9
19000, 	 0.7212, 	 -371.23319476391606, 	 (0, 4, 4, 13, 2), 	 25
20000, 	 0.6989, 	 -401.0173721263379, 	 (0, 3, 14, 11, 12), 	 17
Qmax 17
21000, 	 0.6778, 	 -399.5192630657924, 	 (0, 4, 11, 1, 11), 	 18
22000, 	 0.6576, 	 -397.0397249635562, 	 (20, 6, 14, 5, 14), 	 9
23000, 	 0.6383, 	 -367.00402161756494, 	 (0, 3, 2, 4, 10), 	 26
24000, 	 0.6198, 	 -382.1275582229442, 	 (0, 5, 3, 13, 7), 	 21
25000, 	 0.6020, 	 -400.4880280062901, 	 (0, 4, 13, 11, 12), 	 15
26000, 	 0.5850, 	 -402.5037656945601, 	 (0, 4, 14, 6, 5), 	 18
27000, 	 0.5686, 	 -374.88648159968864, 	 (0, 5, 5, 14, 14), 	 33
28000, 	 0.5528, 	 -388.3852618161039, 	 (0, 4, 1, 7, 12), 	 15
29000, 	 0.5376, 	 -319.7923005425798, 	 (20, 6, 11, 2, 0), 	 73
30000, 	 0.5229, 	 -386.9821968624053, 	 (0, 3, 11, 13, 12), 	 49
Qmax 18
31000, 	 0.5086, 	 -374.0075289890581, 	 (0, 4, 1, 4, 6), 	 33
32000, 	 0.4948, 	 -340.6620994107236, 	 (0, 4, 4, 2, 3), 	 60
33000, 	 0.4815, 	 -415.69060620613874, 	 (0, 5, 13, 11, 8), 	 43
34000, 	 0.4685, 	 -275.0412787682597, 	 (20, 6, 4, 14, 5), 	 131
35000, 	 0.4559, 	 -384.27368862468455, 	 (0, 3, 14, 10, 15), 	 39
36000, 	 0.4437, 	 -380.3081387383051, 	 (0, 4, 13, 12, 0), 	 20
37000, 	 0.4318, 	 -396.2935189136412, 	 (0, 3, 14, 7, 14), 	 17
38000, 	 0.4202, 	 -407.7548466459913, 	 (0, 5, 14, 6, 4), 	 35
39000, 	 0.4089, 	 -349.1547016967892, 	 (0, 4, 1, 6, 5), 	 48
40000, 	 0.3979, 	 -384.50121242944834, 	 (0, 3, 3, 13, 6), 	 17
Qmax 17
41000, 	 0.3872, 	 -382.60511024320766, 	 (0, 3, 1, 8, 4), 	 17
42000, 	 0.3767, 	 -377.69082284167484, 	 (20, 6, 12, 12, 4), 	 37
43000, 	 0.3665, 	 -395.6024573518549, 	 (0, 4, 14, 6, 13), 	 23
44000, 	 0.3565, 	 -294.76757425140545, 	 (0, 5, 1, 10, 0), 	 117
45000, 	 0.3468, 	 -394.52698601099416, 	 (0, 5, 12, 13, 0), 	 7
46000, 	 0.3372, 	 -394.0607666429889, 	 (0, 4, 3, 13, 9), 	 260
47000, 	 0.3279, 	 -373.51031536709166, 	 (0, 4, 13, 3, 15), 	 86
48000, 	 0.3187, 	 -311.35017709732864, 	 (0, 4, 2, 3, 12), 	 97
49000, 	 0.3098, 	 -400.9541314712412, 	 (0, 3, 14, 6, 8), 	 10
50000, 	 0.3010, 	 -361.38067267139047, 	 (0, 5, 12, 13, 14), 	 43
Qmax 17
51000, 	 0.2924, 	 -389.3560046083738, 	 (0, 3, 1, 9, 6), 	 6
52000, 	 0.2840, 	 -400.2859582876976, 	 (0, 5, 12, 2, 11), 	 14
53000, 	 0.2757, 	 -384.3635595984263, 	 (0, 4, 4, 1, 3), 	 17
54000, 	 0.2676, 	 -254.30171579096654, 	 (0, 4, 1, 8, 0), 	 178
55000, 	 0.2596, 	 -385.55398191457255, 	 (0, 3, 14, 6, 10), 	 37
56000, 	 0.2518, 	 -383.65067551367724, 	 (0, 5, 3, 2, 0), 	 16
57000, 	 0.2441, 	 -401.2761979424009, 	 (0, 3, 14, 7, 7), 	 8
58000, 	 0.2366, 	 -399.0314734810242, 	 (0, 3, 12, 13, 6), 	 8
59000, 	 0.2291, 	 -398.88428445154307, 	 (0, 3, 12, 3, 5), 	 10
60000, 	 0.2218, 	 -283.8463384889486, 	 (20, 6, 1, 5, 14), 	 110
Qmax 16
61000, 	 0.2147, 	 -237.42159566299108, 	 (0, 4, 3, 13, 0), 	 168
62000, 	 0.2076, 	 -245.75358610429268, 	 (0, 4, 14, 8, 15), 	 199
63000, 	 0.2007, 	 -403.1524091548972, 	 (0, 4, 11, 14, 9), 	 134
64000, 	 0.1938, 	 -144.39513596270527, 	 (0, 4, 4, 13, 0), 	 256
65000, 	 0.1871, 	 -396.6347832577384, 	 (0, 3, 13, 4, 14), 	 8
66000, 	 0.1804, 	 -400.814418874658, 	 (20, 6, 13, 12, 8), 	 2
67000, 	 0.1739, 	 130.001884206579, 	 (0, 3, 3, 13, 0), 	 577
68000, 	 0.1675, 	 -353.42225170608566, 	 (0, 4, 12, 2, 7), 	 56
69000, 	 0.1611, 	 -399.0694987203203, 	 (0, 3, 13, 11, 15), 	 8
70000, 	 0.1549, 	 -62.46464438049554, 	 (0, 3, 1, 8, 0), 	 347
Qmax 16
71000, 	 0.1487, 	 -258.08708078029406, 	 (0, 4, 4, 1, 14), 	 271
72000, 	 0.1427, 	 -248.76337311615532, 	 (0, 4, 1, 4, 0), 	 146
73000, 	 0.1367, 	 -333.07547537368407, 	 (0, 4, 10, 1, 0), 	 101
74000, 	 0.1308, 	 -391.8590269371359, 	 (0, 4, 11, 2, 0), 	 12
75000, 	 0.1249, 	 -371.6946058943646, 	 (0, 4, 13, 11, 15), 	 23
76000, 	 0.1192, 	 -382.0518884445301, 	 (0, 4, 14, 9, 3), 	 238
77000, 	 0.1135, 	 -348.1528572873778, 	 (0, 4, 8, 14, 15), 	 52
78000, 	 0.1079, 	 -272.3883185209618, 	 (0, 4, 9, 1, 0), 	 134
79000, 	 0.1024, 	 -320.6509588573731, 	 (0, 4, 6, 14, 0), 	 83
80000, 	 0.1000, 	 -129.79846348005174, 	 (0, 4, 1, 10, 0), 	 296
Qmax 16
81000, 	 0.1000, 	 -391.29812652370464, 	 (0, 3, 10, 14, 0), 	 7
82000, 	 0.1000, 	 -398.41190527068545, 	 (0, 3, 7, 14, 12), 	 8
83000, 	 0.1000, 	 -260.30125843640235, 	 (0, 3, 13, 3, 10), 	 196
84000, 	 0.1000, 	 -240.07005506409752, 	 (0, 4, 4, 13, 15), 	 192
85000, 	 0.1000, 	 737.7504900454227, 	 (4, 5, 12, 13, 15), 	 800
86000, 	 0.1000, 	 168.01988851106938, 	 (0, 3, 1, 11, 0), 	 646
87000, 	 0.1000, 	 -268.0168562899467, 	 (0, 5, 2, 12, 0), 	 127
88000, 	 0.1000, 	 -315.3845550413667, 	 (0, 5, 11, 13, 8), 	 227
89000, 	 0.1000, 	 52.67669658318454, 	 (0, 4, 1, 11, 0), 	 641
90000, 	 0.1000, 	 -409.4253011369837, 	 (0, 5, 14, 9, 12), 	 75
Qmax 15
91000, 	 0.1000, 	 812.7996027599686, 	 (4, 5, 7, 14, 0), 	 800
92000, 	 0.1000, 	 83.77288169749903, 	 (0, 4, 5, 14, 12), 	 513
93000, 	 0.1000, 	 -384.5407612787142, 	 (0, 4, 13, 12, 15), 	 32
94000, 	 0.1000, 	 -400.1220991566457, 	 (0, 5, 11, 13, 9), 	 10
95000, 	 0.1000, 	 -285.3669506324579, 	 (0, 4, 2, 12, 0), 	 132
96000, 	 0.1000, 	 -177.12281408273427, 	 (0, 4, 1, 6, 0), 	 239
97000, 	 0.1000, 	 -9.80485389930584, 	 (0, 4, 2, 4, 3), 	 463
98000, 	 0.1000, 	 -273.6559088327524, 	 (0, 5, 1, 11, 1), 	 135
99000, 	 0.1000, 	 -281.84406842665044, 	 (0, 4, 2, 3, 0), 	 156
100000, 	 0.1000, 	 -73.70338304751658, 	 (0, 5, 13, 11, 0), 	 346
Qmax 14
101000, 	 0.1000, 	 -216.5921196911264, 	 (0, 5, 2, 3, 0), 	 178
102000, 	 0.1000, 	 -484.45537436167797, 	 (0, 5, 14, 10, 8), 	 335
103000, 	 0.1000, 	 -482.78124358799096, 	 (0, 4, 13, 11, 10), 	 326
104000, 	 0.1000, 	 -225.984776474916, 	 (0, 3, 3, 2, 2), 	 163
105000, 	 0.1000, 	 -381.7348263525096, 	 (0, 3, 9, 14, 15), 	 36
106000, 	 0.1000, 	 -22.77717432548809, 	 (0, 4, 10, 14, 15), 	 384
107000, 	 0.1000, 	 -245.46084208334852, 	 (0, 4, 13, 12, 15), 	 174
108000, 	 0.1000, 	 -180.38991104205982, 	 (0, 4, 7, 1, 10), 	 221
109000, 	 0.1000, 	 787.7208663876908, 	 (5, 5, 9, 14, 0), 	 800
110000, 	 0.1000, 	 -436.6893205050237, 	 (0, 4, 11, 14, 13), 	 175
Qmax 13
111000, 	 0.1000, 	 -364.26084078087615, 	 (0, 5, 5, 14, 11), 	 52
112000, 	 0.1000, 	 -219.3961209037106, 	 (0, 4, 5, 1, 0), 	 194
113000, 	 0.1000, 	 73.02832594460011, 	 (0, 4, 4, 14, 9), 	 571
114000, 	 0.1000, 	 100.04481703691647, 	 (0, 4, 1, 9, 0), 	 538
115000, 	 0.1000, 	 -364.4797721307573, 	 (0, 4, 14, 6, 0), 	 35
116000, 	 0.1000, 	 143.50190184731593, 	 (0, 4, 7, 14, 12), 	 555
117000, 	 0.1000, 	 361.9387281854465, 	 (0, 4, 6, 1, 0), 	 753
118000, 	 0.1000, 	 -379.32827255175675, 	 (0, 4, 2, 12, 13), 	 19
119000, 	 0.1000, 	 -271.15541292532606, 	 (0, 4, 7, 14, 0), 	 468
120000, 	 0.1000, 	 -334.62068571392837, 	 (0, 4, 11, 13, 15), 	 146
Qmax 13
121000, 	 0.1000, 	 -393.871774585847, 	 (0, 4, 6, 14, 10), 	 102
122000, 	 0.1000, 	 -323.8995904742077, 	 (0, 4, 8, 1, 2), 	 107
123000, 	 0.1000, 	 -280.0258061178629, 	 (0, 3, 1, 8, 0), 	 105
124000, 	 0.1000, 	 -342.8053003522608, 	 (0, 4, 2, 3, 0), 	 67
125000, 	 0.1000, 	 282.1778463669339, 	 (0, 4, 8, 1, 0), 	 712
126000, 	 0.1000, 	 -161.22350971862818, 	 (0, 3, 3, 2, 0), 	 293
127000, 	 0.1000, 	 -280.39389974173906, 	 (0, 4, 2, 4, 0), 	 278
128000, 	 0.1000, 	 -235.98728084758395, 	 (0, 4, 1, 9, 1), 	 218
129000, 	 0.1000, 	 789.4062650332556, 	 (6, 5, 11, 14, 0), 	 800
130000, 	 0.1000, 	 -334.96717275267423, 	 (0, 5, 1, 7, 0), 	 67
Qmax 13
131000, 	 0.1000, 	 -165.80280035264076, 	 (0, 5, 9, 1, 2), 	 308
132000, 	 0.1000, 	 114.47919573269746, 	 (0, 5, 1, 8, 2), 	 503
133000, 	 0.1000, 	 -339.30184930319507, 	 (0, 4, 14, 8, 15), 	 72
134000, 	 0.1000, 	 -356.3073564802355, 	 (0, 5, 4, 14, 6), 	 69
135000, 	 0.1000, 	 -432.4473065008938, 	 (0, 5, 14, 11, 9), 	 122
136000, 	 0.1000, 	 686.8736891118473, 	 (6, 5, 1, 10, 13), 	 800
137000, 	 0.1000, 	 -260.83060999321935, 	 (0, 4, 4, 14, 7), 	 237
138000, 	 0.1000, 	 -395.7256551392711, 	 (0, 4, 9, 14, 4), 	 12
139000, 	 0.1000, 	 -400.20403468777585, 	 (0, 3, 14, 8, 12), 	 8
140000, 	 0.1000, 	 -400.14913254414387, 	 (0, 4, 11, 1, 4), 	 10
Qmax 13
141000, 	 0.1000, 	 -229.49547049627103, 	 (0, 3, 2, 3, 0), 	 190
142000, 	 0.1000, 	 -387.84412585932847, 	 (0, 4, 14, 8, 15), 	 40
143000, 	 0.1000, 	 157.21025380202877, 	 (0, 4, 3, 13, 12), 	 618
144000, 	 0.1000, 	 -350.7159945207229, 	 (0, 3, 1, 5, 0), 	 52
145000, 	 0.1000, 	 -94.63199217407373, 	 (0, 4, 2, 3, 4), 	 350
146000, 	 0.1000, 	 -453.52259165618, 	 (0, 4, 14, 5, 7), 	 196
147000, 	 0.1000, 	 -308.5105344355141, 	 (0, 4, 3, 2, 0), 	 92
148000, 	 0.1000, 	 -75.59662221232117, 	 (0, 5, 4, 1, 0), 	 357
149000, 	 0.1000, 	 -440.97195598220753, 	 (0, 5, 3, 13, 15), 	 326
150000, 	 0.1000, 	 -97.27828269281969, 	 (0, 4, 5, 1, 0), 	 569
Qmax 13
151000, 	 0.1000, 	 722.0576787284272, 	 (5, 6, 13, 11, 0), 	 800
152000, 	 0.1000, 	 -331.0039959498253, 	 (0, 5, 1, 9, 0), 	 65
153000, 	 0.1000, 	 -397.2658412621682, 	 (0, 5, 8, 14, 7), 	 10
154000, 	 0.1000, 	 -325.5574495556863, 	 (0, 4, 5, 1, 1), 	 112
155000, 	 0.1000, 	 -359.0762853246429, 	 (0, 4, 7, 14, 8), 	 127
156000, 	 0.1000, 	 -379.37751393553685, 	 (0, 4, 14, 10, 15), 	 17
157000, 	 0.1000, 	 -482.0753027904507, 	 (0, 4, 14, 8, 6), 	 312
158000, 	 0.1000, 	 -239.50036249958762, 	 (0, 5, 3, 13, 0), 	 157
159000, 	 0.1000, 	 41.34204803992941, 	 (0, 4, 9, 1, 9), 	 753
160000, 	 0.1000, 	 -156.61082691332783, 	 (0, 5, 5, 14, 8), 	 333
Qmax 13
161000, 	 0.1000, 	 -394.3745522255879, 	 (0, 4, 7, 14, 14), 	 24
162000, 	 0.1000, 	 -448.87140286761905, 	 (0, 4, 14, 9, 9), 	 152
163000, 	 0.1000, 	 341.28899850527887, 	 (0, 5, 13, 3, 0), 	 716
164000, 	 0.1000, 	 -356.4016595404603, 	 (0, 3, 10, 14, 15), 	 105
165000, 	 0.1000, 	 -101.81358738682479, 	 (0, 4, 4, 2, 5), 	 289
166000, 	 0.1000, 	 -255.6222692102228, 	 (0, 4, 1, 8, 0), 	 212
167000, 	 0.1000, 	 -552.6820799023551, 	 (0, 4, 14, 11, 7), 	 592
168000, 	 0.1000, 	 119.59543748791788, 	 (0, 5, 1, 7, 3), 	 477
169000, 	 0.1000, 	 -434.9160170416441, 	 (0, 4, 14, 6, 10), 	 212
170000, 	 0.1000, 	 -375.7806192819512, 	 (0, 3, 12, 2, 3), 	 67
Qmax 12
171000, 	 0.1000, 	 -358.801409891429, 	 (0, 5, 10, 14, 0), 	 220
172000, 	 0.1000, 	 -316.89251788027485, 	 (0, 4, 7, 14, 8), 	 91
173000, 	 0.1000, 	 -181.3835015243988, 	 (0, 4, 3, 13, 0), 	 220
174000, 	 0.1000, 	 270.2885719640715, 	 (0, 4, 14, 8, 15), 	 730
175000, 	 0.1000, 	 -194.85666777173415, 	 (0, 4, 2, 11, 0), 	 242
176000, 	 0.1000, 	 -411.97659560166386, 	 (0, 4, 14, 8, 6), 	 49
177000, 	 0.1000, 	 -401.89226687003173, 	 (0, 5, 14, 10, 13), 	 10
178000, 	 0.1000, 	 -135.2160680254554, 	 (0, 4, 12, 13, 15), 	 483
179000, 	 0.1000, 	 -400.9461899888065, 	 (0, 4, 12, 2, 5), 	 11
180000, 	 0.1000, 	 -395.16517047197243, 	 (0, 3, 11, 1, 2), 	 11
Qmax 12
181000, 	 0.1000, 	 -499.1960452106613, 	 (0, 5, 12, 13, 7), 	 305
182000, 	 0.1000, 	 -394.60971635044837, 	 (0, 4, 10, 14, 5), 	 63
183000, 	 0.1000, 	 -285.82033562467973, 	 (0, 5, 2, 3, 0), 	 219
184000, 	 0.1000, 	 -393.26990192810837, 	 (0, 5, 14, 4, 11), 	 163
185000, 	 0.1000, 	 791.9822340312904, 	 (1, 5, 5, 14, 9), 	 800
186000, 	 0.1000, 	 152.71856039431208, 	 (0, 4, 4, 2, 0), 	 543
187000, 	 0.1000, 	 489.9216514318464, 	 (10, 5, 8, 1, 15), 	 800
188000, 	 0.1000, 	 -202.50037912785223, 	 (0, 5, 2, 12, 1), 	 313
189000, 	 0.1000, 	 0.046530477185172, 	 (0, 5, 10, 14, 15), 	 482
190000, 	 0.1000, 	 -399.3691309544061, 	 (0, 4, 11, 13, 5), 	 9
Qmax 12
191000, 	 0.1000, 	 -293.90235004594496, 	 (0, 4, 4, 2, 3), 	 134
192000, 	 0.1000, 	 -248.19116354897503, 	 (0, 4, 1, 4, 0), 	 703
193000, 	 0.1000, 	 -392.3619162550136, 	 (0, 4, 12, 13, 2), 	 19
194000, 	 0.1000, 	 -168.39554773941555, 	 (0, 4, 4, 2, 7), 	 234
195000, 	 0.1000, 	 -358.89657523319227, 	 (0, 4, 9, 14, 15), 	 53
196000, 	 0.1000, 	 -430.8906823771649, 	 (0, 4, 13, 12, 14), 	 171
197000, 	 0.1000, 	 -182.8249962828268, 	 (0, 5, 5, 1, 0), 	 220
198000, 	 0.1000, 	 -367.2605237888406, 	 (0, 4, 10, 1, 3), 	 67
199000, 	 0.1000, 	 -400.2836537746798, 	 (0, 5, 12, 13, 9), 	 10
200000, 	 0.1000, 	 -170.60007867069723, 	 (0, 4, 2, 3, 3), 	 283
Qmax 12
201000, 	 0.1000, 	 -390.65167866383786, 	 (0, 5, 5, 14, 11), 	 16
202000, 	 0.1000, 	 -188.9483867569556, 	 (0, 5, 3, 2, 4), 	 211
203000, 	 0.1000, 	 -392.80185581884166, 	 (0, 4, 14, 7, 0), 	 9
204000, 	 0.1000, 	 197.88813279800434, 	 (0, 5, 2, 12, 0), 	 622
205000, 	 0.1000, 	 -448.8033997634751, 	 (0, 5, 13, 12, 7), 	 163
206000, 	 0.1000, 	 -235.1699863006691, 	 (0, 5, 8, 14, 3), 	 177
207000, 	 0.1000, 	 -274.8613570076585, 	 (0, 4, 2, 3, 0), 	 113
208000, 	 0.1000, 	 -137.8707230290401, 	 (0, 5, 10, 1, 0), 	 320
209000, 	 0.1000, 	 -434.0248432242353, 	 (0, 4, 13, 12, 9), 	 105
210000, 	 0.1000, 	 -220.36066256588882, 	 (0, 4, 1, 9, 0), 	 172
Qmax 12
211000, 	 0.1000, 	 94.54900209798109, 	 (0, 5, 1, 6, 15), 	 628
212000, 	 0.1000, 	 -328.61276652170613, 	 (0, 4, 1, 4, 0), 	 79
213000, 	 0.1000, 	 -311.0115332517647, 	 (0, 4, 8, 1, 0), 	 109
214000, 	 0.1000, 	 -420.14537129251175, 	 (0, 4, 11, 1, 9), 	 258
215000, 	 0.1000, 	 -13.164783047010985, 	 (0, 5, 2, 12, 0), 	 548
216000, 	 0.1000, 	 -406.44698237176647, 	 (0, 4, 12, 13, 9), 	 26
217000, 	 0.1000, 	 -389.4548828274532, 	 (0, 4, 14, 9, 15), 	 12
218000, 	 0.1000, 	 -342.58973863395914, 	 (0, 4, 6, 1, 3), 	 106
219000, 	 0.1000, 	 -97.1067953591741, 	 (0, 3, 7, 14, 15), 	 292
220000, 	 0.1000, 	 -210.89918912023134, 	 (0, 4, 6, 14, 15), 	 261
Qmax 12
221000, 	 0.1000, 	 -110.09781952178412, 	 (0, 4, 2, 3, 1), 	 358
222000, 	 0.1000, 	 -390.34210582081033, 	 (0, 4, 3, 2, 12), 	 6
223000, 	 0.1000, 	 -268.3100700777203, 	 (0, 5, 10, 1, 0), 	 142
224000, 	 0.1000, 	 -402.00140750352676, 	 (0, 5, 13, 3, 7), 	 8
225000, 	 0.1000, 	 -413.2306868191631, 	 (0, 4, 9, 14, 11), 	 116
226000, 	 0.1000, 	 -388.05218164220446, 	 (0, 5, 14, 5, 15), 	 26
227000, 	 0.1000, 	 -397.81948006986676, 	 (0, 5, 11, 13, 4), 	 16
228000, 	 0.1000, 	 651.2041518850717, 	 (8, 4, 14, 5, 15), 	 800
229000, 	 0.1000, 	 567.9915818980495, 	 (6, 6, 2, 4, 3), 	 800
230000, 	 0.1000, 	 -407.16249553723475, 	 (0, 4, 10, 1, 12), 	 360
Qmax 12
231000, 	 0.1000, 	 -438.42669990812726, 	 (0, 4, 14, 10, 11), 	 104
232000, 	 0.1000, 	 -434.20801586210814, 	 (0, 5, 14, 5, 12), 	 200
233000, 	 0.1000, 	 97.84881013107088, 	 (0, 3, 7, 1, 0), 	 507
234000, 	 0.1000, 	 -269.4305375080679, 	 (0, 4, 1, 10, 0), 	 216
235000, 	 0.1000, 	 -545.7751679418495, 	 (0, 5, 14, 9, 7), 	 445
236000, 	 0.1000, 	 -249.01291489102894, 	 (0, 4, 1, 8, 0), 	 147
237000, 	 0.1000, 	 -146.55373214064247, 	 (0, 5, 4, 14, 7), 	 537
238000, 	 0.1000, 	 -406.48621832600224, 	 (0, 5, 14, 11, 10), 	 30
239000, 	 0.1000, 	 -399.93793059831995, 	 (0, 3, 14, 11, 4), 	 8
240000, 	 0.1000, 	 -325.857105140596, 	 (0, 4, 4, 14, 14), 	 154
Qmax 12
241000, 	 0.1000, 	 -90.77088769649589, 	 (0, 5, 5, 14, 15), 	 311
242000, 	 0.1000, 	 -341.1666527068188, 	 (0, 4, 8, 14, 6), 	 76
243000, 	 0.1000, 	 -107.01140602254378, 	 (0, 4, 5, 14, 6), 	 498
244000, 	 0.1000, 	 -387.43011419281027, 	 (0, 4, 9, 1, 0), 	 15
245000, 	 0.1000, 	 -40.64720364402541, 	 (0, 4, 1, 10, 0), 	 357
246000, 	 0.1000, 	 -391.50899843427726, 	 (0, 5, 6, 1, 9), 	 93
247000, 	 0.1000, 	 152.77516216360738, 	 (0, 4, 13, 3, 15), 	 635
248000, 	 0.1000, 	 365.18110654994535, 	 (0, 4, 1, 5, 0), 	 796
249000, 	 0.1000, 	 -344.4206810351834, 	 (0, 4, 1, 8, 0), 	 50
250000, 	 0.1000, 	 -407.1023319728809, 	 (0, 4, 14, 11, 9), 	 26
Qmax 12
251000, 	 0.1000, 	 -174.11687562785977, 	 (0, 5, 10, 14, 0), 	 224
252000, 	 0.1000, 	 -362.15343500743023, 	 (0, 4, 5, 14, 6), 	 72
253000, 	 0.1000, 	 -389.7369860835307, 	 (0, 5, 5, 14, 6), 	 31
254000, 	 0.1000, 	 -401.7486344881037, 	 (0, 4, 14, 11, 5), 	 10
255000, 	 0.1000, 	 -360.8891950282109, 	 (0, 4, 6, 1, 8), 	 97
256000, 	 0.1000, 	 -24.5628062129378, 	 (0, 5, 1, 5, 4), 	 439
257000, 	 0.1000, 	 -174.34242521873304, 	 (0, 5, 14, 5, 0), 	 348
258000, 	 0.1000, 	 603.4224778995949, 	 (5, 4, 13, 11, 0), 	 800
259000, 	 0.1000, 	 -358.78558266992303, 	 (0, 4, 1, 6, 0), 	 44
260000, 	 0.1000, 	 -242.85989873674393, 	 (0, 4, 14, 7, 3), 	 359
Qmax 12
261000, 	 0.1000, 	 -424.5622868326992, 	 (0, 5, 13, 12, 10), 	 79
262000, 	 0.1000, 	 -401.8488796270418, 	 (0, 5, 10, 14, 6), 	 62
263000, 	 0.1000, 	 -232.98676643553654, 	 (0, 5, 10, 14, 0), 	 173
264000, 	 0.1000, 	 552.8519083553139, 	 (4, 5, 1, 10, 9), 	 800
265000, 	 0.1000, 	 -121.79087564501299, 	 (0, 5, 4, 2, 0), 	 264
266000, 	 0.1000, 	 -309.42285461659856, 	 (0, 4, 1, 5, 1), 	 107
267000, 	 0.1000, 	 -415.36935517320285, 	 (0, 4, 9, 14, 11), 	 92
268000, 	 0.1000, 	 -357.6274837604102, 	 (0, 4, 9, 14, 15), 	 49
269000, 	 0.1000, 	 -208.1237322813973, 	 (0, 4, 10, 1, 8), 	 257
270000, 	 0.1000, 	 250.65656791944343, 	 (0, 4, 12, 13, 15), 	 646
Qmax 12
271000, 	 0.1000, 	 -298.9547785327693, 	 (0, 4, 9, 14, 12), 	 134
272000, 	 0.1000, 	 -421.1148790608874, 	 (0, 4, 13, 11, 13), 	 157
273000, 	 0.1000, 	 -288.49456071031494, 	 (0, 5, 6, 14, 0), 	 131
274000, 	 0.1000, 	 -473.7048555169742, 	 (0, 4, 14, 10, 9), 	 226
275000, 	 0.1000, 	 -342.2853134462937, 	 (0, 5, 6, 14, 15), 	 53
276000, 	 0.1000, 	 -207.37094717382377, 	 (0, 4, 4, 1, 4), 	 231
277000, 	 0.1000, 	 -299.0344465229769, 	 (0, 4, 5, 14, 0), 	 110
278000, 	 0.1000, 	 -440.49993167189024, 	 (0, 5, 14, 5, 10), 	 166
279000, 	 0.1000, 	 51.631204629938225, 	 (0, 4, 11, 2, 12), 	 567
280000, 	 0.1000, 	 -372.49848963458544, 	 (0, 3, 7, 14, 15), 	 65
Qmax 12
281000, 	 0.1000, 	 -281.67690604206086, 	 (0, 4, 10, 1, 9), 	 239
282000, 	 0.1000, 	 -402.20198443836244, 	 (0, 5, 14, 10, 6), 	 6
283000, 	 0.1000, 	 -245.1404849542995, 	 (0, 4, 7, 1, 0), 	 167
284000, 	 0.1000, 	 -438.6555410092063, 	 (0, 5, 14, 8, 10), 	 113
285000, 	 0.1000, 	 -375.38092267861106, 	 (0, 4, 12, 13, 15), 	 27
286000, 	 0.1000, 	 -228.5757772486018, 	 (0, 4, 5, 1, 2), 	 183
287000, 	 0.1000, 	 786.4925018802386, 	 (12, 6, 2, 3, 13), 	 800
288000, 	 0.1000, 	 359.03427181671026, 	 (6, 5, 1, 5, 0), 	 800
289000, 	 0.1000, 	 -406.73514841550946, 	 (0, 5, 12, 13, 10), 	 35
290000, 	 0.1000, 	 -4.098916807752062, 	 (0, 4, 1, 5, 0), 	 399
Qmax 12
291000, 	 0.1000, 	 -292.2742325428815, 	 (20, 5, 8, 1, 0), 	 104
292000, 	 0.1000, 	 -259.78872731941806, 	 (0, 5, 6, 1, 9), 	 157
293000, 	 0.1000, 	 -367.16561196178907, 	 (0, 4, 2, 4, 1), 	 175
294000, 	 0.1000, 	 -357.02822445983026, 	 (0, 5, 3, 2, 0), 	 109
295000, 	 0.1000, 	 -545.6831475218478, 	 (0, 4, 13, 11, 12), 	 559
296000, 	 0.1000, 	 -195.57498485017504, 	 (0, 5, 5, 1, 0), 	 239
297000, 	 0.1000, 	 -397.35182275305675, 	 (0, 4, 14, 11, 15), 	 8
298000, 	 0.1000, 	 -401.5939955558274, 	 (0, 5, 14, 4, 1), 	 8
299000, 	 0.1000, 	 -398.4315496424202, 	 (0, 5, 11, 14, 3), 	 17
300000, 	 0.1000, 	 60.683383308503664, 	 (0, 4, 1, 7, 2), 	 467
Qmax 12
301000, 	 0.1000, 	 -261.886574373533, 	 (0, 3, 1, 5, 0), 	 144
302000, 	 0.1000, 	 -396.1119941523895, 	 (0, 4, 7, 1, 0), 	 10
303000, 	 0.1000, 	 -448.47132950916387, 	 (0, 4, 14, 6, 9), 	 226
304000, 	 0.1000, 	 -331.2792642134664, 	 (0, 4, 5, 1, 0), 	 110
305000, 	 0.1000, 	 15.476804904284165, 	 (0, 4, 1, 7, 0), 	 533
306000, 	 0.1000, 	 268.03580450244755, 	 (0, 4, 4, 14, 0), 	 760
307000, 	 0.1000, 	 -81.49561581540183, 	 (0, 4, 3, 13, 15), 	 433
308000, 	 0.1000, 	 -395.99675423620533, 	 (0, 4, 13, 12, 1), 	 9
309000, 	 0.1000, 	 -402.5401602838392, 	 (0, 4, 14, 5, 9), 	 13
310000, 	 0.1000, 	 -19.045950949898383, 	 (0, 4, 4, 1, 0), 	 424
Qmax 12
311000, 	 0.1000, 	 40.58493147476412, 	 (0, 5, 1, 6, 0), 	 451
312000, 	 0.1000, 	 197.24331523004292, 	 (0, 4, 7, 1, 0), 	 612
313000, 	 0.1000, 	 -398.2061820505597, 	 (0, 4, 11, 1, 11), 	 22
314000, 	 0.1000, 	 -326.6945567074568, 	 (0, 4, 2, 12, 0), 	 82
315000, 	 0.1000, 	 -367.6573362528685, 	 (0, 5, 2, 3, 0), 	 146
316000, 	 0.1000, 	 -18.961645101915792, 	 (0, 5, 1, 9, 15), 	 648
317000, 	 0.1000, 	 -190.30713507173306, 	 (0, 5, 2, 12, 0), 	 210
318000, 	 0.1000, 	 -380.8293693344523, 	 (0, 5, 11, 13, 1), 	 95
319000, 	 0.1000, 	 -398.4044204754774, 	 (0, 3, 13, 4, 1), 	 9
320000, 	 0.1000, 	 -270.4790664734439, 	 (0, 3, 13, 11, 15), 	 132
Qmax 12
321000, 	 0.1000, 	 -268.5396833880103, 	 (0, 4, 4, 13, 8), 	 147
322000, 	 0.1000, 	 -409.38405510854386, 	 (0, 4, 12, 2, 9), 	 101
323000, 	 0.1000, 	 529.2967042151564, 	 (3, 5, 1, 6, 5), 	 800
324000, 	 0.1000, 	 -116.63421824012886, 	 (0, 4, 4, 2, 0), 	 296
325000, 	 0.1000, 	 -280.87518286259007, 	 (0, 5, 4, 1, 9), 	 132
326000, 	 0.1000, 	 -344.66143265841447, 	 (0, 4, 5, 14, 4), 	 66
327000, 	 0.1000, 	 734.0478856869015, 	 (9, 5, 8, 1, 15), 	 800
328000, 	 0.1000, 	 -314.74532541422127, 	 (0, 5, 8, 1, 0), 	 73
329000, 	 0.1000, 	 -327.9308567296485, 	 (0, 4, 1, 5, 0), 	 72
330000, 	 0.1000, 	 -327.7324928857001, 	 (0, 4, 10, 1, 0), 	 182
Qmax 12
331000, 	 0.1000, 	 -424.16895114230516, 	 (0, 5, 11, 2, 10), 	 208
332000, 	 0.1000, 	 -396.2318745117317, 	 (0, 4, 6, 1, 0), 	 10
333000, 	 0.1000, 	 -84.85796311648568, 	 (0, 5, 1, 7, 2), 	 324
334000, 	 0.1000, 	 -111.13037699926792, 	 (0, 4, 4, 1, 0), 	 340
335000, 	 0.1000, 	 -149.77816256490394, 	 (0, 4, 9, 14, 4), 	 270
336000, 	 0.1000, 	 -194.79392376622806, 	 (0, 5, 7, 14, 15), 	 288
337000, 	 0.1000, 	 -397.6194070336339, 	 (0, 4, 13, 12, 2), 	 8
338000, 	 0.1000, 	 -390.00671044705723, 	 (0, 5, 12, 3, 0), 	 12
339000, 	 0.1000, 	 -311.1459325711791, 	 (0, 4, 12, 2, 3), 	 140
340000, 	 0.1000, 	 -379.8073356812357, 	 (0, 4, 6, 1, 1), 	 19
Qmax 12
341000, 	 0.1000, 	 -389.04258112834776, 	 (0, 4, 9, 1, 0), 	 13
342000, 	 0.1000, 	 263.24833900906873, 	 (0, 5, 7, 14, 14), 	 779
343000, 	 0.1000, 	 -209.66525032792757, 	 (0, 4, 7, 1, 10), 	 342
344000, 	 0.1000, 	 -231.48123487689895, 	 (0, 3, 10, 14, 15), 	 304
345000, 	 0.1000, 	 256.7103556623689, 	 (0, 4, 5, 1, 0), 	 673
346000, 	 0.1000, 	 -375.33102907874314, 	 (0, 5, 7, 14, 15), 	 28
347000, 	 0.1000, 	 -408.522393820843, 	 (0, 4, 14, 11, 14), 	 44
348000, 	 0.1000, 	 -205.76714160905715, 	 (0, 5, 1, 5, 4), 	 282
349000, 	 0.1000, 	 -338.4698064942876, 	 (0, 4, 3, 13, 10), 	 135
350000, 	 0.1000, 	 -430.630593241559, 	 (0, 5, 13, 4, 4), 	 126
Qmax 12
351000, 	 0.1000, 	 319.3719065669912, 	 (0, 4, 1, 8, 0), 	 751
352000, 	 0.1000, 	 -11.670392602630557, 	 (0, 4, 1, 9, 0), 	 463
353000, 	 0.1000, 	 219.74843870743922, 	 (0, 5, 10, 14, 4), 	 660
354000, 	 0.1000, 	 6.73230581385269, 	 (0, 5, 12, 2, 0), 	 460
355000, 	 0.1000, 	 -397.2216504139122, 	 (0, 4, 7, 1, 2), 	 11
356000, 	 0.1000, 	 5.452900932011403, 	 (0, 4, 11, 14, 15), 	 511
357000, 	 0.1000, 	 -409.98545630088415, 	 (0, 4, 14, 10, 13), 	 45
358000, 	 0.1000, 	 6.499045171027092, 	 (0, 5, 12, 13, 3), 	 450
359000, 	 0.1000, 	 -296.54671561428853, 	 (0, 5, 1, 8, 0), 	 326
360000, 	 0.1000, 	 -63.786748519558444, 	 (0, 4, 13, 3, 14), 	 348
Qmax 12
361000, 	 0.1000, 	 -134.78643984513832, 	 (0, 5, 1, 10, 2), 	 293
362000, 	 0.1000, 	 -351.78528260520426, 	 (0, 4, 5, 14, 12), 	 68
363000, 	 0.1000, 	 0.9767941257404118, 	 (0, 5, 3, 2, 6), 	 439
364000, 	 0.1000, 	 -442.22012433647853, 	 (0, 4, 14, 10, 11), 	 142
365000, 	 0.1000, 	 -382.44005025398553, 	 (0, 5, 5, 1, 0), 	 25
366000, 	 0.1000, 	 -82.04537104299021, 	 (0, 5, 4, 13, 8), 	 324
367000, 	 0.1000, 	 701.5085215850914, 	 (3, 5, 9, 14, 3), 	 800
368000, 	 0.1000, 	 -407.8694646937383, 	 (0, 5, 14, 8, 13), 	 58
369000, 	 0.1000, 	 -284.22537171636475, 	 (0, 4, 6, 14, 7), 	 194
370000, 	 0.1000, 	 -365.8644158269297, 	 (20, 5, 13, 3, 15), 	 34
Qmax 12
371000, 	 0.1000, 	 -389.6364394627551, 	 (0, 4, 12, 13, 15), 	 85
372000, 	 0.1000, 	 -303.2875111025268, 	 (0, 5, 10, 1, 9), 	 333
373000, 	 0.1000, 	 773.1085662022778, 	 (3, 5, 14, 7, 0), 	 800
374000, 	 0.1000, 	 -397.6195880570826, 	 (0, 5, 10, 14, 9), 	 42
375000, 	 0.1000, 	 -174.6809438988014, 	 (0, 4, 1, 9, 0), 	 285
376000, 	 0.1000, 	 -324.0265389976661, 	 (0, 4, 10, 14, 2), 	 158
377000, 	 0.1000, 	 -390.7657717796285, 	 (0, 4, 14, 9, 2), 	 55
378000, 	 0.1000, 	 750.639571976875, 	 (2, 5, 13, 12, 0), 	 800
379000, 	 0.1000, 	 -322.54278306741975, 	 (0, 4, 2, 4, 0), 	 576
380000, 	 0.1000, 	 -401.3436478252105, 	 (0, 4, 14, 8, 6), 	 9
Qmax 12
381000, 	 0.1000, 	 -313.63060902481186, 	 (0, 3, 1, 7, 0), 	 94
382000, 	 0.1000, 	 31.71612949996552, 	 (0, 4, 5, 1, 0), 	 512
383000, 	 0.1000, 	 -364.0606195267677, 	 (0, 5, 1, 5, 0), 	 35
384000, 	 0.1000, 	 -290.9800719626744, 	 (0, 4, 13, 11, 15), 	 128
385000, 	 0.1000, 	 -327.22211540408034, 	 (0, 4, 7, 14, 15), 	 143
386000, 	 0.1000, 	 -399.9905186716853, 	 (0, 4, 12, 13, 8), 	 14
387000, 	 0.1000, 	 -394.0954463410872, 	 (0, 4, 8, 14, 4), 	 14
388000, 	 0.1000, 	 -156.46297002180688, 	 (0, 4, 2, 4, 2), 	 230
389000, 	 0.1000, 	 -358.5234688314693, 	 (0, 4, 8, 1, 0), 	 41
390000, 	 0.1000, 	 -163.9964292404539, 	 (0, 5, 2, 11, 14), 	 245
Qmax 12
391000, 	 0.1000, 	 -333.0473696807841, 	 (0, 4, 12, 2, 12), 	 93
392000, 	 0.1000, 	 -357.8209171291097, 	 (0, 4, 4, 1, 6), 	 38
393000, 	 0.1000, 	 -469.39394364901, 	 (0, 4, 14, 10, 12), 	 250
394000, 	 0.1000, 	 -59.6520700114649, 	 (0, 4, 9, 14, 15), 	 570
395000, 	 0.1000, 	 -201.19513899930337, 	 (20, 7, 9, 14, 0), 	 232
396000, 	 0.1000, 	 316.21496416413, 	 (0, 5, 7, 1, 11), 	 764
397000, 	 0.1000, 	 -314.15730178210663, 	 (0, 4, 14, 11, 0), 	 80
398000, 	 0.1000, 	 34.458882126525396, 	 (0, 4, 9, 1, 15), 	 434
399000, 	 0.1000, 	 -199.89176431916192, 	 (0, 5, 1, 7, 3), 	 186
400000, 	 0.1000, 	 -374.1124262970571, 	 (0, 4, 9, 14, 15), 	 32
Qmax 12
401000, 	 0.1000, 	 -290.9971040396926, 	 (0, 4, 6, 14, 12), 	 104
402000, 	 0.1000, 	 -467.91925894597136, 	 (0, 4, 13, 12, 12), 	 444
403000, 	 0.1000, 	 -396.8052698917308, 	 (0, 4, 13, 12, 2), 	 36
404000, 	 0.1000, 	 797.4214824452326, 	 (7, 5, 2, 3, 11), 	 800
405000, 	 0.1000, 	 119.03097006572511, 	 (0, 3, 13, 12, 15), 	 707
406000, 	 0.1000, 	 -391.82969887153246, 	 (0, 4, 2, 4, 0), 	 12
407000, 	 0.1000, 	 -418.0833361547783, 	 (0, 4, 14, 4, 12), 	 138
408000, 	 0.1000, 	 -396.00205543501573, 	 (0, 4, 9, 1, 11), 	 44
409000, 	 0.1000, 	 -317.8271843205325, 	 (0, 4, 1, 9, 0), 	 99
410000, 	 0.1000, 	 -404.87799944589096, 	 (0, 5, 8, 14, 9), 	 119
Qmax 12
411000, 	 0.1000, 	 -256.2730396756683, 	 (0, 5, 3, 2, 0), 	 228
412000, 	 0.1000, 	 -426.6055778056687, 	 (0, 4, 14, 6, 6), 	 122
413000, 	 0.1000, 	 -396.29782887082865, 	 (0, 5, 4, 1, 0), 	 10
414000, 	 0.1000, 	 -359.5636024238382, 	 (0, 4, 12, 2, 0), 	 78
415000, 	 0.1000, 	 -398.82269472309383, 	 (0, 4, 10, 14, 6), 	 9
416000, 	 0.1000, 	 -311.8095992702096, 	 (0, 4, 2, 12, 0), 	 320
417000, 	 0.1000, 	 -458.6399749493412, 	 (0, 4, 13, 11, 9), 	 173
418000, 	 0.1000, 	 -371.40700709895174, 	 (0, 3, 3, 3, 0), 	 28
419000, 	 0.1000, 	 815.9430995986456, 	 (5, 5, 1, 10, 0), 	 800
420000, 	 0.1000, 	 -311.94706680758003, 	 (0, 4, 12, 13, 15), 	 102
Qmax 12
421000, 	 0.1000, 	 -425.7522236930604, 	 (0, 5, 14, 10, 11), 	 88
422000, 	 0.1000, 	 -395.00201222866355, 	 (0, 3, 12, 2, 14), 	 8
423000, 	 0.1000, 	 -104.28584859267312, 	 (0, 3, 1, 5, 0), 	 522
424000, 	 0.1000, 	 -399.40506462238324, 	 (0, 5, 12, 13, 12), 	 8
425000, 	 0.1000, 	 -398.0695292674637, 	 (0, 5, 7, 14, 13), 	 9
426000, 	 0.1000, 	 -463.16206212324505, 	 (0, 5, 14, 5, 9), 	 207
427000, 	 0.1000, 	 -408.0122957505259, 	 (0, 4, 14, 5, 10), 	 66
428000, 	 0.1000, 	 667.6317031832345, 	 (7, 5, 2, 12, 0), 	 800
429000, 	 0.1000, 	 -663.0819363844253, 	 (0, 5, 14, 8, 8), 	 691
430000, 	 0.1000, 	 -248.38625187017917, 	 (0, 5, 12, 2, 1), 	 201
Qmax 12
431000, 	 0.1000, 	 -330.95980364628053, 	 (0, 5, 5, 14, 13), 	 89
432000, 	 0.1000, 	 -395.53487011280873, 	 (0, 5, 4, 14, 10), 	 12
433000, 	 0.1000, 	 -402.0220476742035, 	 (0, 4, 14, 10, 7), 	 12
434000, 	 0.1000, 	 -319.21759760536725, 	 (0, 4, 4, 14, 0), 	 87
435000, 	 0.1000, 	 -464.0504953668561, 	 (0, 4, 14, 9, 9), 	 182
436000, 	 0.1000, 	 -126.73059951519491, 	 (0, 5, 3, 13, 15), 	 302
437000, 	 0.1000, 	 -165.36501703694134, 	 (0, 5, 1, 7, 2), 	 348
438000, 	 0.1000, 	 109.26076213269948, 	 (0, 5, 1, 5, 0), 	 643
439000, 	 0.1000, 	 -98.27335070548258, 	 (0, 4, 14, 7, 15), 	 325
440000, 	 0.1000, 	 768.6374031250416, 	 (4, 5, 7, 14, 2), 	 800
Qmax 12
441000, 	 0.1000, 	 -218.95403935795525, 	 (0, 5, 1, 10, 0), 	 166
442000, 	 0.1000, 	 -399.9117224050201, 	 (0, 5, 11, 1, 4), 	 13
443000, 	 0.1000, 	 -235.21771821260535, 	 (0, 4, 4, 1, 7), 	 159
444000, 	 0.1000, 	 -268.0604393302783, 	 (0, 4, 2, 11, 0), 	 142
445000, 	 0.1000, 	 152.77220416301748, 	 (0, 5, 1, 6, 3), 	 598
446000, 	 0.1000, 	 -396.2563101792056, 	 (0, 5, 5, 1, 4), 	 13
447000, 	 0.1000, 	 -195.14977596002817, 	 (0, 4, 1, 6, 2), 	 235
448000, 	 0.1000, 	 -247.26409659266466, 	 (0, 5, 3, 13, 0), 	 152
449000, 	 0.1000, 	 -49.37709285001034, 	 (0, 4, 1, 9, 0), 	 529
450000, 	 0.1000, 	 -326.3345103087041, 	 (0, 5, 7, 14, 12), 	 242
Qmax 12
451000, 	 0.1000, 	 -233.40064801044215, 	 (0, 5, 6, 1, 0), 	 185
452000, 	 0.1000, 	 544.9911851419035, 	 (2, 5, 12, 13, 11), 	 800
453000, 	 0.1000, 	 -296.5223944700572, 	 (0, 5, 5, 14, 7), 	 121
454000, 	 0.1000, 	 112.55682039261404, 	 (0, 4, 5, 1, 0), 	 519
455000, 	 0.1000, 	 -164.56924113614085, 	 (0, 4, 1, 6, 1), 	 419
456000, 	 0.1000, 	 -412.4386241302384, 	 (0, 5, 13, 11, 9), 	 41
457000, 	 0.1000, 	 -423.05515190414286, 	 (0, 5, 11, 13, 13), 	 148
458000, 	 0.1000, 	 46.54148773464192, 	 (0, 4, 1, 7, 0), 	 507
459000, 	 0.1000, 	 124.05128214753421, 	 (0, 5, 8, 14, 12), 	 588
460000, 	 0.1000, 	 -52.78543570240032, 	 (0, 4, 4, 1, 0), 	 652
Qmax 12
461000, 	 0.1000, 	 -14.480790193690552, 	 (0, 4, 2, 4, 0), 	 561
462000, 	 0.1000, 	 -320.79956898408494, 	 (0, 5, 2, 12, 9), 	 88
463000, 	 0.1000, 	 -239.3209635360057, 	 (0, 4, 3, 2, 5), 	 239
464000, 	 0.1000, 	 -393.44072702003655, 	 (0, 5, 7, 14, 12), 	 125
465000, 	 0.1000, 	 -401.776025170331, 	 (0, 5, 14, 11, 5), 	 11
466000, 	 0.1000, 	 -324.3026231879215, 	 (0, 4, 11, 13, 15), 	 129
467000, 	 0.1000, 	 -399.1450655445238, 	 (0, 4, 11, 13, 13), 	 9
468000, 	 0.1000, 	 -401.5432136730712, 	 (0, 4, 14, 4, 5), 	 9
469000, 	 0.1000, 	 96.33536089584777, 	 (0, 4, 8, 1, 0), 	 639
470000, 	 0.1000, 	 -200.71159850375565, 	 (0, 4, 3, 2, 0), 	 194
Qmax 12
471000, 	 0.1000, 	 -434.25363311293916, 	 (0, 5, 13, 12, 10), 	 138
472000, 	 0.1000, 	 -410.9634291600353, 	 (0, 5, 11, 14, 7), 	 155
473000, 	 0.1000, 	 -288.61531505419566, 	 (0, 5, 10, 1, 0), 	 121
474000, 	 0.1000, 	 -332.64636634275263, 	 (0, 5, 9, 14, 14), 	 74
475000, 	 0.1000, 	 -239.41465775340788, 	 (0, 3, 14, 9, 15), 	 365
476000, 	 0.1000, 	 -275.0632264829701, 	 (0, 5, 2, 4, 0), 	 154
477000, 	 0.1000, 	 -593.3283709995989, 	 (0, 4, 14, 4, 9), 	 737
478000, 	 0.1000, 	 -162.560764634439, 	 (0, 5, 1, 6, 0), 	 253
479000, 	 0.1000, 	 -211.7422175611618, 	 (0, 3, 12, 13, 15), 	 198
480000, 	 0.1000, 	 -384.79854717240147, 	 (0, 4, 4, 1, 0), 	 15
Qmax 12
481000, 	 0.1000, 	 -231.02897808698265, 	 (0, 5, 7, 1, 4), 	 220
482000, 	 0.1000, 	 8.131634099743565, 	 (0, 4, 5, 1, 0), 	 433
483000, 	 0.1000, 	 -167.50388971028914, 	 (0, 5, 2, 11, 0), 	 260
484000, 	 0.1000, 	 -128.86029864026477, 	 (0, 4, 12, 2, 14), 	 540
485000, 	 0.1000, 	 -369.1188276836194, 	 (0, 4, 8, 14, 12), 	 33
486000, 	 0.1000, 	 638.6424437578119, 	 (5, 6, 1, 9, 5), 	 800
487000, 	 0.1000, 	 -398.0318107834233, 	 (0, 4, 14, 8, 15), 	 33
488000, 	 0.1000, 	 -401.1772556530663, 	 (0, 5, 9, 14, 10), 	 50
489000, 	 0.1000, 	 -408.1355460096098, 	 (0, 5, 14, 7, 4), 	 110
490000, 	 0.1000, 	 142.949144034035, 	 (0, 5, 11, 1, 0), 	 645
Qmax 12
491000, 	 0.1000, 	 675.6095762045584, 	 (2, 5, 14, 10, 0), 	 800
492000, 	 0.1000, 	 -300.9734101589331, 	 (0, 4, 5, 14, 10), 	 154
493000, 	 0.1000, 	 398.671968787895, 	 (8, 4, 13, 3, 15), 	 800
494000, 	 0.1000, 	 -306.77329292019715, 	 (0, 4, 2, 11, 0), 	 113
495000, 	 0.1000, 	 -407.03783922575633, 	 (0, 4, 11, 14, 10), 	 52
496000, 	 0.1000, 	 -311.0675378637409, 	 (0, 4, 1, 5, 2), 	 94
497000, 	 0.1000, 	 -285.7521819089959, 	 (0, 5, 10, 1, 14), 	 122
498000, 	 0.1000, 	 -400.16194532034183, 	 (0, 4, 13, 12, 11), 	 8
499000, 	 0.1000, 	 -243.35668716207573, 	 (0, 4, 1, 11, 0), 	 298
500000, 	 0.1000, 	 -184.00347035816108, 	 (0, 5, 5, 14, 10), 	 190
Qmax 12
501000, 	 0.1000, 	 -201.47358056496066, 	 (0, 4, 2, 4, 4), 	 310
502000, 	 0.1000, 	 156.16409603171724, 	 (0, 4, 2, 3, 2), 	 622
503000, 	 0.1000, 	 149.66049567193477, 	 (0, 4, 10, 1, 15), 	 619
504000, 	 0.1000, 	 -401.5825688531537, 	 (0, 5, 14, 5, 9), 	 9
505000, 	 0.1000, 	 -205.04079806432577, 	 (0, 4, 5, 14, 9), 	 208
506000, 	 0.1000, 	 -25.297197118977067, 	 (0, 5, 6, 1, 0), 	 556
507000, 	 0.1000, 	 -363.14333803127886, 	 (0, 5, 14, 11, 1), 	 94
508000, 	 0.1000, 	 -6.588791977478138, 	 (0, 5, 14, 5, 15), 	 432
509000, 	 0.1000, 	 17.703256887742555, 	 (0, 5, 2, 4, 0), 	 432
510000, 	 0.1000, 	 -97.8051532155398, 	 (0, 4, 10, 14, 0), 	 381
Qmax 12
511000, 	 0.1000, 	 244.16445560751464, 	 (0, 5, 1, 4, 0), 	 635
512000, 	 0.1000, 	 -392.96316410389824, 	 (0, 3, 10, 1, 0), 	 10
513000, 	 0.1000, 	 -395.21543278722567, 	 (0, 4, 5, 1, 0), 	 11
514000, 	 0.1000, 	 -377.51689310214516, 	 (20, 6, 14, 9, 0), 	 24
515000, 	 0.1000, 	 185.11561596305444, 	 (0, 4, 6, 14, 15), 	 617
516000, 	 0.1000, 	 58.88136789457894, 	 (0, 4, 3, 12, 0), 	 565
517000, 	 0.1000, 	 713.5744564771037, 	 (2, 5, 11, 13, 1), 	 800
518000, 	 0.1000, 	 -387.87404266598475, 	 (0, 4, 3, 13, 10), 	 32
519000, 	 0.1000, 	 214.36948856421378, 	 (0, 4, 14, 9, 15), 	 669
520000, 	 0.1000, 	 -310.8169885358663, 	 (0, 4, 14, 11, 15), 	 155
Qmax 12
521000, 	 0.1000, 	 -365.38788793493046, 	 (0, 5, 5, 1, 0), 	 33
522000, 	 0.1000, 	 -377.01803648616965, 	 (0, 4, 7, 14, 15), 	 30
523000, 	 0.1000, 	 -156.69703344872963, 	 (0, 4, 3, 2, 0), 	 239
524000, 	 0.1000, 	 -383.84812046425344, 	 (0, 5, 13, 12, 2), 	 65
525000, 	 0.1000, 	 774.8607400941107, 	 (5, 5, 1, 7, 0), 	 800
526000, 	 0.1000, 	 -402.4639370280512, 	 (0, 5, 12, 3, 2), 	 12
527000, 	 0.1000, 	 -45.29724471855553, 	 (0, 4, 1, 9, 0), 	 358
528000, 	 0.1000, 	 -392.4084400782801, 	 (20, 5, 1, 5, 11), 	 5
529000, 	 0.1000, 	 -288.32617649150967, 	 (0, 4, 1, 4, 3), 	 143
530000, 	 0.1000, 	 -135.72974047227473, 	 (0, 4, 1, 8, 0), 	 299
Qmax 12
531000, 	 0.1000, 	 -382.61962115981083, 	 (0, 5, 1, 5, 1), 	 17
532000, 	 0.1000, 	 -400.1085188189158, 	 (0, 4, 11, 14, 7), 	 9
533000, 	 0.1000, 	 -453.0514508428582, 	 (0, 5, 13, 12, 9), 	 178
534000, 	 0.1000, 	 -505.25777450124576, 	 (0, 4, 11, 2, 11), 	 618
535000, 	 0.1000, 	 758.6959738753359, 	 (5, 5, 2, 11, 0), 	 800
536000, 	 0.1000, 	 -230.9668382200996, 	 (0, 5, 9, 14, 15), 	 265
537000, 	 0.1000, 	 -402.16552501784196, 	 (0, 4, 14, 11, 6), 	 8
538000, 	 0.1000, 	 649.1699630165032, 	 (8, 4, 10, 1, 15), 	 800
539000, 	 0.1000, 	 -400.141762784228, 	 (0, 4, 12, 2, 8), 	 54
540000, 	 0.1000, 	 -401.0600346912266, 	 (0, 4, 12, 13, 7), 	 11
Qmax 12
541000, 	 0.1000, 	 -153.01105481229024, 	 (0, 5, 3, 13, 0), 	 376
542000, 	 0.1000, 	 -395.42651362979194, 	 (0, 3, 7, 1, 0), 	 10
543000, 	 0.1000, 	 573.7765606527668, 	 (2, 5, 5, 14, 9), 	 800
544000, 	 0.1000, 	 -175.86743432452448, 	 (0, 5, 14, 6, 15), 	 290
545000, 	 0.1000, 	 -401.8701735112049, 	 (0, 4, 14, 9, 9), 	 11
546000, 	 0.1000, 	 -113.24008005647426, 	 (0, 4, 14, 11, 15), 	 304
547000, 	 0.1000, 	 -46.7401916135471, 	 (0, 4, 8, 14, 15), 	 329
548000, 	 0.1000, 	 -173.6017157918606, 	 (0, 3, 3, 2, 2), 	 235
549000, 	 0.1000, 	 -227.9254632300315, 	 (0, 5, 14, 11, 15), 	 196
550000, 	 0.1000, 	 -387.18902758872093, 	 (0, 4, 8, 14, 6), 	 35
Qmax 12
551000, 	 0.1000, 	 708.6640767811083, 	 (4, 5, 3, 13, 15), 	 800
552000, 	 0.1000, 	 -111.24909345100929, 	 (0, 4, 12, 13, 7), 	 487
553000, 	 0.1000, 	 -136.3921789948892, 	 (0, 4, 2, 11, 0), 	 268
554000, 	 0.1000, 	 -281.31152740484396, 	 (0, 5, 1, 10, 0), 	 183
555000, 	 0.1000, 	 133.2637499205406, 	 (0, 4, 12, 2, 0), 	 630
556000, 	 0.1000, 	 -401.409012310081, 	 (0, 3, 13, 3, 6), 	 10
557000, 	 0.1000, 	 -250.39193602824577, 	 (0, 4, 1, 4, 0), 	 142
558000, 	 0.1000, 	 -174.68473824400613, 	 (0, 3, 5, 1, 5), 	 223
559000, 	 0.1000, 	 -218.81599143439183, 	 (0, 4, 11, 13, 15), 	 189
560000, 	 0.1000, 	 -347.19272236293654, 	 (0, 5, 1, 5, 1), 	 63
Qmax 12
561000, 	 0.1000, 	 -357.0626429250626, 	 (0, 5, 5, 1, 0), 	 98
562000, 	 0.1000, 	 -399.89077317241276, 	 (0, 4, 12, 2, 9), 	 29
563000, 	 0.1000, 	 -465.1425972699849, 	 (0, 4, 14, 4, 9), 	 227
564000, 	 0.1000, 	 -60.74760812711054, 	 (0, 4, 9, 1, 6), 	 346
565000, 	 0.1000, 	 188.00867770269753, 	 (0, 5, 14, 4, 14), 	 741
566000, 	 0.1000, 	 -459.2462934419314, 	 (0, 5, 14, 11, 10), 	 205
567000, 	 0.1000, 	 -361.91308330441956, 	 (0, 4, 1, 4, 2), 	 41
568000, 	 0.1000, 	 -397.9638933440547, 	 (0, 5, 11, 13, 4), 	 13
569000, 	 0.1000, 	 -402.7455411074834, 	 (0, 4, 14, 8, 5), 	 16
570000, 	 0.1000, 	 -133.38619173229029, 	 (0, 5, 12, 13, 15), 	 310
Qmax 12
571000, 	 0.1000, 	 -393.40735900988324, 	 (0, 4, 2, 3, 0), 	 11
572000, 	 0.1000, 	 725.8674644723682, 	 (4, 5, 14, 7, 15), 	 800
573000, 	 0.1000, 	 544.0662022691986, 	 (3, 6, 13, 3, 12), 	 800
574000, 	 0.1000, 	 -313.4369927975788, 	 (0, 4, 4, 13, 7), 	 293
575000, 	 0.1000, 	 -147.89454943811486, 	 (0, 4, 6, 1, 1), 	 253
576000, 	 0.1000, 	 218.39793677424205, 	 (0, 5, 9, 14, 15), 	 682
577000, 	 0.1000, 	 -306.0762391162119, 	 (0, 4, 1, 5, 0), 	 720
578000, 	 0.1000, 	 -266.8975343213214, 	 (0, 4, 5, 1, 0), 	 177
579000, 	 0.1000, 	 -137.82429019500916, 	 (0, 3, 12, 13, 15), 	 266
580000, 	 0.1000, 	 -383.6697111867403, 	 (0, 3, 8, 14, 15), 	 16
Qmax 12
581000, 	 0.1000, 	 -396.1886113113026, 	 (0, 4, 13, 12, 1), 	 8
582000, 	 0.1000, 	 299.4379342504776, 	 (4, 5, 12, 3, 15), 	 800
583000, 	 0.1000, 	 -345.96122726009946, 	 (0, 4, 2, 4, 4), 	 52
584000, 	 0.1000, 	 -1.9587058184197303, 	 (0, 4, 1, 8, 0), 	 426
585000, 	 0.1000, 	 142.98397897039195, 	 (0, 4, 12, 13, 15), 	 547
586000, 	 0.1000, 	 -169.81036125455506, 	 (0, 3, 1, 8, 0), 	 378
587000, 	 0.1000, 	 -260.1614683653811, 	 (0, 5, 4, 14, 14), 	 135
588000, 	 0.1000, 	 -52.359562969129, 	 (0, 5, 7, 1, 11), 	 462
589000, 	 0.1000, 	 103.85230999974084, 	 (0, 4, 7, 1, 0), 	 710
590000, 	 0.1000, 	 -158.54714603340014, 	 (0, 5, 2, 11, 0), 	 239
Qmax 12
591000, 	 0.1000, 	 85.97821529640277, 	 (0, 4, 1, 5, 0), 	 466
592000, 	 0.1000, 	 -82.97562871454926, 	 (0, 5, 8, 1, 0), 	 335
593000, 	 0.1000, 	 -443.97418840691205, 	 (0, 4, 13, 12, 13), 	 178
594000, 	 0.1000, 	 -256.3443437551307, 	 (0, 4, 12, 13, 15), 	 160
595000, 	 0.1000, 	 -390.8656513046006, 	 (0, 3, 11, 2, 0), 	 12
596000, 	 0.1000, 	 -189.8901583229584, 	 (0, 4, 1, 7, 2), 	 368
597000, 	 0.1000, 	 -187.09882184891276, 	 (0, 4, 14, 8, 15), 	 222
598000, 	 0.1000, 	 -231.21798652800095, 	 (0, 4, 1, 5, 0), 	 165
599000, 	 0.1000, 	 -222.69783812567815, 	 (0, 4, 1, 8, 0), 	 197
600000, 	 0.1000, 	 -394.31489285379524, 	 (0, 4, 14, 11, 0), 	 7
Qmax 12
601000, 	 0.1000, 	 -266.2290175710781, 	 (0, 4, 1, 7, 0), 	 143
602000, 	 0.1000, 	 -259.8822548408672, 	 (0, 4, 11, 13, 15), 	 139
603000, 	 0.1000, 	 -161.39298591682478, 	 (0, 4, 4, 13, 10), 	 336
604000, 	 0.1000, 	 -310.952562877562, 	 (0, 4, 14, 6, 15), 	 97
605000, 	 0.1000, 	 -387.3033062977777, 	 (0, 4, 5, 14, 3), 	 24
606000, 	 0.1000, 	 -308.3484895498297, 	 (0, 5, 11, 13, 3), 	 234
607000, 	 0.1000, 	 -398.86745771364707, 	 (0, 4, 8, 14, 13), 	 8
608000, 	 0.1000, 	 -397.7432247984671, 	 (0, 3, 14, 7, 0), 	 12
609000, 	 0.1000, 	 34.200055667164634, 	 (0, 4, 14, 7, 0), 	 467
610000, 	 0.1000, 	 -309.14997996677755, 	 (0, 5, 8, 14, 12), 	 245
Qmax 12
611000, 	 0.1000, 	 -466.32830553910094, 	 (0, 4, 14, 4, 12), 	 266
612000, 	 0.1000, 	 -397.80763753221504, 	 (0, 4, 12, 2, 12), 	 36
613000, 	 0.1000, 	 -340.13710625773626, 	 (0, 4, 3, 12, 0), 	 66
614000, 	 0.1000, 	 198.81785616694253, 	 (0, 4, 3, 2, 4), 	 626
615000, 	 0.1000, 	 31.209248467385237, 	 (0, 5, 13, 4, 3), 	 512
616000, 	 0.1000, 	 -324.46153880049144, 	 (0, 5, 12, 2, 2), 	 151