0, 	 1.0000, 	 -401.2668912686276, 	 (10, 7, 9, 3, 4), 	 9
1000, 	 1.0000, 	 -403.60592831313045, 	 (0, 4, 9, 4, 5), 	 15
2000, 	 1.0000, 	 -400.85555072529047, 	 (0, 3, 8, 8, 7), 	 6
3000, 	 1.0000, 	 -401.7040983958516, 	 (10, 5, 9, 3, 7), 	 17
4000, 	 1.0000, 	 -400.8243716553712, 	 (10, 7, 8, 1, 2), 	 6
5000, 	 1.0000, 	 -401.0114834731539, 	 (10, 7, 8, 2, 4), 	 9
6000, 	 1.0000, 	 -401.15428765176466, 	 (10, 7, 9, 3, 4), 	 9
7000, 	 1.0000, 	 -402.60777829507333, 	 (0, 3, 9, 5, 8), 	 17
8000, 	 1.0000, 	 -402.9003303069152, 	 (10, 6, 9, 4, 3), 	 21
9000, 	 1.0000, 	 -402.9757978167787, 	 (0, 4, 9, 5, 6), 	 17
10000, 	 1.0000, 	 -400.71128747653125, 	 (10, 7, 8, 2, 4), 	 17
11000, 	 0.9586, 	 -402.79257182831, 	 (10, 6, 9, 5, 2), 	 32
12000, 	 0.9208, 	 -402.3856665168958, 	 (10, 6, 9, 4, 5), 	 17
13000, 	 0.8860, 	 -402.83323348052454, 	 (0, 5, 9, 5, 2), 	 18
14000, 	 0.8538, 	 -400.94586207287824, 	 (10, 6, 8, 2, 4), 	 24
15000, 	 0.8239, 	 -400.70443824388644, 	 (0, 4, 9, 7, 4), 	 18
16000, 	 0.7959, 	 -401.8766381921449, 	 (10, 6, 9, 3, 6), 	 9
17000, 	 0.7695, 	 -402.1555996540923, 	 (0, 4, 8, 2, 4), 	 31
18000, 	 0.7447, 	 -403.88143395160904, 	 (0, 4, 9, 4, 6), 	 23
19000, 	 0.7212, 	 -401.5733082175827, 	 (0, 4, 9, 7, 6), 	 21
20000, 	 0.6989, 	 -403.31387349835654, 	 (0, 4, 9, 5, 4), 	 13
21000, 	 0.6778, 	 -403.1265600838828, 	 (0, 4, 9, 6, 6), 	 19
22000, 	 0.6576, 	 -402.9345604970813, 	 (0, 3, 8, 8, 4), 	 40
23000, 	 0.6383, 	 -401.72800949253616, 	 (10, 7, 9, 3, 3), 	 12
24000, 	 0.6198, 	 -402.69159867310873, 	 (0, 4, 9, 6, 6), 	 21
25000, 	 0.6020, 	 -401.64140986239823, 	 (10, 5, 9, 3, 6), 	 11
26000, 	 0.5850, 	 -401.63935144479376, 	 (0, 4, 9, 7, 6), 	 21
27000, 	 0.5686, 	 -401.48147185409766, 	 (10, 7, 9, 3, 4), 	 14
28000, 	 0.5528, 	 -403.1914111328199, 	 (0, 4, 9, 6, 5), 	 34
29000, 	 0.5376, 	 -398.9755059629551, 	 (10, 7, 9, 4, 2), 	 41
30000, 	 0.5229, 	 -398.0536799428452, 	 (0, 4, 4, 9, 6), 	 69
31000, 	 0.5086, 	 -397.4393675569141, 	 (0, 5, 9, 3, 7), 	 68
32000, 	 0.4948, 	 -392.2471715621779, 	 (10, 6, 8, 8, 9), 	 61
33000, 	 0.4815, 	 -395.470294439789, 	 (10, 5, 7, 9, 10), 	 45
34000, 	 0.4685, 	 -401.62184403096444, 	 (0, 4, 9, 7, 5), 	 15
35000, 	 0.4559, 	 -363.5819546728649, 	 (0, 3, 1, 8, 2), 	 76
36000, 	 0.4437, 	 -400.47562260463167, 	 (0, 3, 9, 5, 6), 	 32
37000, 	 0.4318, 	 -397.448284949992, 	 (0, 4, 9, 6, 0), 	 40
38000, 	 0.4202, 	 -311.30448193218, 	 (0, 4, 9, 4, 10), 	 249
39000, 	 0.4089, 	 -366.5400770853423, 	 (10, 6, 7, 9, 2), 	 98
40000, 	 0.3979, 	 -404.1573822240206, 	 (0, 3, 9, 7, 3), 	 31
41000, 	 0.3872, 	 -401.47285293193517, 	 (10, 6, 9, 4, 7), 	 35
42000, 	 0.3767, 	 -371.8283406525025, 	 (10, 6, 1, 8, 4), 	 101
43000, 	 0.3665, 	 -373.71288553728607, 	 (10, 5, 6, 9, 2), 	 109
44000, 	 0.3565, 	 -403.44902858329976, 	 (10, 6, 9, 5, 5), 	 45
45000, 	 0.3468, 	 -377.17822563965086, 	 (10, 7, 3, 9, 4), 	 102
46000, 	 0.3372, 	 -357.2292292551818, 	 (0, 4, 7, 1, 2), 	 129
47000, 	 0.3279, 	 -389.9550759899203, 	 (10, 6, 3, 1, 2), 	 54
48000, 	 0.3187, 	 -366.1198953371751, 	 (10, 6, 8, 8, 10), 	 116
49000, 	 0.3098, 	 -300.2470708543159, 	 (0, 5, 2, 8, 2), 	 178
50000, 	 0.3010, 	 -353.2601265505029, 	 (0, 4, 1, 7, 2), 	 78
51000, 	 0.2924, 	 -386.7571789356321, 	 (0, 3, 5, 9, 3), 	 115
52000, 	 0.2840, 	 -263.7878892449764, 	 (10, 6, 3, 9, 1), 	 262
53000, 	 0.2757, 	 -362.77904671314286, 	 (10, 6, 7, 1, 0), 	 111
54000, 	 0.2676, 	 -332.4676770863658, 	 (0, 4, 7, 1, 10), 	 130
55000, 	 0.2596, 	 -346.6463662048108, 	 (10, 7, 1, 3, 10), 	 114
56000, 	 0.2518, 	 -382.0143055995588, 	 (10, 6, 8, 9, 8), 	 95
57000, 	 0.2441, 	 -399.3188456579941, 	 (0, 4, 9, 5, 3), 	 55
58000, 	 0.2366, 	 -371.5389101862083, 	 (10, 6, 3, 1, 6), 	 156
59000, 	 0.2291, 	 -112.62524226318772, 	 (0, 3, 8, 2, 10), 	 324
60000, 	 0.2218, 	 -304.74575535144754, 	 (0, 4, 2, 2, 0), 	 190
61000, 	 0.2147, 	 -399.619507450965, 	 (10, 6, 6, 1, 4), 	 42
62000, 	 0.2076, 	 -24.719642696167455, 	 (10, 6, 4, 9, 0), 	 401
63000, 	 0.2007, 	 -269.0778650445595, 	 (10, 7, 1, 3, 10), 	 216
64000, 	 0.1938, 	 75.71962168822256, 	 (10, 6, 8, 9, 0), 	 601
65000, 	 0.1871, 	 -241.47881116979624, 	 (0, 2, 3, 9, 0), 	 193
66000, 	 0.1804, 	 -242.32060055754593, 	 (0, 4, 4, 1, 0), 	 287
67000, 	 0.1739, 	 689.9869833430323, 	 (8, 3, 9, 7, 10), 	 800
68000, 	 0.1675, 	 -74.31344921145205, 	 (10, 6, 5, 1, 10), 	 382
69000, 	 0.1611, 	 -196.6040122467041, 	 (0, 4, 2, 1, 0), 	 394
70000, 	 0.1549, 	 630.9282382692081, 	 (6, 6, 9, 2, 0), 	 800
71000, 	 0.1487, 	 -390.61993419368, 	 (10, 6, 2, 2, 1), 	 118
72000, 	 0.1427, 	 582.6785602887301, 	 (5, 5, 3, 1, 0), 	 800
73000, 	 0.1367, 	 141.67352268425122, 	 (0, 4, 4, 9, 0), 	 717
74000, 	 0.1308, 	 717.9676976787719, 	 (5, 6, 7, 1, 0), 	 800
75000, 	 0.1249, 	 0.2432950335280566, 	 (10, 6, 1, 8, 10), 	 502
76000, 	 0.1192, 	 -286.9416054947242, 	 (0, 4, 1, 7, 0), 	 181
77000, 	 0.1135, 	 747.7538072773945, 	 (6, 6, 1, 2, 10), 	 800
78000, 	 0.1079, 	 696.6013092192936, 	 (6, 6, 1, 3, 10), 	 800
79000, 	 0.1024, 	 758.5363691037878, 	 (4, 5, 3, 9, 0), 	 800
80000, 	 0.1000, 	 749.1280283571607, 	 (3, 4, 3, 9, 0), 	 800
81000, 	 0.1000, 	 -219.41987258388298, 	 (10, 7, 6, 1, 10), 	 290
82000, 	 0.1000, 	 694.3885362104646, 	 (4, 5, 6, 1, 0), 	 800
83000, 	 0.1000, 	 727.998672959064, 	 (7, 6, 2, 1, 10), 	 800
84000, 	 0.1000, 	 -398.5502482610817, 	 (10, 6, 7, 1, 3), 	 43
85000, 	 0.1000, 	 721.0935437179876, 	 (6, 4, 9, 7, 10), 	 800
86000, 	 0.1000, 	 137.5924881602404, 	 (10, 6, 4, 1, 0), 	 574
87000, 	 0.1000, 	 706.8692523154915, 	 (6, 4, 2, 2, 0), 	 800
88000, 	 0.1000, 	 710.61677724686, 	 (4, 4, 9, 7, 10), 	 800
89000, 	 0.1000, 	 751.8086007840675, 	 (6, 3, 9, 5, 10), 	 800
90000, 	 0.1000, 	 660.4928241455852, 	 (4, 3, 9, 4, 10), 	 800
91000, 	 0.1000, 	 725.0403599177604, 	 (5, 7, 9, 2, 0), 	 800
92000, 	 0.1000, 	 -389.40668721771067, 	 (10, 6, 5, 1, 3), 	 101
93000, 	 0.1000, 	 721.1678960989973, 	 (4, 5, 3, 1, 0), 	 800
94000, 	 0.1000, 	 716.9110227823309, 	 (6, 6, 9, 3, 0), 	 800
95000, 	 0.1000, 	 701.2691675497966, 	 (7, 5, 6, 1, 10), 	 800
96000, 	 0.1000, 	 765.4757460387049, 	 (4, 6, 9, 6, 0), 	 800
97000, 	 0.1000, 	 -394.89466886929984, 	 (0, 5, 5, 9, 5), 	 82
98000, 	 0.1000, 	 748.4342160529203, 	 (5, 4, 7, 9, 10), 	 800
99000, 	 0.1000, 	 737.1743969273118, 	 (5, 6, 1, 3, 10), 	 800
100000, 	 0.1000, 	 750.7646392500417, 	 (5, 5, 4, 9, 10), 	 800
101000, 	 0.1000, 	 752.6743741838271, 	 (3, 5, 8, 8, 0), 	 800
102000, 	 0.1000, 	 -285.57748431670586, 	 (0, 4, 6, 9, 0), 	 157
103000, 	 0.1000, 	 702.3635664977774, 	 (5, 6, 9, 3, 0), 	 800
104000, 	 0.1000, 	 659.4886387498676, 	 (6, 6, 2, 8, 10), 	 800
105000, 	 0.1000, 	 -397.01609660992847, 	 (0, 3, 8, 8, 9), 	 51
106000, 	 0.1000, 	 -390.4331707996269, 	 (0, 5, 3, 9, 7), 	 51
107000, 	 0.1000, 	 -23.407410515391234, 	 (0, 4, 2, 8, 0), 	 433
108000, 	 0.1000, 	 674.474497050266, 	 (6, 4, 9, 4, 10), 	 800
109000, 	 0.1000, 	 216.99119446233186, 	 (10, 7, 3, 1, 10), 	 729
110000, 	 0.1000, 	 727.3584655642005, 	 (4, 4, 1, 5, 0), 	 800
111000, 	 0.1000, 	 34.72432476055735, 	 (10, 6, 4, 1, 10), 	 476
112000, 	 0.1000, 	 778.300759286358, 	 (5, 6, 9, 4, 0), 	 800
113000, 	 0.1000, 	 126.04076940316509, 	 (0, 3, 1, 5, 0), 	 579
114000, 	 0.1000, 	 764.8707511117946, 	 (5, 6, 8, 1, 0), 	 800
115000, 	 0.1000, 	 752.622408990597, 	 (6, 5, 6, 1, 10), 	 800
116000, 	 0.1000, 	 770.2230886666446, 	 (5, 7, 9, 3, 0), 	 800
117000, 	 0.1000, 	 759.9548955400095, 	 (4, 5, 7, 9, 0), 	 800
118000, 	 0.1000, 	 742.3566428012982, 	 (5, 4, 9, 7, 10), 	 800
119000, 	 0.1000, 	 -397.1485260336265, 	 (0, 5, 7, 9, 6), 	 46
120000, 	 0.1000, 	 770.2408859706944, 	 (5, 5, 8, 2, 0), 	 800
121000, 	 0.1000, 	 30.09359879921726, 	 (0, 4, 4, 9, 0), 	 464
122000, 	 0.1000, 	 191.8352751864852, 	 (0, 4, 2, 9, 0), 	 639
123000, 	 0.1000, 	 754.7052751164554, 	 (4, 4, 6, 9, 0), 	 800
124000, 	 0.1000, 	 695.6041707394562, 	 (5, 5, 3, 1, 0), 	 800
125000, 	 0.1000, 	 762.2281612632352, 	 (5, 5, 3, 9, 10), 	 800
126000, 	 0.1000, 	 -308.9050624504421, 	 (10, 7, 1, 6, 10), 	 131
127000, 	 0.1000, 	 -26.9818703379064, 	 (10, 7, 1, 4, 10), 	 436
128000, 	 0.1000, 	 733.8534877569572, 	 (5, 6, 9, 4, 0), 	 800
129000, 	 0.1000, 	 745.1568333179273, 	 (5, 6, 1, 4, 10), 	 800
130000, 	 0.1000, 	 -7.05701240931279, 	 (10, 7, 2, 1, 10), 	 435
131000, 	 0.1000, 	 781.9602391917311, 	 (5, 5, 1, 7, 0), 	 800
132000, 	 0.1000, 	 784.4337518861308, 	 (5, 5, 7, 9, 0), 	 800
133000, 	 0.1000, 	 765.5325550957999, 	 (5, 4, 2, 8, 0), 	 800
134000, 	 0.1000, 	 773.0299468371932, 	 (3, 5, 4, 9, 0), 	 800
135000, 	 0.1000, 	 784.6711237056329, 	 (6, 6, 3, 1, 0), 	 800
136000, 	 0.1000, 	 770.8641117334057, 	 (4, 6, 2, 8, 10), 	 800
137000, 	 0.1000, 	 -104.34870962247118, 	 (10, 7, 7, 1, 10), 	 445
138000, 	 0.1000, 	 762.9432889555336, 	 (5, 5, 5, 1, 0), 	 800
139000, 	 0.1000, 	 774.566420832688, 	 (4, 5, 8, 8, 0), 	 800
140000, 	 0.1000, 	 760.7954246764144, 	 (5, 5, 1, 3, 0), 	 800
141000, 	 0.1000, 	 762.0400932457707, 	 (5, 6, 8, 2, 0), 	 800
142000, 	 0.1000, 	 748.3198917291819, 	 (6, 4, 1, 4, 0), 	 800
143000, 	 0.1000, 	 748.787018469963, 	 (6, 6, 4, 1, 10), 	 800
144000, 	 0.1000, 	 -397.77662222878547, 	 (10, 6, 5, 1, 2), 	 49
145000, 	 0.1000, 	 -185.92902268034825, 	 (0, 4, 1, 5, 0), 	 259
146000, 	 0.1000, 	 784.2057080833769, 	 (6, 4, 3, 1, 0), 	 800
147000, 	 0.1000, 	 762.8869843989356, 	 (6, 6, 5, 1, 0), 	 800
148000, 	 0.1000, 	 -397.06637364936375, 	 (0, 4, 6, 9, 7), 	 41
149000, 	 0.1000, 	 -131.34301706717446, 	 (0, 5, 6, 9, 10), 	 312
150000, 	 0.1000, 	 744.1176654946624, 	 (3, 4, 5, 9, 10), 	 800
151000, 	 0.1000, 	 -398.98160321891135, 	 (10, 6, 7, 1, 3), 	 41
152000, 	 0.1000, 	 760.4880978565194, 	 (4, 6, 9, 7, 0), 	 800
153000, 	 0.1000, 	 713.0462281847108, 	 (6, 5, 5, 1, 10), 	 800
154000, 	 0.1000, 	 762.3417194777928, 	 (7, 5, 8, 1, 10), 	 800
155000, 	 0.1000, 	 719.4970022800435, 	 (6, 4, 9, 7, 10), 	 800
156000, 	 0.1000, 	 763.1061391994923, 	 (6, 3, 9, 7, 10), 	 800
157000, 	 0.1000, 	 764.4623141651738, 	 (5, 5, 1, 8, 10), 	 800
158000, 	 0.1000, 	 698.897237859201, 	 (5, 3, 9, 7, 10), 	 800
159000, 	 0.1000, 	 752.3707242225626, 	 (5, 5, 1, 6, 10), 	 800
160000, 	 0.1000, 	 765.6774312875315, 	 (4, 5, 4, 9, 10), 	 800
161000, 	 0.1000, 	 731.7626434447714, 	 (4, 5, 1, 3, 0), 	 800
162000, 	 0.1000, 	 766.7497742380058, 	 (8, 5, 4, 9, 10), 	 800
163000, 	 0.1000, 	 740.3798517741602, 	 (5, 5, 1, 7, 10), 	 800
164000, 	 0.1000, 	 770.3139707968497, 	 (4, 4, 1, 4, 0), 	 800
165000, 	 0.1000, 	 780.4754643332204, 	 (5, 4, 7, 9, 10), 	 800
166000, 	 0.1000, 	 325.2782488070036, 	 (0, 4, 2, 8, 0), 	 791
167000, 	 0.1000, 	 766.319711328054, 	 (4, 4, 2, 8, 0), 	 800
168000, 	 0.1000, 	 35.209153211768125, 	 (10, 6, 4, 1, 10), 	 506
169000, 	 0.1000, 	 -400.0029968244551, 	 (0, 3, 8, 9, 9), 	 27
170000, 	 0.1000, 	 782.323119361959, 	 (5, 5, 1, 4, 0), 	 800
171000, 	 0.1000, 	 -396.10896539746534, 	 (0, 5, 6, 9, 6), 	 47
172000, 	 0.1000, 	 696.5259253951981, 	 (3, 6, 7, 9, 0), 	 800
173000, 	 0.1000, 	 753.1028504459667, 	 (4, 5, 8, 8, 0), 	 800
174000, 	 0.1000, 	 -389.22845949333686, 	 (10, 6, 5, 1, 2), 	 88
175000, 	 0.1000, 	 770.9230924317391, 	 (7, 6, 6, 1, 10), 	 800
176000, 	 0.1000, 	 710.8351338311442, 	 (4, 5, 4, 9, 0), 	 800
177000, 	 0.1000, 	 744.9213417369803, 	 (6, 6, 4, 1, 0), 	 800
178000, 	 0.1000, 	 750.612296058987, 	 (6, 5, 3, 1, 10), 	 800
179000, 	 0.1000, 	 767.1435729871476, 	 (4, 5, 5, 9, 0), 	 800
180000, 	 0.1000, 	 780.1404029832657, 	 (5, 6, 9, 3, 0), 	 800
181000, 	 0.1000, 	 710.3892853255082, 	 (4, 4, 1, 6, 0), 	 800
182000, 	 0.1000, 	 718.7971078084025, 	 (5, 6, 2, 8, 10), 	 800
183000, 	 0.1000, 	 724.7487215076487, 	 (6, 6, 4, 1, 10), 	 800
184000, 	 0.1000, 	 772.9789728536815, 	 (5, 4, 9, 6, 10), 	 800
185000, 	 0.1000, 	 739.1812517620089, 	 (5, 5, 5, 1, 10), 	 800
186000, 	 0.1000, 	 737.4776647718884, 	 (5, 4, 8, 8, 10), 	 800
187000, 	 0.1000, 	 786.8887228046331, 	 (5, 6, 9, 3, 0), 	 800
188000, 	 0.1000, 	 772.9698494136743, 	 (6, 6, 2, 8, 10), 	 800
189000, 	 0.1000, 	 750.5558647538023, 	 (7, 5, 3, 1, 10), 	 800
190000, 	 0.1000, 	 747.129594495998, 	 (4, 5, 1, 5, 0), 	 800
191000, 	 0.1000, 	 795.8147372077622, 	 (5, 4, 1, 7, 0), 	 800
192000, 	 0.1000, 	 772.6561424896669, 	 (5, 5, 9, 8, 10), 	 800
193000, 	 0.1000, 	 758.1247017215817, 	 (5, 4, 4, 1, 0), 	 800
194000, 	 0.1000, 	 732.136687033078, 	 (5, 5, 4, 1, 0), 	 800
195000, 	 0.1000, 	 757.2405924677528, 	 (6, 7, 1, 3, 10), 	 800
196000, 	 0.1000, 	 778.410319708001, 	 (3, 6, 8, 8, 0), 	 800
197000, 	 0.1000, 	 775.3347940693471, 	 (6, 6, 4, 1, 10), 	 800
198000, 	 0.1000, 	 -390.63138046993595, 	 (0, 5, 8, 9, 3), 	 76
199000, 	 0.1000, 	 86.78156988542145, 	 (0, 4, 2, 1, 0), 	 541
200000, 	 0.1000, 	 778.4442979234649, 	 (6, 6, 1, 6, 10), 	 800
201000, 	 0.1000, 	 -375.84763705835644, 	 (0, 5, 8, 8, 5), 	 177
202000, 	 0.1000, 	 121.96566742524709, 	 (10, 6, 2, 2, 10), 	 567
203000, 	 0.1000, 	 -391.22311366010206, 	 (0, 4, 2, 8, 8), 	 39
204000, 	 0.1000, 	 761.2575771061255, 	 (6, 5, 1, 7, 10), 	 800
205000, 	 0.1000, 	 -399.6394348611945, 	 (0, 4, 6, 9, 6), 	 15
206000, 	 0.1000, 	 800.8715834237378, 	 (5, 5, 1, 7, 10), 	 800
207000, 	 0.1000, 	 305.09359173201545, 	 (0, 4, 4, 9, 0), 	 765
208000, 	 0.1000, 	 698.2089310811966, 	 (6, 5, 4, 1, 0), 	 800
209000, 	 0.1000, 	 -397.35708722080903, 	 (10, 6, 5, 1, 2), 	 33
210000, 	 0.1000, 	 782.9225117736459, 	 (5, 3, 1, 8, 0), 	 800
211000, 	 0.1000, 	 773.6574563410969, 	 (4, 4, 4, 9, 10), 	 800
212000, 	 0.1000, 	 17.706305600844132, 	 (10, 6, 4, 1, 10), 	 448
213000, 	 0.1000, 	 -400.2864412936779, 	 (10, 5, 8, 2, 6), 	 22
214000, 	 0.1000, 	 789.54793347505, 	 (5, 6, 7, 1, 0), 	 800
215000, 	 0.1000, 	 597.8300747737436, 	 (4, 4, 1, 6, 0), 	 800
216000, 	 0.1000, 	 762.1807338724975, 	 (5, 5, 2, 8, 10), 	 800
217000, 	 0.1000, 	 800.728279073655, 	 (5, 5, 3, 9, 10), 	 800
218000, 	 0.1000, 	 766.6551217232065, 	 (4, 6, 9, 7, 0), 	 800
219000, 	 0.1000, 	 -159.61824753532125, 	 (10, 7, 1, 5, 10), 	 279
220000, 	 0.1000, 	 771.235006103971, 	 (6, 5, 9, 3, 10), 	 800
221000, 	 0.1000, 	 775.06591806887, 	 (5, 5, 4, 9, 10), 	 800
222000, 	 0.1000, 	 731.5626608408791, 	 (5, 5, 2, 9, 0), 	 800
223000, 	 0.1000, 	 767.5054349547553, 	 (5, 5, 1, 6, 0), 	 800
224000, 	 0.1000, 	 744.5820431168696, 	 (5, 4, 2, 2, 0), 	 800
225000, 	 0.1000, 	 184.55646897143748, 	 (10, 6, 7, 1, 0), 	 725
226000, 	 0.1000, 	 737.0868124804904, 	 (6, 5, 7, 1, 10), 	 800
227000, 	 0.1000, 	 -398.5651662512963, 	 (10, 6, 7, 1, 2), 	 30
228000, 	 0.1000, 	 750.0855369017543, 	 (5, 5, 1, 3, 0), 	 800
229000, 	 0.1000, 	 18.135598965844054, 	 (0, 4, 9, 8, 10), 	 459
230000, 	 0.1000, 	 739.8487793784655, 	 (3, 4, 1, 7, 0), 	 800
231000, 	 0.1000, 	 786.5757814323758, 	 (6, 6, 4, 1, 10), 	 800
232000, 	 0.1000, 	 787.7793372143286, 	 (5, 5, 4, 1, 0), 	 800
233000, 	 0.1000, 	 770.3978911459801, 	 (4, 5, 1, 6, 0), 	 800
234000, 	 0.1000, 	 782.9871466977403, 	 (6, 6, 1, 4, 10), 	 800
235000, 	 0.1000, 	 777.7955111849213, 	 (6, 6, 8, 2, 0), 	 800
236000, 	 0.1000, 	 750.6272652433282, 	 (6, 6, 3, 1, 10), 	 800
237000, 	 0.1000, 	 756.915958161015, 	 (7, 6, 5, 1, 0), 	 800
238000, 	 0.1000, 	 314.259990482361, 	 (0, 4, 4, 9, 0), 	 789
239000, 	 0.1000, 	 734.3072241074395, 	 (5, 6, 9, 5, 0), 	 800
240000, 	 0.1000, 	 732.4336697098693, 	 (5, 6, 1, 4, 10), 	 800
241000, 	 0.1000, 	 771.2300799901649, 	 (4, 5, 8, 9, 0), 	 800
242000, 	 0.1000, 	 774.2598142411542, 	 (4, 5, 8, 8, 0), 	 800
243000, 	 0.1000, 	 753.1856043462282, 	 (4, 4, 1, 6, 0), 	 800
244000, 	 0.1000, 	 784.4288201605303, 	 (6, 5, 5, 1, 10), 	 800
245000, 	 0.1000, 	 746.6591037407845, 	 (4, 6, 9, 6, 0), 	 800
246000, 	 0.1000, 	 684.6540411710163, 	 (5, 6, 1, 7, 10), 	 800
247000, 	 0.1000, 	 -394.9705127689101, 	 (10, 6, 8, 2, 3), 	 62
248000, 	 0.1000, 	 706.5616073342271, 	 (5, 5, 8, 9, 0), 	 800
249000, 	 0.1000, 	 786.756791362513, 	 (6, 5, 2, 9, 10), 	 800
250000, 	 0.1000, 	 722.9875573271186, 	 (6, 6, 1, 7, 10), 	 800
251000, 	 0.1000, 	 725.9784091304833, 	 (5, 4, 1, 6, 0), 	 800
252000, 	 0.1000, 	 692.394012734993, 	 (5, 5, 1, 2, 0), 	 800
253000, 	 0.1000, 	 770.2992636757239, 	 (5, 5, 7, 1, 10), 	 800
254000, 	 0.1000, 	 -373.1197810694947, 	 (0, 5, 2, 8, 8), 	 92
255000, 	 0.1000, 	 -225.43128086678206, 	 (0, 4, 3, 9, 0), 	 214
256000, 	 0.1000, 	 720.5211155479145, 	 (5, 5, 3, 1, 0), 	 800
257000, 	 0.1000, 	 781.9250477848337, 	 (5, 4, 1, 2, 0), 	 800
258000, 	 0.1000, 	 794.4779081307045, 	 (4, 5, 2, 9, 0), 	 800
259000, 	 0.1000, 	 -218.25699544941887, 	 (0, 4, 1, 8, 0), 	 253
260000, 	 0.1000, 	 -336.90696962784676, 	 (0, 4, 1, 6, 0), 	 122
261000, 	 0.1000, 	 742.6416844163962, 	 (6, 5, 7, 1, 10), 	 800
262000, 	 0.1000, 	 794.7158252110081, 	 (4, 4, 7, 9, 10), 	 800
263000, 	 0.1000, 	 714.2512832338507, 	 (5, 6, 9, 5, 0), 	 800
264000, 	 0.1000, 	 -322.9932124421415, 	 (0, 4, 1, 7, 0), 	 147
265000, 	 0.1000, 	 749.2632815552661, 	 (5, 5, 8, 2, 10), 	 800
266000, 	 0.1000, 	 790.8536084428503, 	 (6, 4, 1, 4, 0), 	 800
267000, 	 0.1000, 	 740.9659040062852, 	 (5, 5, 2, 2, 0), 	 800
268000, 	 0.1000, 	 -249.79929141417023, 	 (0, 4, 2, 8, 0), 	 329
269000, 	 0.1000, 	 752.5341995239212, 	 (6, 4, 9, 7, 10), 	 800
270000, 	 0.1000, 	 777.5381267980675, 	 (5, 5, 5, 1, 10), 	 800
271000, 	 0.1000, 	 -182.07398698009305, 	 (10, 7, 3, 1, 10), 	 264
272000, 	 0.1000, 	 238.47218952130476, 	 (10, 5, 5, 1, 10), 	 719
273000, 	 0.1000, 	 773.9999944833403, 	 (5, 5, 1, 4, 0), 	 800
274000, 	 0.1000, 	 770.2201444804613, 	 (4, 5, 1, 7, 10), 	 800
275000, 	 0.1000, 	 779.4483614607431, 	 (5, 4, 1, 5, 0), 	 800
276000, 	 0.1000, 	 771.8224555744572, 	 (5, 6, 5, 1, 0), 	 800
277000, 	 0.1000, 	 771.6970726935692, 	 (4, 4, 6, 9, 10), 	 800
278000, 	 0.1000, 	 752.8171312858982, 	 (5, 4, 9, 8, 10), 	 800
279000, 	 0.1000, 	 781.4444755293472, 	 (5, 5, 6, 1, 10), 	 800
280000, 	 0.1000, 	 765.9821775721083, 	 (5, 5, 3, 1, 0), 	 800
281000, 	 0.1000, 	 -383.2501140330814, 	 (0, 4, 7, 9, 7), 	 117
282000, 	 0.1000, 	 -392.14672533391627, 	 (10, 5, 4, 1, 5), 	 45
283000, 	 0.1000, 	 788.1993266743185, 	 (5, 5, 1, 3, 0), 	 800
284000, 	 0.1000, 	 782.3687743702576, 	 (5, 5, 6, 1, 10), 	 800
285000, 	 0.1000, 	 777.5965261171624, 	 (4, 6, 8, 2, 0), 	 800
286000, 	 0.1000, 	 781.1656876671681, 	 (5, 4, 1, 4, 0), 	 800
287000, 	 0.1000, 	 -395.5315624460132, 	 (0, 4, 4, 9, 6), 	 30
288000, 	 0.1000, 	 787.3285008586553, 	 (5, 6, 1, 4, 10), 	 800
289000, 	 0.1000, 	 771.1049841926844, 	 (5, 5, 2, 8, 10), 	 800
290000, 	 0.1000, 	 798.8315439407548, 	 (5, 5, 1, 7, 10), 	 800
291000, 	 0.1000, 	 773.5674756099468, 	 (5, 6, 9, 2, 0), 	 800
292000, 	 0.1000, 	 -91.04149854221026, 	 (0, 3, 3, 9, 0), 	 386
293000, 	 0.1000, 	 752.1987070826275, 	 (2, 5, 1, 6, 0), 	 800
294000, 	 0.1000, 	 774.8928523897453, 	 (6, 6, 1, 4, 10), 	 800
295000, 	 0.1000, 	 749.6510557509464, 	 (6, 5, 9, 2, 10), 	 800
296000, 	 0.1000, 	 799.8034361228604, 	 (4, 4, 4, 9, 0), 	 800
297000, 	 0.1000, 	 763.5424643755757, 	 (5, 5, 1, 5, 0), 	 800
298000, 	 0.1000, 	 787.5283161175907, 	 (5, 6, 1, 5, 10), 	 800
299000, 	 0.1000, 	 757.8660150538292, 	 (6, 6, 5, 1, 10), 	 800
300000, 	 0.1000, 	 -398.9808260474338, 	 (0, 4, 6, 9, 8), 	 29
301000, 	 0.1000, 	 689.0497578110109, 	 (2, 4, 1, 4, 0), 	 800
302000, 	 0.1000, 	 770.3137235327074, 	 (6, 6, 1, 4, 10), 	 800
303000, 	 0.1000, 	 751.0658872187697, 	 (3, 5, 6, 9, 0), 	 800
304000, 	 0.1000, 	 758.543878175272, 	 (7, 4, 8, 1, 10), 	 800
305000, 	 0.1000, 	 667.4966416420176, 	 (6, 5, 9, 3, 10), 	 800
306000, 	 0.1000, 	 762.5177666663432, 	 (6, 5, 7, 1, 10), 	 800
307000, 	 0.1000, 	 795.2436648577354, 	 (5, 5, 1, 8, 0), 	 800
308000, 	 0.1000, 	 818.9940646909896, 	 (4, 6, 1, 7, 10), 	 800
309000, 	 0.1000, 	 747.1257128791588, 	 (3, 4, 9, 5, 0), 	 800
310000, 	 0.1000, 	 753.6163310920449, 	 (4, 4, 2, 8, 10), 	 800
311000, 	 0.1000, 	 734.9755863166571, 	 (6, 6, 1, 4, 10), 	 800
312000, 	 0.1000, 	 782.4788246613522, 	 (6, 6, 1, 4, 10), 	 800
313000, 	 0.1000, 	 753.2840548332176, 	 (6, 5, 8, 2, 10), 	 800
314000, 	 0.1000, 	 753.6472133682009, 	 (5, 6, 1, 8, 10), 	 800
315000, 	 0.1000, 	 776.8655222057691, 	 (4, 4, 8, 8, 10), 	 800
316000, 	 0.1000, 	 750.614307861147, 	 (5, 6, 8, 2, 0), 	 800
317000, 	 0.1000, 	 756.0261430973143, 	 (6, 6, 9, 3, 0), 	 800
318000, 	 0.1000, 	 -53.109806421167775, 	 (10, 7, 1, 5, 10), 	 391
319000, 	 0.1000, 	 762.7275475326776, 	 (3, 5, 4, 9, 0), 	 800
320000, 	 0.1000, 	 769.7571602909005, 	 (5, 6, 1, 4, 10), 	 800
321000, 	 0.1000, 	 719.0299829387675, 	 (5, 6, 9, 5, 0), 	 800
322000, 	 0.1000, 	 798.7749332233774, 	 (8, 5, 8, 2, 10), 	 800
323000, 	 0.1000, 	 791.1934715110997, 	 (4, 5, 1, 2, 0), 	 800
324000, 	 0.1000, 	 787.493835673871, 	 (4, 5, 2, 8, 0), 	 800
325000, 	 0.1000, 	 747.7553970030671, 	 (4, 6, 8, 2, 0), 	 800
326000, 	 0.1000, 	 -392.75017674689025, 	 (10, 5, 6, 1, 4), 	 69
327000, 	 0.1000, 	 781.5946800740835, 	 (4, 5, 5, 1, 0), 	 800
328000, 	 0.1000, 	 -393.978602188263, 	 (0, 4, 7, 9, 9), 	 55
329000, 	 0.1000, 	 747.5308453122917, 	 (5, 4, 9, 5, 10), 	 800
330000, 	 0.1000, 	 -39.6731806800052, 	 (0, 4, 4, 9, 0), 	 403
331000, 	 0.1000, 	 164.0843384394517, 	 (0, 4, 8, 8, 10), 	 569
332000, 	 0.1000, 	 -389.97977662197457, 	 (10, 6, 9, 2, 1), 	 58
333000, 	 0.1000, 	 785.159782716366, 	 (5, 5, 2, 8, 10), 	 800
334000, 	 0.1000, 	 788.7003731139987, 	 (4, 4, 8, 9, 10), 	 800
335000, 	 0.1000, 	 806.0441170914311, 	 (5, 6, 1, 6, 10), 	 800
336000, 	 0.1000, 	 803.8478562775172, 	 (4, 4, 8, 8, 10), 	 800
337000, 	 0.1000, 	 -263.7135599428223, 	 (0, 4, 5, 9, 0), 	 250
338000, 	 0.1000, 	 773.1456730918345, 	 (4, 4, 1, 7, 0), 	 800
339000, 	 0.1000, 	 795.0552610281468, 	 (5, 6, 1, 6, 10), 	 800
340000, 	 0.1000, 	 787.8400374830602, 	 (5, 5, 7, 1, 0), 	 800
341000, 	 0.1000, 	 743.9130025005559, 	 (5, 5, 3, 1, 0), 	 800
342000, 	 0.1000, 	 -296.85467978371355, 	 (0, 4, 1, 7, 0), 	 117
343000, 	 0.1000, 	 800.7695699871538, 	 (5, 4, 9, 3, 10), 	 800
344000, 	 0.1000, 	 770.87408556948, 	 (5, 6, 9, 4, 0), 	 800
345000, 	 0.1000, 	 771.7498336048556, 	 (6, 5, 6, 1, 10), 	 800
346000, 	 0.1000, 	 781.4083383101017, 	 (5, 5, 9, 4, 0), 	 800
347000, 	 0.1000, 	 758.2836803058933, 	 (4, 4, 7, 9, 10), 	 800
348000, 	 0.1000, 	 779.7023730529745, 	 (4, 4, 1, 3, 0), 	 800
349000, 	 0.1000, 	 781.6543114313921, 	 (4, 5, 4, 9, 10), 	 800
350000, 	 0.1000, 	 780.5737464272988, 	 (5, 5, 3, 9, 10), 	 800
351000, 	 0.1000, 	 767.4792920716011, 	 (7, 6, 2, 2, 10), 	 800
352000, 	 0.1000, 	 784.452871453273, 	 (4, 4, 1, 4, 0), 	 800
353000, 	 0.1000, 	 732.41019523503, 	 (5, 6, 1, 4, 10), 	 800
354000, 	 0.1000, 	 -170.91387067263767, 	 (10, 5, 4, 1, 10), 	 267
355000, 	 0.1000, 	 807.8634789423074, 	 (6, 5, 3, 1, 0), 	 800
356000, 	 0.1000, 	 790.1823775795708, 	 (6, 6, 1, 4, 10), 	 800
357000, 	 0.1000, 	 -395.19665926339866, 	 (0, 4, 4, 9, 8), 	 34
358000, 	 0.1000, 	 -57.107027146566224, 	 (10, 6, 1, 3, 10), 	 356
359000, 	 0.1000, 	 786.2971802681791, 	 (7, 5, 2, 2, 10), 	 800
360000, 	 0.1000, 	 74.71659749221038, 	 (0, 4, 1, 5, 0), 	 562
361000, 	 0.1000, 	 697.5115702627721, 	 (4, 4, 1, 5, 0), 	 800
362000, 	 0.1000, 	 348.6171562483811, 	 (0, 4, 2, 8, 0), 	 796
363000, 	 0.1000, 	 797.8003685463955, 	 (4, 6, 1, 7, 10), 	 800
364000, 	 0.1000, 	 -398.94358486622804, 	 (10, 6, 7, 1, 3), 	 39
365000, 	 0.1000, 	 763.937629252015, 	 (5, 6, 8, 2, 0), 	 800
366000, 	 0.1000, 	 756.1315000666125, 	 (5, 5, 1, 5, 10), 	 800
367000, 	 0.1000, 	 -385.4930555173075, 	 (10, 7, 5, 1, 0), 	 61
368000, 	 0.1000, 	 771.7042802270466, 	 (6, 6, 1, 3, 10), 	 800
369000, 	 0.1000, 	 180.4605501253102, 	 (10, 6, 3, 1, 10), 	 601
370000, 	 0.1000, 	 774.5539223287321, 	 (5, 4, 1, 6, 0), 	 800
371000, 	 0.1000, 	 775.0328547815556, 	 (5, 6, 8, 2, 0), 	 800
372000, 	 0.1000, 	 764.7655684884081, 	 (5, 6, 7, 1, 0), 	 800
373000, 	 0.1000, 	 769.5031868715871, 	 (4, 6, 9, 6, 0), 	 800
374000, 	 0.1000, 	 -397.75590674880283, 	 (0, 4, 6, 9, 5), 	 27
375000, 	 0.1000, 	 766.0186543227468, 	 (5, 5, 2, 9, 10), 	 800
376000, 	 0.1000, 	 -379.90713995373005, 	 (0, 4, 2, 8, 9), 	 66
377000, 	 0.1000, 	 760.9914255606642, 	 (4, 5, 9, 8, 0), 	 800
378000, 	 0.1000, 	 266.678609172972, 	 (10, 5, 6, 1, 10), 	 754
379000, 	 0.1000, 	 767.8829759897515, 	 (4, 5, 2, 8, 10), 	 800
380000, 	 0.1000, 	 263.59060979723324, 	 (10, 6, 2, 2, 10), 	 687
381000, 	 0.1000, 	 795.8026606711736, 	 (6, 5, 9, 8, 10), 	 800
382000, 	 0.1000, 	 740.1777893597166, 	 (5, 5, 3, 1, 0), 	 800
383000, 	 0.1000, 	 782.4403776080733, 	 (4, 4, 3, 9, 0), 	 800
384000, 	 0.1000, 	 249.7118663786605, 	 (10, 6, 3, 9, 10), 	 645
385000, 	 0.1000, 	 800.9734932658286, 	 (4, 5, 5, 9, 0), 	 800
386000, 	 0.1000, 	 772.7172422596062, 	 (5, 5, 3, 9, 10), 	 800
387000, 	 0.1000, 	 760.179720665236, 	 (5, 6, 6, 1, 0), 	 800
388000, 	 0.1000, 	 773.6196948977428, 	 (5, 4, 1, 6, 0), 	 800
389000, 	 0.1000, 	 783.7974929951476, 	 (5, 4, 7, 9, 10), 	 800
390000, 	 0.1000, 	 770.1005538213209, 	 (5, 5, 1, 2, 0), 	 800
391000, 	 0.1000, 	 -394.95128174409734, 	 (10, 5, 7, 1, 4), 	 56
392000, 	 0.1000, 	 778.0246501656997, 	 (4, 4, 7, 9, 10), 	 800
393000, 	 0.1000, 	 -61.469965152573764, 	 (10, 6, 5, 1, 10), 	 358
394000, 	 0.1000, 	 754.4571567698973, 	 (5, 6, 9, 6, 0), 	 800
395000, 	 0.1000, 	 772.0659369483035, 	 (5, 5, 5, 9, 0), 	 800
396000, 	 0.1000, 	 809.8003292440977, 	 (5, 5, 5, 9, 10), 	 800
397000, 	 0.1000, 	 -393.1957817775149, 	 (0, 3, 5, 9, 8), 	 49
398000, 	 0.1000, 	 740.8193067437213, 	 (5, 6, 9, 3, 0), 	 800
399000, 	 0.1000, 	 22.49305416061418, 	 (0, 4, 1, 3, 0), 	 461
400000, 	 0.1000, 	 738.203145864035, 	 (4, 4, 6, 9, 10), 	 800
401000, 	 0.1000, 	 -361.29541763591817, 	 (0, 4, 7, 9, 8), 	 207
402000, 	 0.1000, 	 763.6164637132242, 	 (6, 4, 1, 2, 0), 	 800
403000, 	 0.1000, 	 -397.87314523415915, 	 (10, 6, 3, 1, 2), 	 28
404000, 	 0.1000, 	 782.0693537303409, 	 (4, 4, 1, 7, 0), 	 800
405000, 	 0.1000, 	 780.6207361433936, 	 (5, 7, 1, 2, 10), 	 800
406000, 	 0.1000, 	 770.3853910241913, 	 (4, 7, 9, 5, 0), 	 800
407000, 	 0.1000, 	 792.5462754360175, 	 (5, 4, 1, 2, 0), 	 800
408000, 	 0.1000, 	 734.2613370982576, 	 (4, 5, 5, 9, 0), 	 800
409000, 	 0.1000, 	 812.1501038057752, 	 (5, 5, 5, 1, 0), 	 800
410000, 	 0.1000, 	 766.1202976495989, 	 (5, 5, 6, 1, 10), 	 800
411000, 	 0.1000, 	 772.7444409224762, 	 (4, 4, 1, 5, 0), 	 800
412000, 	 0.1000, 	 748.020781937804, 	 (5, 5, 4, 1, 0), 	 800
413000, 	 0.1000, 	 -174.7579942460727, 	 (0, 4, 2, 8, 0), 	 242
414000, 	 0.1000, 	 792.895790722074, 	 (4, 4, 4, 9, 0), 	 800
415000, 	 0.1000, 	 753.2160750118602, 	 (5, 6, 1, 3, 10), 	 800
416000, 	 0.1000, 	 286.0261616357948, 	 (10, 7, 2, 2, 10), 	 715
417000, 	 0.1000, 	 634.687843761398, 	 (5, 6, 1, 5, 10), 	 800
418000, 	 0.1000, 	 764.9990109014884, 	 (5, 5, 6, 9, 0), 	 800
419000, 	 0.1000, 	 749.8792780885412, 	 (7, 6, 4, 1, 0), 	 800
420000, 	 0.1000, 	 -398.72739888809076, 	 (0, 4, 5, 9, 8), 	 23
421000, 	 0.1000, 	 775.8565676501956, 	 (5, 5, 9, 3, 10), 	 800
422000, 	 0.1000, 	 -22.06517264588183, 	 (0, 4, 1, 7, 0), 	 388
423000, 	 0.1000, 	 769.6339085861383, 	 (6, 6, 5, 1, 0), 	 800
424000, 	 0.1000, 	 770.2781454988204, 	 (6, 5, 1, 7, 10), 	 800
425000, 	 0.1000, 	 62.35277905024333, 	 (0, 4, 7, 9, 10), 	 485
426000, 	 0.1000, 	 -1.557123768616691, 	 (0, 4, 1, 7, 0), 	 427
427000, 	 0.1000, 	 729.1041476304953, 	 (7, 6, 2, 1, 10), 	 800
428000, 	 0.1000, 	 772.2896890450407, 	 (5, 5, 1, 7, 10), 	 800
429000, 	 0.1000, 	 731.6166125411094, 	 (4, 6, 2, 8, 10), 	 800
430000, 	 0.1000, 	 -271.955779561355, 	 (0, 4, 4, 9, 0), 	 165
431000, 	 0.1000, 	 787.2287101190168, 	 (5, 4, 1, 6, 0), 	 800
432000, 	 0.1000, 	 747.1465384458795, 	 (4, 4, 1, 6, 0), 	 800
433000, 	 0.1000, 	 -397.1428499331943, 	 (10, 6, 8, 1, 2), 	 33
434000, 	 0.1000, 	 793.0811120562267, 	 (6, 6, 1, 2, 10), 	 800
435000, 	 0.1000, 	 761.5657556905047, 	 (4, 4, 1, 4, 0), 	 800
436000, 	 0.1000, 	 777.6247529028785, 	 (5, 5, 3, 1, 0), 	 800
437000, 	 0.1000, 	 781.9096819506522, 	 (6, 5, 7, 1, 10), 	 800
438000, 	 0.1000, 	 778.6051782783828, 	 (4, 4, 1, 8, 0), 	 800
439000, 	 0.1000, 	 722.2108289476175, 	 (6, 5, 6, 1, 10), 	 800
440000, 	 0.1000, 	 804.705279390265, 	 (5, 5, 3, 1, 0), 	 800
441000, 	 0.1000, 	 756.3817903536572, 	 (5, 5, 4, 9, 10), 	 800
442000, 	 0.1000, 	 -398.73308984876905, 	 (10, 6, 5, 1, 2), 	 22
443000, 	 0.1000, 	 275.20278103641436, 	 (10, 7, 1, 5, 10), 	 751
444000, 	 0.1000, 	 800.0245965560798, 	 (3, 4, 5, 9, 0), 	 800
445000, 	 0.1000, 	 793.0237595959646, 	 (4, 5, 5, 9, 0), 	 800
446000, 	 0.1000, 	 806.1222641496317, 	 (5, 5, 4, 9, 10), 	 800
447000, 	 0.1000, 	 -398.6496024751861, 	 (0, 4, 7, 9, 7), 	 49
448000, 	 0.1000, 	 -108.51191100505434, 	 (10, 6, 1, 6, 10), 	 319
449000, 	 0.1000, 	 746.0520864586522, 	 (5, 4, 1, 4, 0), 	 800
450000, 	 0.1000, 	 786.8977862431346, 	 (6, 5, 5, 1, 10), 	 800
451000, 	 0.1000, 	 758.9107423857156, 	 (5, 5, 2, 2, 0), 	 800
452000, 	 0.1000, 	 748.9689946797329, 	 (4, 4, 1, 7, 0), 	 800
453000, 	 0.1000, 	 730.6777532381317, 	 (5, 4, 3, 1, 0), 	 800
454000, 	 0.1000, 	 813.4865899964254, 	 (4, 4, 1, 3, 0), 	 800
455000, 	 0.1000, 	 813.1044962241872, 	 (6, 4, 9, 4, 10), 	 800
456000, 	 0.1000, 	 707.3643904243827, 	 (6, 6, 8, 2, 0), 	 800
457000, 	 0.1000, 	 -395.92700044408787, 	 (10, 6, 7, 1, 1), 	 43
458000, 	 0.1000, 	 787.8457741620314, 	 (6, 4, 9, 3, 10), 	 800
459000, 	 0.1000, 	 767.5456275982083, 	 (5, 6, 9, 6, 0), 	 800
460000, 	 0.1000, 	 -50.99025555278405, 	 (10, 7, 1, 5, 10), 	 371
461000, 	 0.1000, 	 781.386589999845, 	 (3, 4, 3, 9, 0), 	 800
462000, 	 0.1000, 	 770.3990801921269, 	 (4, 4, 3, 1, 0), 	 800
463000, 	 0.1000, 	 787.7140018418631, 	 (5, 4, 9, 4, 10), 	 800
464000, 	 0.1000, 	 784.9589483121521, 	 (6, 5, 3, 1, 0), 	 800
465000, 	 0.1000, 	 750.1844018638832, 	 (4, 4, 1, 2, 0), 	 800
466000, 	 0.1000, 	 785.8169530390625, 	 (6, 5, 5, 1, 10), 	 800
467000, 	 0.1000, 	 755.6160447999629, 	 (5, 5, 8, 2, 10), 	 800
468000, 	 0.1000, 	 719.7263507447675, 	 (4, 5, 2, 9, 0), 	 800
469000, 	 0.1000, 	 727.2032022241709, 	 (5, 5, 9, 3, 10), 	 800
470000, 	 0.1000, 	 739.7092562199178, 	 (7, 6, 3, 1, 10), 	 800
471000, 	 0.1000, 	 763.6967017257211, 	 (4, 6, 9, 3, 0), 	 800
472000, 	 0.1000, 	 774.9921893035206, 	 (6, 5, 3, 1, 10), 	 800
473000, 	 0.1000, 	 776.0566568969903, 	 (5, 5, 9, 8, 10), 	 800
474000, 	 0.1000, 	 65.99488313372831, 	 (10, 6, 5, 1, 10), 	 507
475000, 	 0.1000, 	 764.73030615254, 	 (4, 5, 9, 6, 0), 	 800
476000, 	 0.1000, 	 773.5263809702705, 	 (6, 5, 3, 1, 0), 	 800
477000, 	 0.1000, 	 -399.758342919923, 	 (0, 4, 8, 9, 3), 	 17
478000, 	 0.1000, 	 767.5722755935357, 	 (4, 6, 9, 3, 0), 	 800
479000, 	 0.1000, 	 -164.09266194803692, 	 (10, 6, 6, 1, 10), 	 293
480000, 	 0.1000, 	 784.1279357061993, 	 (6, 5, 9, 3, 10), 	 800
481000, 	 0.1000, 	 -333.6936689282078, 	 (0, 4, 1, 6, 0), 	 98
482000, 	 0.1000, 	 -396.1165868105432, 	 (10, 5, 5, 1, 4), 	 35
483000, 	 0.1000, 	 -401.3574222530662, 	 (0, 5, 9, 7, 3), 	 15
484000, 	 0.1000, 	 -327.63861113851203, 	 (0, 4, 4, 9, 0), 	 106
485000, 	 0.1000, 	 801.8354590041187, 	 (4, 5, 9, 2, 0), 	 800
486000, 	 0.1000, 	 721.2653673161483, 	 (5, 4, 3, 9, 10), 	 800
487000, 	 0.1000, 	 751.0069497053129, 	 (5, 4, 2, 1, 0), 	 800
488000, 	 0.1000, 	 144.060937531047, 	 (10, 6, 3, 1, 10), 	 565
489000, 	 0.1000, 	 732.4069452150402, 	 (5, 4, 1, 6, 0), 	 800
490000, 	 0.1000, 	 743.1265627638853, 	 (5, 6, 9, 4, 0), 	 800
491000, 	 0.1000, 	 760.1297997330469, 	 (6, 5, 9, 2, 10), 	 800
492000, 	 0.1000, 	 795.0424860644085, 	 (5, 5, 9, 5, 10), 	 800
493000, 	 0.1000, 	 192.5655632892262, 	 (0, 3, 3, 9, 0), 	 618
494000, 	 0.1000, 	 -398.1810189654414, 	 (0, 4, 5, 9, 6), 	 25
495000, 	 0.1000, 	 803.8024090071953, 	 (4, 4, 8, 8, 10), 	 800
496000, 	 0.1000, 	 760.7676303708806, 	 (6, 6, 8, 1, 0), 	 800
497000, 	 0.1000, 	 806.7370618675523, 	 (4, 4, 3, 9, 0), 	 800
498000, 	 0.1000, 	 710.953529832083, 	 (5, 6, 9, 4, 0), 	 800
499000, 	 0.1000, 	 746.0317304527864, 	 (5, 6, 1, 6, 10), 	 800
500000, 	 0.1000, 	 61.97212630527861, 	 (0, 3, 1, 7, 0), 	 500
501000, 	 0.1000, 	 715.9381661185419, 	 (6, 6, 1, 6, 10), 	 800
502000, 	 0.1000, 	 790.4296234850167, 	 (5, 4, 9, 4, 10), 	 800
503000, 	 0.1000, 	 792.5212255791246, 	 (5, 5, 7, 1, 10), 	 800
504000, 	 0.1000, 	 771.0224261674438, 	 (4, 4, 4, 9, 10), 	 800
505000, 	 0.1000, 	 816.960303001785, 	 (6, 4, 9, 4, 10), 	 800
506000, 	 0.1000, 	 731.1916842111383, 	 (5, 7, 1, 7, 10), 	 800
507000, 	 0.1000, 	 284.53837049036406, 	 (10, 7, 6, 1, 10), 	 782
508000, 	 0.1000, 	 782.8006803938805, 	 (5, 5, 5, 1, 10), 	 800
509000, 	 0.1000, 	 -394.8081467884705, 	 (10, 6, 4, 1, 2), 	 53
510000, 	 0.1000, 	 717.9747786777972, 	 (5, 4, 8, 9, 10), 	 800
511000, 	 0.1000, 	 714.5607725225746, 	 (5, 4, 2, 2, 0), 	 800
512000, 	 0.1000, 	 753.3423654859728, 	 (6, 4, 9, 6, 10), 	 800
513000, 	 0.1000, 	 -2.638750256134813, 	 (10, 6, 2, 2, 10), 	 475
514000, 	 0.1000, 	 731.3032133216032, 	 (5, 4, 7, 9, 10), 	 800
515000, 	 0.1000, 	 734.449336134566, 	 (4, 4, 1, 6, 0), 	 800
516000, 	 0.1000, 	 751.8336340583992, 	 (5, 6, 9, 4, 0), 	 800
517000, 	 0.1000, 	 787.5904583659327, 	 (3, 3, 9, 6, 10), 	 800
518000, 	 0.1000, 	 766.2624562438218, 	 (4, 6, 9, 4, 0), 	 800
519000, 	 0.1000, 	 770.1194718150783, 	 (5, 6, 7, 1, 10), 	 800
520000, 	 0.1000, 	 -154.89785690458282, 	 (0, 3, 1, 4, 0), 	 277
521000, 	 0.1000, 	 791.273787339918, 	 (4, 5, 7, 9, 0), 	 800
522000, 	 0.1000, 	 771.6617277318369, 	 (4, 4, 8, 8, 10), 	 800
523000, 	 0.1000, 	 755.9911864122594, 	 (6, 6, 2, 2, 0), 	 800
524000, 	 0.1000, 	 779.2466265992555, 	 (7, 6, 6, 1, 10), 	 800
525000, 	 0.1000, 	 728.3924781671, 	 (5, 4, 2, 2, 0), 	 800
526000, 	 0.1000, 	 760.761178859934, 	 (5, 4, 9, 6, 10), 	 800
527000, 	 0.1000, 	 732.9996301902531, 	 (5, 4, 1, 4, 0), 	 800
528000, 	 0.1000, 	 -315.82928894501475, 	 (0, 3, 2, 2, 0), 	 164
529000, 	 0.1000, 	 757.1254614529893, 	 (5, 5, 4, 9, 10), 	 800
530000, 	 0.1000, 	 766.4770679396978, 	 (5, 6, 1, 3, 10), 	 800
531000, 	 0.1000, 	 -394.7250850840927, 	 (0, 4, 3, 9, 7), 	 33
532000, 	 0.1000, 	 775.0902395568245, 	 (6, 5, 3, 1, 0), 	 800
533000, 	 0.1000, 	 782.6973567490256, 	 (6, 6, 9, 2, 0), 	 800
534000, 	 0.1000, 	 730.8946593678886, 	 (5, 5, 4, 1, 0), 	 800
535000, 	 0.1000, 	 767.0950499644842, 	 (6, 5, 1, 3, 10), 	 800
536000, 	 0.1000, 	 717.4104889656675, 	 (4, 5, 1, 8, 0), 	 800
537000, 	 0.1000, 	 724.4957939494652, 	 (7, 6, 7, 1, 10), 	 800
538000, 	 0.1000, 	 789.0448751842227, 	 (6, 6, 1, 2, 10), 	 800
539000, 	 0.1000, 	 803.9805091154728, 	 (6, 5, 7, 1, 10), 	 800
540000, 	 0.1000, 	 773.033588802771, 	 (6, 5, 9, 3, 10), 	 800
541000, 	 0.1000, 	 719.8285228121374, 	 (5, 6, 4, 1, 0), 	 800
542000, 	 0.1000, 	 767.26817751958, 	 (4, 5, 5, 9, 0), 	 800
543000, 	 0.1000, 	 792.1449400818656, 	 (8, 6, 2, 9, 10), 	 800
544000, 	 0.1000, 	 705.4950920792928, 	 (5, 5, 2, 8, 10), 	 800
545000, 	 0.1000, 	 771.2914251992222, 	 (5, 5, 6, 1, 10), 	 800
546000, 	 0.1000, 	 779.6460679723448, 	 (4, 4, 2, 8, 0), 	 800
547000, 	 0.1000, 	 817.9252163194171, 	 (5, 6, 9, 6, 0), 	 800
548000, 	 0.1000, 	 802.9014584738258, 	 (6, 5, 7, 1, 10), 	 800
549000, 	 0.1000, 	 779.552070275322, 	 (5, 5, 6, 1, 0), 	 800
550000, 	 0.1000, 	 758.8063231630945, 	 (5, 5, 5, 9, 10), 	 800
551000, 	 0.1000, 	 359.47445912108174, 	 (10, 6, 1, 4, 10), 	 791
552000, 	 0.1000, 	 -225.17151413448846, 	 (10, 5, 5, 1, 10), 	 239
553000, 	 0.1000, 	 105.92173856806926, 	 (0, 5, 1, 3, 1), 	 523
554000, 	 0.1000, 	 746.1213841785914, 	 (5, 6, 7, 1, 0), 	 800
555000, 	 0.1000, 	 763.1635214224214, 	 (5, 5, 6, 9, 0), 	 800
556000, 	 0.1000, 	 720.7168996299177, 	 (3, 3, 1, 8, 0), 	 800
557000, 	 0.1000, 	 816.274227015876, 	 (3, 5, 7, 9, 0), 	 800
558000, 	 0.1000, 	 -397.06796228038115, 	 (0, 4, 5, 9, 8), 	 34
559000, 	 0.1000, 	 776.0732143722136, 	 (7, 5, 8, 1, 10), 	 800
560000, 	 0.1000, 	 -389.3018593123273, 	 (10, 6, 5, 1, 4), 	 81
561000, 	 0.1000, 	 -398.0434090903722, 	 (10, 6, 8, 1, 7), 	 30
562000, 	 0.1000, 	 753.8336214861203, 	 (4, 5, 4, 1, 0), 	 800
563000, 	 0.1000, 	 781.9328205727259, 	 (5, 6, 6, 1, 0), 	 800
564000, 	 0.1000, 	 781.1590848305736, 	 (5, 5, 2, 9, 0), 	 800
565000, 	 0.1000, 	 777.5762756774076, 	 (5, 5, 6, 1, 0), 	 800
566000, 	 0.1000, 	 757.1550083612462, 	 (5, 5, 8, 2, 10), 	 800
567000, 	 0.1000, 	 774.02183470641, 	 (6, 7, 1, 5, 10), 	 800
568000, 	 0.1000, 	 798.7568758917851, 	 (7, 6, 1, 3, 10), 	 800
569000, 	 0.1000, 	 793.8875105853023, 	 (3, 4, 5, 9, 10), 	 800
570000, 	 0.1000, 	 697.9244153702114, 	 (5, 5, 1, 5, 0), 	 800
571000, 	 0.1000, 	 -393.50559837094534, 	 (0, 4, 3, 9, 7), 	 38
572000, 	 0.1000, 	 -385.37636162812987, 	 (0, 5, 2, 8, 6), 	 61
573000, 	 0.1000, 	 -89.52976791529113, 	 (10, 7, 3, 1, 10), 	 367
574000, 	 0.1000, 	 -400.38657097975886, 	 (0, 5, 8, 9, 4), 	 20
575000, 	 0.1000, 	 767.1269720795983, 	 (3, 5, 9, 7, 0), 	 800
576000, 	 0.1000, 	 366.30953152944096, 	 (10, 6, 8, 2, 0), 	 779
577000, 	 0.1000, 	 773.2405865496692, 	 (4, 5, 4, 9, 0), 	 800
578000, 	 0.1000, 	 743.1149596262611, 	 (5, 4, 7, 9, 10), 	 800
579000, 	 0.1000, 	 767.1798437221929, 	 (6, 5, 4, 9, 10), 	 800
580000, 	 0.1000, 	 753.6840585073152, 	 (5, 6, 5, 1, 0), 	 800
581000, 	 0.1000, 	 785.3587497936652, 	 (6, 4, 9, 6, 10), 	 800
582000, 	 0.1000, 	 -398.90846862588563, 	 (10, 6, 6, 1, 3), 	 23
583000, 	 0.1000, 	 353.1376826138289, 	 (0, 3, 5, 1, 10), 	 744
584000, 	 0.1000, 	 790.1745132578988, 	 (5, 5, 9, 8, 0), 	 800
585000, 	 0.1000, 	 777.5588896708379, 	 (5, 4, 4, 9, 10), 	 800
586000, 	 0.1000, 	 831.1152261396494, 	 (6, 6, 9, 4, 0), 	 800
587000, 	 0.1000, 	 732.3525003616107, 	 (5, 5, 7, 1, 0), 	 800
588000, 	 0.1000, 	 786.1288278923433, 	 (4, 6, 9, 4, 0), 	 800
589000, 	 0.1000, 	 802.3524503830463, 	 (6, 5, 4, 9, 10), 	 800
590000, 	 0.1000, 	 743.7199773151173, 	 (6, 4, 8, 2, 10), 	 800
591000, 	 0.1000, 	 741.8388711631854, 	 (6, 6, 9, 5, 0), 	 800
592000, 	 0.1000, 	 767.1433402393762, 	 (5, 4, 2, 8, 0), 	 800
593000, 	 0.1000, 	 772.9066396621992, 	 (6, 6, 1, 4, 10), 	 800
594000, 	 0.1000, 	 785.4089402013096, 	 (6, 4, 9, 4, 10), 	 800
595000, 	 0.1000, 	 735.3787106364258, 	 (5, 5, 1, 7, 10), 	 800
596000, 	 0.1000, 	 772.0835301385339, 	 (6, 6, 2, 2, 10), 	 800
597000, 	 0.1000, 	 775.8930103815449, 	 (6, 6, 3, 1, 10), 	 800
598000, 	 0.1000, 	 -391.6290558797967, 	 (0, 4, 2, 8, 7), 	 37
599000, 	 0.1000, 	 761.27929353799, 	 (5, 5, 2, 2, 10), 	 800
600000, 	 0.1000, 	 784.3300063670862, 	 (4, 4, 3, 9, 0), 	 800
601000, 	 0.1000, 	 746.8388475874372, 	 (4, 5, 1, 8, 10), 	 800
602000, 	 0.1000, 	 770.8719704668817, 	 (5, 6, 1, 8, 10), 	 800
603000, 	 0.1000, 	 766.8751696301166, 	 (6, 6, 6, 1, 0), 	 800
604000, 	 0.1000, 	 786.9467587808466, 	 (6, 6, 3, 9, 10), 	 800
605000, 	 0.1000, 	 752.4878457656672, 	 (5, 5, 3, 9, 0), 	 800
606000, 	 0.1000, 	 -76.70729337693018, 	 (0, 4, 1, 6, 0), 	 362
607000, 	 0.1000, 	 -86.01206269889428, 	 (10, 6, 1, 5, 10), 	 326
608000, 	 0.1000, 	 752.0652060110306, 	 (5, 5, 1, 6, 10), 	 800
609000, 	 0.1000, 	 798.5197521960232, 	 (4, 6, 6, 9, 10), 	 800
610000, 	 0.1000, 	 791.0284520548211, 	 (4, 6, 9, 7, 0), 	 800
611000, 	 0.1000, 	 -386.3974073451394, 	 (10, 6, 7, 1, 2), 	 104
612000, 	 0.1000, 	 198.83908784705267, 	 (0, 4, 9, 5, 10), 	 616
613000, 	 0.1000, 	 771.3031304841908, 	 (5, 5, 1, 6, 10), 	 800
614000, 	 0.1000, 	 777.6260734145634, 	 (5, 5, 8, 2, 10), 	 800
615000, 	 0.1000, 	 92.73899950222778, 	 (10, 5, 4, 1, 10), 	 573
616000, 	 0.1000, 	 785.2323368364506, 	 (4, 4, 1, 7, 0), 	 800
617000, 	 0.1000, 	 783.8230587190802, 	 (4, 5, 8, 8, 0), 	 800
618000, 	 0.1000, 	 743.6879472139342, 	 (5, 5, 3, 9, 10), 	 800
619000, 	 0.1000, 	 760.8200091956676, 	 (3, 3, 2, 8, 0), 	 800
620000, 	 0.1000, 	 739.7530997605214, 	 (6, 5, 5, 1, 10), 	 800
621000, 	 0.1000, 	 772.4753195790933, 	 (6, 5, 5, 1, 10), 	 800
622000, 	 0.1000, 	 774.3204224337653, 	 (5, 4, 9, 3, 10), 	 800
623000, 	 0.1000, 	 63.59867128336697, 	 (10, 8, 1, 5, 10), 	 489
624000, 	 0.1000, 	 702.0652476123577, 	 (8, 4, 9, 7, 10), 	 800
625000, 	 0.1000, 	 755.721621056951, 	 (6, 5, 1, 5, 10), 	 800
626000, 	 0.1000, 	 795.7188075307192, 	 (6, 5, 1, 4, 10), 	 800
627000, 	 0.1000, 	 770.6089152149591, 	 (5, 5, 2, 2, 10), 	 800
628000, 	 0.1000, 	 726.0792962615484, 	 (5, 5, 7, 1, 10), 	 800
629000, 	 0.1000, 	 -397.506593413355, 	 (0, 4, 4, 9, 6), 	 25
630000, 	 0.1000, 	 -177.20371356323983, 	 (10, 6, 3, 1, 10), 	 298
