0, 	 1.0000, 	 -402.0186813750681, 	 (0, 4, 9, 7, 4), 	 16
1000, 	 1.0000, 	 -401.1101637988246, 	 (10, 7, 9, 3, 4), 	 13
2000, 	 1.0000, 	 -403.29016534672616, 	 (0, 4, 9, 5, 7), 	 21
3000, 	 1.0000, 	 -402.0061579573303, 	 (0, 4, 9, 7, 5), 	 12
4000, 	 1.0000, 	 -402.9842075205105, 	 (10, 6, 9, 3, 6), 	 36
5000, 	 1.0000, 	 -402.9174481020634, 	 (10, 5, 9, 4, 6), 	 16
6000, 	 1.0000, 	 -401.3034576332856, 	 (10, 7, 9, 3, 4), 	 21
7000, 	 1.0000, 	 -400.42218152247204, 	 (10, 7, 7, 1, 5), 	 21
8000, 	 1.0000, 	 -401.4384504212092, 	 (0, 4, 9, 7, 6), 	 16
9000, 	 1.0000, 	 -397.39884185209615, 	 (0, 4, 9, 3, 4), 	 45
10000, 	 1.0000, 	 -400.43331408866544, 	 (10, 6, 8, 2, 5), 	 15
11000, 	 0.9586, 	 -401.58973514693537, 	 (10, 7, 9, 3, 4), 	 11
12000, 	 0.9208, 	 -401.5603903116058, 	 (10, 6, 9, 3, 5), 	 9
13000, 	 0.8860, 	 -401.51355824336395, 	 (0, 3, 7, 1, 6), 	 37
14000, 	 0.8538, 	 -401.8694718842875, 	 (10, 6, 9, 6, 7), 	 29
15000, 	 0.8239, 	 -402.77975361909, 	 (10, 6, 9, 4, 6), 	 14
16000, 	 0.7959, 	 -402.03493770615756, 	 (10, 6, 9, 3, 4), 	 26
17000, 	 0.7695, 	 -403.9633994739428, 	 (0, 4, 8, 8, 7), 	 32
18000, 	 0.7447, 	 -404.02608812905345, 	 (10, 6, 9, 5, 2), 	 21
19000, 	 0.7212, 	 -402.18744620311674, 	 (0, 4, 9, 5, 10), 	 35
20000, 	 0.6989, 	 -400.01187506465817, 	 (10, 7, 7, 1, 6), 	 34
21000, 	 0.6778, 	 -399.98759105078216, 	 (10, 6, 6, 1, 4), 	 56
22000, 	 0.6576, 	 -401.4101041097317, 	 (10, 6, 8, 2, 3), 	 26
23000, 	 0.6383, 	 -381.51652309585535, 	 (0, 2, 6, 1, 4), 	 72
24000, 	 0.6198, 	 -399.9743019768578, 	 (10, 6, 9, 4, 3), 	 34
25000, 	 0.6020, 	 -405.2580600447737, 	 (0, 4, 9, 3, 8), 	 45
26000, 	 0.5850, 	 -410.1139342756002, 	 (10, 5, 9, 4, 6), 	 47
27000, 	 0.5686, 	 -396.41874383545553, 	 (10, 6, 8, 2, 9), 	 65
28000, 	 0.5528, 	 -401.54588990457097, 	 (0, 3, 9, 7, 9), 	 20
29000, 	 0.5376, 	 -400.3066819254749, 	 (0, 3, 8, 9, 7), 	 17
30000, 	 0.5229, 	 -400.3243952546304, 	 (10, 6, 9, 3, 7), 	 26
31000, 	 0.5086, 	 -401.16022851402425, 	 (10, 5, 9, 4, 4), 	 36
32000, 	 0.4948, 	 -382.53782548529364, 	 (10, 5, 8, 1, 10), 	 122
33000, 	 0.4815, 	 -399.871209800972, 	 (0, 4, 7, 9, 7), 	 25
34000, 	 0.4685, 	 -364.08578386122593, 	 (0, 3, 9, 5, 0), 	 63
35000, 	 0.4559, 	 -382.65241011071697, 	 (10, 7, 5, 9, 6), 	 76
36000, 	 0.4437, 	 -399.31939832361564, 	 (0, 4, 9, 7, 2), 	 37
37000, 	 0.4318, 	 -398.5002298092419, 	 (10, 6, 6, 1, 5), 	 31
38000, 	 0.4202, 	 -386.9804422423806, 	 (0, 2, 1, 6, 1), 	 69
39000, 	 0.4089, 	 -393.3906638055535, 	 (0, 4, 6, 9, 3), 	 37
40000, 	 0.3979, 	 -379.9525412284725, 	 (0, 4, 6, 1, 8), 	 69
41000, 	 0.3872, 	 -399.16589554930977, 	 (10, 5, 8, 8, 3), 	 48
42000, 	 0.3767, 	 -367.7074284843881, 	 (0, 4, 9, 6, 0), 	 121
43000, 	 0.3665, 	 -404.62506811164616, 	 (10, 6, 9, 8, 3), 	 74
44000, 	 0.3565, 	 -376.5162775186534, 	 (0, 3, 9, 6, 1), 	 210
45000, 	 0.3468, 	 -367.83942997063826, 	 (0, 3, 6, 1, 3), 	 133
46000, 	 0.3372, 	 -372.50974609083306, 	 (10, 7, 8, 2, 10), 	 94
47000, 	 0.3279, 	 -400.6412083910159, 	 (0, 3, 9, 8, 9), 	 50
48000, 	 0.3187, 	 -405.63762431461043, 	 (10, 5, 9, 6, 5), 	 44
49000, 	 0.3098, 	 -402.60208757181454, 	 (10, 6, 9, 6, 6), 	 46
50000, 	 0.3010, 	 -342.4854072046615, 	 (10, 6, 6, 9, 0), 	 118
51000, 	 0.2924, 	 -356.78345346275455, 	 (10, 6, 1, 7, 5), 	 118
52000, 	 0.2840, 	 -389.62277123629536, 	 (10, 7, 9, 3, 8), 	 84
53000, 	 0.2757, 	 -296.07620895578003, 	 (10, 6, 1, 3, 7), 	 227
54000, 	 0.2676, 	 -372.56122905589643, 	 (0, 3, 7, 1, 4), 	 126
55000, 	 0.2596, 	 -346.2433887939323, 	 (0, 4, 9, 8, 0), 	 189
56000, 	 0.2518, 	 -360.1322736674611, 	 (0, 3, 4, 1, 0), 	 109
57000, 	 0.2441, 	 -346.4679167546425, 	 (0, 3, 1, 4, 6), 	 149
58000, 	 0.2366, 	 -107.6709510746557, 	 (0, 3, 1, 5, 0), 	 372
59000, 	 0.2291, 	 -303.9314975205634, 	 (10, 6, 5, 9, 0), 	 186
60000, 	 0.2218, 	 -366.5664470118553, 	 (10, 5, 9, 3, 0), 	 133
61000, 	 0.2147, 	 -39.882338315550555, 	 (0, 3, 9, 4, 10), 	 417
62000, 	 0.2076, 	 154.50584572635006, 	 (0, 3, 6, 9, 10), 	 656
63000, 	 0.2007, 	 -373.94535031550083, 	 (0, 2, 3, 9, 0), 	 95
64000, 	 0.1938, 	 -393.4862055372373, 	 (0, 5, 3, 9, 6), 	 191
65000, 	 0.1871, 	 102.07093703423016, 	 (10, 6, 1, 2, 10), 	 605
66000, 	 0.1804, 	 -246.59364039354378, 	 (10, 8, 1, 4, 10), 	 325
67000, 	 0.1739, 	 -295.0342508025553, 	 (0, 5, 7, 9, 0), 	 282
68000, 	 0.1675, 	 662.4284592175096, 	 (6, 6, 4, 1, 0), 	 800
69000, 	 0.1611, 	 -70.96416181142024, 	 (10, 7, 5, 1, 10), 	 448
70000, 	 0.1549, 	 -399.71941317773644, 	 (0, 4, 7, 9, 7), 	 191
71000, 	 0.1487, 	 -334.5613195856496, 	 (10, 6, 9, 3, 10), 	 204
72000, 	 0.1427, 	 195.2274411088364, 	 (10, 6, 4, 9, 10), 	 711
73000, 	 0.1367, 	 -267.49425343784156, 	 (10, 8, 1, 4, 10), 	 243
74000, 	 0.1308, 	 -57.98056378226721, 	 (0, 3, 2, 9, 0), 	 443
75000, 	 0.1249, 	 -112.08682147330194, 	 (10, 5, 3, 1, 0), 	 403
76000, 	 0.1192, 	 738.4135205936901, 	 (6, 6, 4, 1, 0), 	 800
77000, 	 0.1135, 	 97.49754251821804, 	 (0, 4, 1, 6, 0), 	 611
78000, 	 0.1079, 	 254.91976704706434, 	 (5, 5, 5, 1, 0), 	 800
79000, 	 0.1024, 	 733.219366630964, 	 (6, 4, 9, 5, 10), 	 800
80000, 	 0.1000, 	 216.55711017978194, 	 (10, 6, 5, 1, 10), 	 685
81000, 	 0.1000, 	 725.8609097370879, 	 (8, 6, 2, 2, 10), 	 800
82000, 	 0.1000, 	 39.31125957565263, 	 (10, 6, 5, 1, 10), 	 480
83000, 	 0.1000, 	 721.9465643103824, 	 (6, 5, 6, 1, 10), 	 800
84000, 	 0.1000, 	 633.3406010174094, 	 (5, 4, 3, 9, 0), 	 800
85000, 	 0.1000, 	 729.2001842169238, 	 (8, 5, 4, 1, 10), 	 800
86000, 	 0.1000, 	 291.84169498949433, 	 (10, 7, 1, 2, 10), 	 754
87000, 	 0.1000, 	 302.2749823151959, 	 (10, 6, 2, 1, 10), 	 776
88000, 	 0.1000, 	 -375.7475680208967, 	 (10, 6, 2, 1, 2), 	 66
89000, 	 0.1000, 	 693.3947360098248, 	 (6, 4, 9, 4, 10), 	 800
90000, 	 0.1000, 	 -107.13301431901493, 	 (10, 7, 8, 2, 0), 	 395
91000, 	 0.1000, 	 732.8778513080092, 	 (5, 3, 8, 9, 10), 	 800
92000, 	 0.1000, 	 -14.829880828893181, 	 (0, 3, 1, 7, 0), 	 434
93000, 	 0.1000, 	 -160.99352598305256, 	 (10, 7, 1, 4, 10), 	 292
94000, 	 0.1000, 	 755.9559283819723, 	 (6, 5, 6, 1, 10), 	 800
95000, 	 0.1000, 	 758.2796959309889, 	 (7, 5, 9, 4, 10), 	 800
96000, 	 0.1000, 	 -332.3585591034065, 	 (10, 6, 4, 9, 10), 	 160
97000, 	 0.1000, 	 750.2383373745123, 	 (4, 5, 4, 9, 0), 	 800
98000, 	 0.1000, 	 731.3732496908592, 	 (6, 5, 6, 1, 10), 	 800
99000, 	 0.1000, 	 763.6493544243776, 	 (4, 4, 5, 9, 0), 	 800
100000, 	 0.1000, 	 770.4448924744446, 	 (3, 5, 7, 9, 0), 	 800
101000, 	 0.1000, 	 754.8291699891931, 	 (4, 6, 9, 7, 0), 	 800
102000, 	 0.1000, 	 746.535710800891, 	 (6, 5, 9, 3, 10), 	 800
103000, 	 0.1000, 	 765.7365206232162, 	 (5, 5, 6, 9, 10), 	 800
104000, 	 0.1000, 	 716.5167899770313, 	 (5, 6, 6, 1, 0), 	 800
105000, 	 0.1000, 	 706.8050087240988, 	 (1, 6, 7, 9, 0), 	 800
106000, 	 0.1000, 	 764.0195677887916, 	 (6, 6, 4, 1, 10), 	 800
107000, 	 0.1000, 	 736.0579799370727, 	 (4, 5, 7, 9, 0), 	 800
108000, 	 0.1000, 	 781.0717162565969, 	 (6, 5, 2, 2, 10), 	 800
109000, 	 0.1000, 	 760.7212312187496, 	 (4, 6, 9, 6, 0), 	 800
110000, 	 0.1000, 	 778.6539360768271, 	 (6, 4, 9, 6, 10), 	 800
111000, 	 0.1000, 	 753.9675581441758, 	 (5, 6, 2, 1, 10), 	 800
112000, 	 0.1000, 	 -390.3711578146437, 	 (10, 6, 5, 1, 5), 	 128
113000, 	 0.1000, 	 751.366013810366, 	 (5, 5, 9, 6, 10), 	 800
114000, 	 0.1000, 	 765.9412552593692, 	 (5, 5, 5, 1, 0), 	 800
115000, 	 0.1000, 	 753.4595657762574, 	 (4, 5, 7, 9, 0), 	 800
116000, 	 0.1000, 	 155.28842606665881, 	 (0, 4, 1, 6, 0), 	 607
117000, 	 0.1000, 	 21.927850485456133, 	 (10, 7, 8, 8, 0), 	 452
118000, 	 0.1000, 	 757.5774014119636, 	 (5, 5, 3, 1, 0), 	 800
119000, 	 0.1000, 	 775.9038190308913, 	 (6, 6, 1, 5, 10), 	 800
120000, 	 0.1000, 	 737.3580843593818, 	 (5, 5, 7, 1, 0), 	 800
121000, 	 0.1000, 	 771.3126272677351, 	 (5, 5, 2, 8, 10), 	 800
122000, 	 0.1000, 	 -395.3828740572192, 	 (10, 6, 5, 1, 2), 	 36
123000, 	 0.1000, 	 788.6800585688087, 	 (6, 6, 3, 1, 10), 	 800
124000, 	 0.1000, 	 707.6126340936726, 	 (5, 5, 8, 8, 0), 	 800
125000, 	 0.1000, 	 733.311972203238, 	 (6, 5, 6, 1, 10), 	 800
126000, 	 0.1000, 	 758.4997561336521, 	 (5, 5, 1, 7, 10), 	 800
127000, 	 0.1000, 	 -395.2665216965137, 	 (10, 6, 3, 1, 2), 	 33
128000, 	 0.1000, 	 348.7746757939316, 	 (10, 5, 5, 1, 10), 	 779
129000, 	 0.1000, 	 730.1937804131965, 	 (5, 5, 4, 1, 0), 	 800
130000, 	 0.1000, 	 622.2237653910478, 	 (4, 3, 1, 7, 0), 	 800
131000, 	 0.1000, 	 786.4041620097253, 	 (4, 6, 9, 4, 0), 	 800
132000, 	 0.1000, 	 724.3063414200619, 	 (6, 5, 9, 7, 10), 	 800
133000, 	 0.1000, 	 776.3580060981016, 	 (6, 6, 1, 5, 10), 	 800
134000, 	 0.1000, 	 94.75130979759496, 	 (10, 7, 3, 1, 10), 	 553
135000, 	 0.1000, 	 721.4361629359739, 	 (5, 4, 1, 6, 0), 	 800
136000, 	 0.1000, 	 700.5366155920989, 	 (7, 5, 7, 1, 10), 	 800
137000, 	 0.1000, 	 731.3431354004015, 	 (5, 6, 1, 5, 10), 	 800
138000, 	 0.1000, 	 734.9189562944005, 	 (4, 4, 5, 9, 10), 	 800
139000, 	 0.1000, 	 -340.55036893009935, 	 (10, 6, 3, 9, 10), 	 169
140000, 	 0.1000, 	 3.2347175170748983, 	 (10, 6, 2, 2, 10), 	 472
141000, 	 0.1000, 	 -189.8591324651489, 	 (0, 4, 9, 8, 10), 	 329
142000, 	 0.1000, 	 764.9083835938069, 	 (5, 5, 1, 6, 0), 	 800
143000, 	 0.1000, 	 42.03444804926062, 	 (10, 6, 1, 4, 10), 	 504
144000, 	 0.1000, 	 778.4522870347511, 	 (5, 5, 2, 2, 0), 	 800
145000, 	 0.1000, 	 733.2350068902523, 	 (5, 6, 8, 2, 0), 	 800
146000, 	 0.1000, 	 739.7351745156187, 	 (6, 6, 5, 1, 0), 	 800
147000, 	 0.1000, 	 724.4861281191537, 	 (4, 5, 3, 9, 10), 	 800
148000, 	 0.1000, 	 775.4222234680822, 	 (5, 5, 3, 1, 0), 	 800
149000, 	 0.1000, 	 708.6521895730568, 	 (4, 6, 7, 9, 0), 	 800
150000, 	 0.1000, 	 762.2446182823583, 	 (7, 5, 6, 1, 10), 	 800
151000, 	 0.1000, 	 727.8566216881037, 	 (7, 6, 3, 1, 10), 	 800
152000, 	 0.1000, 	 42.31661961302149, 	 (10, 6, 4, 1, 10), 	 466
153000, 	 0.1000, 	 769.228784196225, 	 (6, 6, 1, 7, 10), 	 800
154000, 	 0.1000, 	 -398.15334393380357, 	 (0, 5, 5, 9, 6), 	 24
155000, 	 0.1000, 	 -343.4492501718241, 	 (10, 6, 1, 5, 10), 	 170
156000, 	 0.1000, 	 -85.71865818217731, 	 (10, 6, 8, 2, 10), 	 364
157000, 	 0.1000, 	 776.2500688454113, 	 (4, 4, 1, 3, 0), 	 800
158000, 	 0.1000, 	 781.2939380522074, 	 (4, 4, 1, 7, 0), 	 800
159000, 	 0.1000, 	 727.9616690947424, 	 (5, 7, 9, 3, 0), 	 800
160000, 	 0.1000, 	 754.6360912766103, 	 (3, 4, 1, 7, 0), 	 800
161000, 	 0.1000, 	 761.3203475366844, 	 (4, 4, 3, 9, 0), 	 800
162000, 	 0.1000, 	 754.8736389907106, 	 (3, 4, 3, 9, 0), 	 800
163000, 	 0.1000, 	 754.9343709418415, 	 (5, 4, 1, 6, 0), 	 800
164000, 	 0.1000, 	 732.8629954576714, 	 (5, 5, 3, 1, 0), 	 800
165000, 	 0.1000, 	 730.8269991826754, 	 (4, 6, 6, 1, 0), 	 800
166000, 	 0.1000, 	 -109.53434021921123, 	 (0, 4, 1, 3, 0), 	 380
167000, 	 0.1000, 	 251.96497594009008, 	 (10, 6, 1, 7, 10), 	 723
168000, 	 0.1000, 	 -231.8420281361427, 	 (0, 3, 9, 6, 10), 	 198
169000, 	 0.1000, 	 741.70000690534, 	 (7, 6, 3, 1, 10), 	 800
170000, 	 0.1000, 	 761.415615436454, 	 (6, 6, 5, 1, 0), 	 800
171000, 	 0.1000, 	 -397.8555217690894, 	 (0, 4, 6, 9, 9), 	 34
172000, 	 0.1000, 	 775.7422871983985, 	 (3, 4, 3, 9, 0), 	 800
173000, 	 0.1000, 	 729.6973214278321, 	 (4, 5, 7, 9, 10), 	 800
174000, 	 0.1000, 	 727.3336237037147, 	 (5, 4, 1, 7, 0), 	 800
175000, 	 0.1000, 	 765.547640269004, 	 (5, 5, 4, 1, 0), 	 800
176000, 	 0.1000, 	 712.4692687431914, 	 (7, 5, 4, 1, 10), 	 800
177000, 	 0.1000, 	 760.5405851079352, 	 (7, 6, 2, 2, 10), 	 800
178000, 	 0.1000, 	 -393.3542372161856, 	 (10, 6, 4, 1, 2), 	 57
179000, 	 0.1000, 	 725.7344451544251, 	 (5, 5, 5, 1, 0), 	 800
180000, 	 0.1000, 	 762.47533407627, 	 (5, 5, 1, 3, 0), 	 800
181000, 	 0.1000, 	 783.9997375422428, 	 (7, 6, 3, 1, 10), 	 800
182000, 	 0.1000, 	 773.7820648068598, 	 (5, 6, 7, 1, 0), 	 800
183000, 	 0.1000, 	 762.6894796903392, 	 (5, 3, 9, 6, 10), 	 800
184000, 	 0.1000, 	 769.0950914488122, 	 (5, 6, 6, 1, 0), 	 800
185000, 	 0.1000, 	 651.6171486485822, 	 (5, 6, 2, 8, 10), 	 800
186000, 	 0.1000, 	 761.8126443306444, 	 (5, 6, 9, 4, 0), 	 800
187000, 	 0.1000, 	 785.4449944174257, 	 (5, 4, 1, 7, 0), 	 800
188000, 	 0.1000, 	 787.5813254569679, 	 (6, 5, 7, 1, 10), 	 800
189000, 	 0.1000, 	 718.5274348693049, 	 (5, 5, 4, 9, 10), 	 800
190000, 	 0.1000, 	 769.0814809718074, 	 (4, 6, 9, 7, 0), 	 800
191000, 	 0.1000, 	 38.302710442465184, 	 (0, 4, 2, 9, 0), 	 492
192000, 	 0.1000, 	 764.5080247498325, 	 (4, 5, 8, 8, 0), 	 800
193000, 	 0.1000, 	 763.9127112805693, 	 (5, 5, 2, 1, 10), 	 800
194000, 	 0.1000, 	 714.9492540273078, 	 (5, 5, 7, 1, 10), 	 800
195000, 	 0.1000, 	 -374.10371180272307, 	 (10, 6, 7, 9, 1), 	 95
196000, 	 0.1000, 	 786.3855638744699, 	 (6, 4, 9, 5, 10), 	 800
197000, 	 0.1000, 	 726.4556341522666, 	 (5, 6, 4, 9, 10), 	 800
198000, 	 0.1000, 	 273.18177327978873, 	 (0, 4, 1, 7, 0), 	 729
199000, 	 0.1000, 	 768.1184670543502, 	 (5, 4, 7, 9, 10), 	 800
200000, 	 0.1000, 	 739.3272857029326, 	 (5, 6, 9, 3, 0), 	 800
201000, 	 0.1000, 	 776.6197662980404, 	 (6, 6, 2, 2, 10), 	 800
202000, 	 0.1000, 	 -382.3509777241095, 	 (10, 6, 8, 2, 7), 	 104
203000, 	 0.1000, 	 779.396907022546, 	 (6, 5, 4, 1, 10), 	 800
204000, 	 0.1000, 	 750.4402435986365, 	 (6, 5, 7, 1, 10), 	 800
205000, 	 0.1000, 	 -381.81928981957475, 	 (10, 5, 7, 9, 10), 	 48
206000, 	 0.1000, 	 759.6765669274678, 	 (6, 3, 1, 5, 0), 	 800
207000, 	 0.1000, 	 748.5927182158391, 	 (5, 5, 5, 1, 0), 	 800
208000, 	 0.1000, 	 -397.6403290457764, 	 (10, 6, 4, 1, 3), 	 25
209000, 	 0.1000, 	 783.6024715262226, 	 (6, 4, 9, 4, 10), 	 800
210000, 	 0.1000, 	 -292.541286977792, 	 (10, 6, 2, 1, 10), 	 174
211000, 	 0.1000, 	 735.0593484649424, 	 (5, 4, 6, 9, 10), 	 800
212000, 	 0.1000, 	 806.956565009156, 	 (5, 4, 1, 4, 0), 	 800
213000, 	 0.1000, 	 -397.74451502953195, 	 (0, 4, 6, 9, 7), 	 33
214000, 	 0.1000, 	 752.9454442667584, 	 (4, 5, 3, 9, 10), 	 800
215000, 	 0.1000, 	 -397.8447575190011, 	 (0, 4, 4, 9, 7), 	 25
216000, 	 0.1000, 	 736.3706826073073, 	 (6, 5, 9, 2, 10), 	 800
217000, 	 0.1000, 	 782.8793096985313, 	 (5, 5, 9, 8, 0), 	 800
218000, 	 0.1000, 	 767.6643067466747, 	 (4, 5, 3, 9, 0), 	 800
219000, 	 0.1000, 	 629.8623790266996, 	 (6, 5, 2, 1, 10), 	 800
220000, 	 0.1000, 	 -390.9662863607117, 	 (0, 4, 6, 9, 7), 	 79
221000, 	 0.1000, 	 706.9918571541059, 	 (4, 6, 2, 9, 10), 	 800
222000, 	 0.1000, 	 774.4497114102597, 	 (6, 5, 3, 1, 10), 	 800
223000, 	 0.1000, 	 776.4859168513564, 	 (4, 5, 4, 9, 0), 	 800
224000, 	 0.1000, 	 724.3570337609972, 	 (4, 4, 7, 9, 10), 	 800
225000, 	 0.1000, 	 740.8610978191296, 	 (4, 5, 8, 2, 10), 	 800
226000, 	 0.1000, 	 722.8529283460649, 	 (6, 5, 3, 1, 0), 	 800
227000, 	 0.1000, 	 724.8720559395935, 	 (4, 4, 1, 6, 0), 	 800
228000, 	 0.1000, 	 772.7105921888685, 	 (5, 5, 4, 9, 10), 	 800
229000, 	 0.1000, 	 796.8197963699678, 	 (6, 5, 5, 1, 10), 	 800
230000, 	 0.1000, 	 758.3838426204796, 	 (4, 5, 9, 7, 0), 	 800
231000, 	 0.1000, 	 -394.28080535971964, 	 (0, 3, 7, 9, 9), 	 74
232000, 	 0.1000, 	 718.8314153366939, 	 (6, 6, 1, 4, 10), 	 800
233000, 	 0.1000, 	 776.9794426203981, 	 (6, 5, 9, 8, 10), 	 800
234000, 	 0.1000, 	 779.8134057342684, 	 (6, 5, 2, 2, 10), 	 800
235000, 	 0.1000, 	 761.8774719435327, 	 (5, 6, 6, 1, 0), 	 800
236000, 	 0.1000, 	 728.8388863951965, 	 (6, 6, 4, 1, 10), 	 800
237000, 	 0.1000, 	 143.0513885232645, 	 (10, 6, 2, 2, 10), 	 558
238000, 	 0.1000, 	 -391.46098813394417, 	 (10, 5, 2, 1, 3), 	 49
239000, 	 0.1000, 	 757.9745481254328, 	 (5, 5, 1, 5, 0), 	 800
240000, 	 0.1000, 	 733.5427050965932, 	 (5, 5, 3, 9, 0), 	 800
241000, 	 0.1000, 	 779.1469629906194, 	 (5, 5, 6, 1, 0), 	 800
242000, 	 0.1000, 	 -138.3336041303379, 	 (10, 6, 1, 4, 10), 	 294
243000, 	 0.1000, 	 776.7504779771467, 	 (4, 5, 4, 9, 0), 	 800
244000, 	 0.1000, 	 753.1709373064713, 	 (6, 5, 7, 1, 10), 	 800
245000, 	 0.1000, 	 782.7388338764719, 	 (4, 4, 7, 9, 10), 	 800
246000, 	 0.1000, 	 753.8998819681467, 	 (6, 6, 3, 1, 0), 	 800
247000, 	 0.1000, 	 -391.09227145800133, 	 (0, 4, 8, 8, 6), 	 68
248000, 	 0.1000, 	 713.6459998012937, 	 (6, 6, 1, 6, 10), 	 800
249000, 	 0.1000, 	 758.2830053604848, 	 (6, 5, 1, 7, 10), 	 800
250000, 	 0.1000, 	 753.4881333765829, 	 (6, 4, 1, 3, 0), 	 800
251000, 	 0.1000, 	 743.0442426099709, 	 (6, 5, 1, 2, 0), 	 800
252000, 	 0.1000, 	 777.7402152249161, 	 (6, 6, 1, 5, 10), 	 800
253000, 	 0.1000, 	 771.3868290281189, 	 (5, 4, 4, 9, 10), 	 800
254000, 	 0.1000, 	 766.6632887133597, 	 (5, 5, 1, 8, 0), 	 800
255000, 	 0.1000, 	 760.2141628053233, 	 (5, 5, 5, 1, 0), 	 800
256000, 	 0.1000, 	 756.935045591965, 	 (5, 4, 1, 3, 0), 	 800
257000, 	 0.1000, 	 766.2776131893409, 	 (5, 6, 9, 5, 0), 	 800
258000, 	 0.1000, 	 -400.0304222687818, 	 (0, 4, 7, 9, 6), 	 20
259000, 	 0.1000, 	 728.3469502159267, 	 (6, 4, 9, 8, 10), 	 800
260000, 	 0.1000, 	 739.7868444596512, 	 (3, 5, 3, 9, 10), 	 800
261000, 	 0.1000, 	 789.8041218196065, 	 (4, 5, 5, 9, 0), 	 800
262000, 	 0.1000, 	 679.1572487053397, 	 (3, 5, 8, 8, 0), 	 800
263000, 	 0.1000, 	 726.8346321211852, 	 (4, 6, 9, 5, 0), 	 800
264000, 	 0.1000, 	 762.681745328461, 	 (5, 6, 1, 5, 10), 	 800
265000, 	 0.1000, 	 -79.8112308615481, 	 (0, 4, 3, 9, 0), 	 348
266000, 	 0.1000, 	 714.6540892953849, 	 (5, 5, 1, 8, 10), 	 800
267000, 	 0.1000, 	 760.034574336684, 	 (5, 6, 1, 2, 10), 	 800
268000, 	 0.1000, 	 -381.6088440605642, 	 (0, 4, 1, 7, 6), 	 54
269000, 	 0.1000, 	 789.56056352126, 	 (5, 4, 9, 3, 10), 	 800
270000, 	 0.1000, 	 772.7435744243311, 	 (5, 6, 8, 1, 0), 	 800
271000, 	 0.1000, 	 810.3776940184943, 	 (4, 5, 3, 9, 9), 	 800
272000, 	 0.1000, 	 781.700647077415, 	 (5, 6, 2, 2, 10), 	 800
273000, 	 0.1000, 	 801.4561148893685, 	 (3, 6, 8, 8, 0), 	 800
274000, 	 0.1000, 	 726.0543739211444, 	 (4, 5, 7, 9, 0), 	 800
275000, 	 0.1000, 	 749.6704313603498, 	 (5, 5, 6, 9, 10), 	 800
276000, 	 0.1000, 	 776.1201612174914, 	 (4, 4, 6, 9, 10), 	 800
277000, 	 0.1000, 	 819.8164308652796, 	 (5, 6, 9, 3, 0), 	 800
278000, 	 0.1000, 	 777.2955871769359, 	 (8, 6, 3, 9, 10), 	 800
279000, 	 0.1000, 	 768.2163467104602, 	 (4, 5, 8, 8, 0), 	 800
280000, 	 0.1000, 	 769.4291169699849, 	 (5, 5, 1, 3, 0), 	 800
281000, 	 0.1000, 	 777.9792496804646, 	 (6, 6, 1, 4, 10), 	 800
282000, 	 0.1000, 	 224.60051976056775, 	 (10, 6, 1, 6, 10), 	 709
283000, 	 0.1000, 	 646.2534958171972, 	 (4, 5, 9, 3, 0), 	 800
284000, 	 0.1000, 	 767.3961054182178, 	 (4, 5, 4, 9, 10), 	 800
285000, 	 0.1000, 	 763.5359332555704, 	 (4, 4, 6, 9, 10), 	 800
286000, 	 0.1000, 	 711.3340902502096, 	 (4, 5, 9, 5, 0), 	 800
287000, 	 0.1000, 	 733.7045133959498, 	 (6, 4, 9, 5, 10), 	 800
288000, 	 0.1000, 	 781.5379515936188, 	 (7, 6, 2, 2, 10), 	 800
289000, 	 0.1000, 	 789.0841810284686, 	 (5, 5, 6, 1, 10), 	 800
290000, 	 0.1000, 	 774.9982236742485, 	 (7, 6, 2, 1, 10), 	 800
291000, 	 0.1000, 	 -379.1624001197753, 	 (10, 5, 1, 3, 1), 	 66
292000, 	 0.1000, 	 780.7430358805411, 	 (5, 4, 9, 5, 10), 	 800
293000, 	 0.1000, 	 735.0024009042652, 	 (4, 5, 5, 9, 10), 	 800
294000, 	 0.1000, 	 769.8285780128533, 	 (7, 5, 9, 4, 10), 	 800
295000, 	 0.1000, 	 734.4259327301864, 	 (6, 5, 7, 1, 10), 	 800
296000, 	 0.1000, 	 -398.2097834392561, 	 (0, 4, 5, 9, 7), 	 24
297000, 	 0.1000, 	 744.8896044068977, 	 (5, 6, 8, 2, 0), 	 800
298000, 	 0.1000, 	 724.3327088064912, 	 (5, 5, 2, 2, 0), 	 800
299000, 	 0.1000, 	 772.9618131913188, 	 (5, 6, 9, 5, 0), 	 800
300000, 	 0.1000, 	 795.9896201002882, 	 (5, 5, 9, 7, 0), 	 800
301000, 	 0.1000, 	 -390.49029696927187, 	 (10, 7, 2, 2, 2), 	 40
302000, 	 0.1000, 	 810.2301192226009, 	 (5, 5, 2, 2, 0), 	 800
303000, 	 0.1000, 	 778.5673051740753, 	 (5, 5, 1, 3, 0), 	 800
304000, 	 0.1000, 	 749.6814694784588, 	 (6, 6, 6, 1, 10), 	 800
305000, 	 0.1000, 	 800.5803300575493, 	 (4, 5, 7, 9, 0), 	 800
306000, 	 0.1000, 	 756.8350939979917, 	 (4, 5, 6, 9, 0), 	 800
307000, 	 0.1000, 	 750.5928543186609, 	 (6, 4, 9, 2, 10), 	 800
308000, 	 0.1000, 	 796.171246456843, 	 (5, 4, 5, 9, 0), 	 800
309000, 	 0.1000, 	 754.7979577105131, 	 (5, 5, 1, 6, 10), 	 800
310000, 	 0.1000, 	 783.6252443882647, 	 (5, 4, 4, 9, 0), 	 800
311000, 	 0.1000, 	 771.5261137286694, 	 (6, 5, 2, 2, 0), 	 800
312000, 	 0.1000, 	 761.6148189117347, 	 (6, 6, 6, 1, 0), 	 800
313000, 	 0.1000, 	 751.828986136216, 	 (5, 6, 6, 1, 0), 	 800
314000, 	 0.1000, 	 762.25591986273, 	 (5, 5, 5, 1, 0), 	 800
315000, 	 0.1000, 	 773.5779314187454, 	 (4, 4, 5, 9, 0), 	 800
316000, 	 0.1000, 	 366.6003955759991, 	 (10, 6, 4, 1, 10), 	 789
317000, 	 0.1000, 	 690.4357118310455, 	 (4, 4, 6, 9, 10), 	 800
318000, 	 0.1000, 	 773.1866639445187, 	 (5, 4, 7, 9, 10), 	 800
319000, 	 0.1000, 	 737.9556862854722, 	 (6, 6, 1, 5, 10), 	 800
320000, 	 0.1000, 	 747.4734803604347, 	 (5, 4, 7, 9, 0), 	 800
321000, 	 0.1000, 	 764.67717031681, 	 (5, 6, 1, 7, 10), 	 800
322000, 	 0.1000, 	 754.7394661263377, 	 (5, 5, 3, 1, 0), 	 800
323000, 	 0.1000, 	 762.2238787788801, 	 (5, 5, 6, 9, 0), 	 800
324000, 	 0.1000, 	 -397.72528368724056, 	 (0, 4, 5, 9, 6), 	 33
325000, 	 0.1000, 	 744.6121286394014, 	 (5, 4, 1, 6, 0), 	 800
326000, 	 0.1000, 	 -135.52031447009506, 	 (10, 7, 9, 6, 0), 	 285
327000, 	 0.1000, 	 -378.3629839573378, 	 (10, 5, 4, 1, 3), 	 99
328000, 	 0.1000, 	 -373.6918063871604, 	 (10, 6, 1, 3, 3), 	 83
329000, 	 0.1000, 	 734.1360698448813, 	 (8, 6, 8, 2, 10), 	 800
330000, 	 0.1000, 	 777.5611340687301, 	 (5, 6, 1, 4, 10), 	 800
331000, 	 0.1000, 	 787.7432635836694, 	 (6, 6, 9, 3, 0), 	 800
332000, 	 0.1000, 	 774.6580570343001, 	 (5, 5, 1, 8, 10), 	 800
333000, 	 0.1000, 	 196.87881185076827, 	 (0, 4, 1, 7, 0), 	 639
334000, 	 0.1000, 	 744.7517048513872, 	 (4, 5, 4, 1, 0), 	 800
335000, 	 0.1000, 	 789.7759887313572, 	 (5, 5, 1, 8, 10), 	 800
336000, 	 0.1000, 	 -386.78515276820235, 	 (10, 6, 3, 1, 4), 	 52
337000, 	 0.1000, 	 787.1172970827533, 	 (4, 4, 1, 6, 0), 	 800
338000, 	 0.1000, 	 710.524916620163, 	 (4, 4, 5, 9, 0), 	 800
339000, 	 0.1000, 	 768.5447226498629, 	 (6, 5, 5, 1, 10), 	 800
340000, 	 0.1000, 	 766.3567193780475, 	 (5, 4, 9, 8, 10), 	 800
341000, 	 0.1000, 	 -18.111968511378166, 	 (0, 4, 1, 7, 0), 	 421
342000, 	 0.1000, 	 150.39491021524873, 	 (0, 4, 6, 9, 10), 	 587
343000, 	 0.1000, 	 -397.85910898528914, 	 (10, 5, 5, 1, 5), 	 26
344000, 	 0.1000, 	 772.7262446713662, 	 (4, 5, 9, 7, 0), 	 800
345000, 	 0.1000, 	 762.8561012710433, 	 (4, 5, 9, 6, 0), 	 800
346000, 	 0.1000, 	 783.8813340637839, 	 (5, 4, 8, 2, 10), 	 800
347000, 	 0.1000, 	 798.6039077828614, 	 (4, 4, 1, 7, 0), 	 800
348000, 	 0.1000, 	 6.302058038063535, 	 (0, 4, 1, 2, 0), 	 449
349000, 	 0.1000, 	 776.5988651445197, 	 (5, 5, 3, 1, 0), 	 800
350000, 	 0.1000, 	 773.9712337655246, 	 (4, 5, 3, 9, 0), 	 800
351000, 	 0.1000, 	 779.7450978151102, 	 (5, 5, 3, 1, 10), 	 800
352000, 	 0.1000, 	 773.7963823910775, 	 (4, 4, 2, 8, 0), 	 800
353000, 	 0.1000, 	 -396.6626395414581, 	 (10, 5, 6, 1, 5), 	 47
354000, 	 0.1000, 	 734.1464954704006, 	 (4, 5, 9, 6, 0), 	 800
355000, 	 0.1000, 	 783.2890714998642, 	 (5, 5, 9, 7, 0), 	 800
356000, 	 0.1000, 	 764.0924121210977, 	 (5, 5, 5, 9, 10), 	 800
357000, 	 0.1000, 	 785.5750366648891, 	 (7, 5, 3, 1, 10), 	 800
358000, 	 0.1000, 	 790.7092063755664, 	 (5, 5, 1, 4, 0), 	 800
359000, 	 0.1000, 	 -362.4617542143161, 	 (0, 5, 2, 2, 0), 	 82
360000, 	 0.1000, 	 701.703088999095, 	 (4, 4, 3, 1, 0), 	 800
361000, 	 0.1000, 	 -283.3450677969391, 	 (10, 5, 3, 1, 0), 	 208
362000, 	 0.1000, 	 760.2241071413592, 	 (5, 4, 2, 2, 0), 	 800
363000, 	 0.1000, 	 729.5066222823103, 	 (5, 5, 1, 6, 10), 	 800
364000, 	 0.1000, 	 770.7892478968697, 	 (6, 4, 4, 1, 0), 	 800
365000, 	 0.1000, 	 765.0083208205538, 	 (5, 6, 1, 3, 10), 	 800
366000, 	 0.1000, 	 741.6740493704058, 	 (5, 4, 8, 9, 10), 	 800
367000, 	 0.1000, 	 771.8361177582724, 	 (5, 5, 2, 2, 0), 	 800
368000, 	 0.1000, 	 -391.26992650986944, 	 (10, 6, 5, 1, 3), 	 71
369000, 	 0.1000, 	 753.6034150179819, 	 (6, 5, 6, 1, 10), 	 800
370000, 	 0.1000, 	 748.4911326600013, 	 (6, 5, 3, 1, 10), 	 800
371000, 	 0.1000, 	 809.9798668239779, 	 (5, 6, 1, 4, 10), 	 800
372000, 	 0.1000, 	 783.0116134686489, 	 (5, 5, 3, 9, 10), 	 800
373000, 	 0.1000, 	 793.4116236768979, 	 (6, 6, 3, 1, 10), 	 800
374000, 	 0.1000, 	 790.107894475017, 	 (5, 5, 6, 1, 10), 	 800
375000, 	 0.1000, 	 780.6623211593353, 	 (5, 6, 1, 7, 10), 	 800
376000, 	 0.1000, 	 335.49799522256785, 	 (10, 6, 2, 9, 10), 	 783
377000, 	 0.1000, 	 767.5825402287597, 	 (6, 5, 6, 1, 10), 	 800
378000, 	 0.1000, 	 775.1107700623053, 	 (3, 5, 4, 9, 0), 	 800
379000, 	 0.1000, 	 760.4269090263389, 	 (5, 4, 7, 9, 10), 	 800
380000, 	 0.1000, 	 -392.0891527423597, 	 (10, 6, 8, 1, 5), 	 62
381000, 	 0.1000, 	 792.5031767562556, 	 (3, 4, 2, 8, 0), 	 800
382000, 	 0.1000, 	 767.1145047365059, 	 (6, 6, 6, 1, 10), 	 800
383000, 	 0.1000, 	 -345.583058054301, 	 (10, 6, 9, 4, 0), 	 90
384000, 	 0.1000, 	 739.2109452387814, 	 (5, 5, 3, 1, 0), 	 800
385000, 	 0.1000, 	 779.1734528433977, 	 (6, 4, 9, 6, 10), 	 800
386000, 	 0.1000, 	 680.2167878521219, 	 (4, 5, 7, 9, 0), 	 800
387000, 	 0.1000, 	 802.9785263579791, 	 (6, 5, 6, 1, 10), 	 800
388000, 	 0.1000, 	 772.5039536644134, 	 (5, 6, 1, 5, 10), 	 800
389000, 	 0.1000, 	 777.2934753174944, 	 (5, 5, 1, 3, 0), 	 800
390000, 	 0.1000, 	 790.0264766428722, 	 (6, 4, 9, 4, 10), 	 800
391000, 	 0.1000, 	 775.2736447830519, 	 (6, 5, 7, 1, 10), 	 800
392000, 	 0.1000, 	 -391.6261359123709, 	 (10, 5, 2, 2, 3), 	 39
393000, 	 0.1000, 	 798.7921276727701, 	 (4, 4, 1, 5, 0), 	 800
394000, 	 0.1000, 	 651.0591491421061, 	 (6, 6, 3, 1, 10), 	 800
395000, 	 0.1000, 	 763.1298127729551, 	 (6, 6, 1, 3, 10), 	 800
396000, 	 0.1000, 	 779.840492031954, 	 (6, 5, 7, 1, 10), 	 800
397000, 	 0.1000, 	 762.4315316350235, 	 (5, 4, 7, 9, 10), 	 800
398000, 	 0.1000, 	 767.7331141495667, 	 (6, 5, 1, 5, 0), 	 800
399000, 	 0.1000, 	 772.5568580439002, 	 (5, 4, 2, 8, 0), 	 800
400000, 	 0.1000, 	 758.22517901908, 	 (4, 4, 3, 9, 0), 	 800
401000, 	 0.1000, 	 732.9128085039443, 	 (5, 5, 4, 9, 10), 	 800
402000, 	 0.1000, 	 -29.403400005904643, 	 (10, 6, 5, 1, 10), 	 430
403000, 	 0.1000, 	 794.7427392150645, 	 (4, 6, 9, 7, 0), 	 800
404000, 	 0.1000, 	 776.073586810134, 	 (4, 6, 8, 8, 0), 	 800
405000, 	 0.1000, 	 -397.6271073991166, 	 (0, 5, 6, 9, 6), 	 34
406000, 	 0.1000, 	 784.1648639765165, 	 (3, 4, 1, 7, 0), 	 800
407000, 	 0.1000, 	 -133.78754921030486, 	 (0, 4, 4, 9, 0), 	 280
408000, 	 0.1000, 	 741.5409962775126, 	 (5, 5, 9, 7, 0), 	 800
409000, 	 0.1000, 	 786.9321781209158, 	 (5, 6, 8, 1, 0), 	 800
410000, 	 0.1000, 	 761.6653119163122, 	 (2, 4, 1, 6, 0), 	 800
411000, 	 0.1000, 	 187.35294932443514, 	 (10, 7, 7, 1, 10), 	 697
412000, 	 0.1000, 	 741.325572150987, 	 (7, 5, 8, 2, 10), 	 800
413000, 	 0.1000, 	 727.1934339304372, 	 (4, 5, 3, 9, 10), 	 800
414000, 	 0.1000, 	 745.3082072434829, 	 (6, 5, 9, 3, 10), 	 800
415000, 	 0.1000, 	 771.2358624225142, 	 (7, 5, 4, 1, 10), 	 800
416000, 	 0.1000, 	 198.03985081746026, 	 (0, 4, 2, 8, 0), 	 653
417000, 	 0.1000, 	 769.5598277804953, 	 (4, 4, 4, 9, 0), 	 800
418000, 	 0.1000, 	 784.9443706651005, 	 (4, 5, 2, 8, 0), 	 800
419000, 	 0.1000, 	 787.9136797517016, 	 (5, 6, 8, 9, 0), 	 800
420000, 	 0.1000, 	 798.6893105855531, 	 (6, 6, 1, 6, 10), 	 800
421000, 	 0.1000, 	 765.0816803204714, 	 (6, 5, 1, 6, 10), 	 800
422000, 	 0.1000, 	 766.3129190563471, 	 (3, 5, 6, 9, 0), 	 800
423000, 	 0.1000, 	 -383.062242571752, 	 (0, 4, 6, 9, 7), 	 144
424000, 	 0.1000, 	 761.5531113854078, 	 (4, 6, 9, 8, 0), 	 800
425000, 	 0.1000, 	 803.5577105589446, 	 (4, 5, 8, 9, 0), 	 800
426000, 	 0.1000, 	 802.6902487889643, 	 (6, 6, 3, 1, 10), 	 800
427000, 	 0.1000, 	 779.9299674112339, 	 (5, 5, 3, 9, 10), 	 800
428000, 	 0.1000, 	 783.7082389515659, 	 (4, 5, 6, 9, 10), 	 800
429000, 	 0.1000, 	 804.5222585381977, 	 (4, 5, 3, 9, 0), 	 800
430000, 	 0.1000, 	 690.7990139436662, 	 (5, 5, 5, 9, 10), 	 800
431000, 	 0.1000, 	 775.3356901591962, 	 (5, 5, 8, 2, 10), 	 800
432000, 	 0.1000, 	 787.2619891706814, 	 (6, 5, 5, 1, 10), 	 800
433000, 	 0.1000, 	 767.2272158698216, 	 (4, 6, 9, 4, 0), 	 800
434000, 	 0.1000, 	 780.4610614255557, 	 (4, 4, 1, 7, 0), 	 800
435000, 	 0.1000, 	 206.38128908572878, 	 (10, 6, 2, 1, 0), 	 626
436000, 	 0.1000, 	 737.128020359521, 	 (4, 6, 9, 4, 0), 	 800
437000, 	 0.1000, 	 86.3745629134408, 	 (0, 3, 3, 9, 0), 	 516
438000, 	 0.1000, 	 -346.30888576527, 	 (0, 5, 1, 3, 0), 	 94
439000, 	 0.1000, 	 321.9523475360418, 	 (10, 5, 7, 1, 10), 	 739
440000, 	 0.1000, 	 801.6173997636673, 	 (5, 6, 1, 4, 10), 	 800
441000, 	 0.1000, 	 768.9272849570139, 	 (6, 6, 3, 1, 10), 	 800
442000, 	 0.1000, 	 769.1854366955214, 	 (5, 5, 2, 8, 10), 	 800
443000, 	 0.1000, 	 726.0326914470256, 	 (5, 5, 5, 9, 10), 	 800
444000, 	 0.1000, 	 -170.68204864564754, 	 (10, 6, 1, 3, 10), 	 335
445000, 	 0.1000, 	 770.6824218677099, 	 (5, 6, 9, 3, 0), 	 800
446000, 	 0.1000, 	 766.3175843722166, 	 (6, 5, 9, 6, 10), 	 800
447000, 	 0.1000, 	 739.5237979228662, 	 (6, 4, 9, 5, 10), 	 800
448000, 	 0.1000, 	 817.3117421083005, 	 (4, 4, 2, 8, 0), 	 800
449000, 	 0.1000, 	 792.2731636646861, 	 (6, 4, 8, 2, 10), 	 800
450000, 	 0.1000, 	 -398.3240665736431, 	 (0, 4, 5, 9, 7), 	 23
451000, 	 0.1000, 	 778.0379006631013, 	 (5, 5, 7, 9, 10), 	 800
452000, 	 0.1000, 	 762.3037944740558, 	 (6, 4, 9, 3, 10), 	 800
453000, 	 0.1000, 	 748.1606925717057, 	 (4, 4, 8, 8, 10), 	 800
454000, 	 0.1000, 	 -400.32180548390386, 	 (10, 6, 8, 2, 5), 	 16
455000, 	 0.1000, 	 782.8590020229682, 	 (4, 5, 9, 8, 0), 	 800
456000, 	 0.1000, 	 808.1599845511436, 	 (6, 5, 5, 1, 10), 	 800
457000, 	 0.1000, 	 -26.74998169309606, 	 (0, 4, 1, 8, 0), 	 451
458000, 	 0.1000, 	 747.3551791372854, 	 (5, 4, 2, 8, 0), 	 800
459000, 	 0.1000, 	 135.4873147934278, 	 (10, 6, 5, 1, 10), 	 589
460000, 	 0.1000, 	 -389.8429532172623, 	 (10, 6, 7, 1, 3), 	 72
461000, 	 0.1000, 	 704.1276336238482, 	 (6, 5, 5, 1, 0), 	 800
462000, 	 0.1000, 	 -394.38688895280785, 	 (10, 6, 4, 1, 6), 	 34
463000, 	 0.1000, 	 714.2388643121196, 	 (4, 5, 8, 9, 0), 	 800
464000, 	 0.1000, 	 761.6227622562956, 	 (4, 4, 6, 9, 10), 	 800
465000, 	 0.1000, 	 -399.3560129266276, 	 (0, 4, 9, 7, 2), 	 31
466000, 	 0.1000, 	 726.831555960525, 	 (3, 4, 4, 9, 0), 	 800
467000, 	 0.1000, 	 781.1849495673983, 	 (4, 4, 2, 8, 0), 	 800
468000, 	 0.1000, 	 803.1036881371525, 	 (5, 5, 9, 5, 0), 	 800
469000, 	 0.1000, 	 763.1136528602292, 	 (5, 4, 1, 6, 0), 	 800
470000, 	 0.1000, 	 777.0262927469855, 	 (4, 5, 8, 8, 0), 	 800
471000, 	 0.1000, 	 -398.36683848377686, 	 (0, 4, 5, 9, 6), 	 25
472000, 	 0.1000, 	 -399.91091327464864, 	 (0, 4, 7, 9, 5), 	 14
473000, 	 0.1000, 	 780.6271955833275, 	 (5, 4, 8, 8, 10), 	 800
474000, 	 0.1000, 	 -401.56565160027804, 	 (10, 5, 9, 3, 6), 	 8
475000, 	 0.1000, 	 766.7838737523936, 	 (6, 5, 7, 1, 10), 	 800
476000, 	 0.1000, 	 782.7336974933559, 	 (6, 5, 8, 8, 10), 	 800
477000, 	 0.1000, 	 -383.20495873454917, 	 (0, 4, 5, 9, 8), 	 84
478000, 	 0.1000, 	 730.2357148287534, 	 (4, 4, 8, 8, 10), 	 800
479000, 	 0.1000, 	 780.7875784084721, 	 (6, 6, 1, 3, 10), 	 800
480000, 	 0.1000, 	 787.7212581630079, 	 (6, 5, 3, 9, 10), 	 800
481000, 	 0.1000, 	 251.07731196901244, 	 (10, 6, 2, 9, 10), 	 691
482000, 	 0.1000, 	 795.1723182433157, 	 (5, 4, 6, 9, 10), 	 800
483000, 	 0.1000, 	 787.4721846535783, 	 (5, 6, 1, 3, 10), 	 800
484000, 	 0.1000, 	 783.1128302776872, 	 (6, 6, 5, 1, 10), 	 800
485000, 	 0.1000, 	 -374.2506424128846, 	 (10, 6, 6, 9, 10), 	 74
486000, 	 0.1000, 	 744.2618290426548, 	 (5, 5, 9, 7, 0), 	 800
487000, 	 0.1000, 	 772.2349615985019, 	 (4, 5, 5, 9, 0), 	 800
488000, 	 0.1000, 	 -243.03341323662025, 	 (0, 5, 5, 9, 0), 	 200
489000, 	 0.1000, 	 777.9846191259487, 	 (6, 5, 4, 9, 10), 	 800
490000, 	 0.1000, 	 227.06358651325843, 	 (0, 4, 2, 2, 0), 	 699
491000, 	 0.1000, 	 763.622333234227, 	 (5, 4, 8, 8, 10), 	 800
492000, 	 0.1000, 	 792.5442295640158, 	 (3, 5, 2, 9, 0), 	 800
493000, 	 0.1000, 	 781.165528029108, 	 (4, 4, 4, 9, 0), 	 800
494000, 	 0.1000, 	 780.2636526022948, 	 (6, 5, 1, 8, 10), 	 800
495000, 	 0.1000, 	 -398.6308838494898, 	 (10, 5, 5, 1, 4), 	 22
496000, 	 0.1000, 	 763.4818711766743, 	 (5, 4, 1, 8, 0), 	 800
497000, 	 0.1000, 	 786.8548814430104, 	 (5, 3, 9, 7, 10), 	 800
498000, 	 0.1000, 	 735.3128550651438, 	 (7, 5, 6, 1, 10), 	 800
499000, 	 0.1000, 	 785.4770884829207, 	 (4, 4, 8, 9, 10), 	 800
500000, 	 0.1000, 	 775.5750754864877, 	 (4, 4, 5, 9, 10), 	 800
501000, 	 0.1000, 	 804.3288323457879, 	 (5, 4, 5, 9, 10), 	 800
502000, 	 0.1000, 	 -247.98623955611134, 	 (10, 6, 1, 3, 10), 	 187
503000, 	 0.1000, 	 772.4991031616473, 	 (4, 5, 7, 9, 0), 	 800
504000, 	 0.1000, 	 779.6745463574157, 	 (6, 5, 6, 1, 10), 	 800
505000, 	 0.1000, 	 786.1898587518546, 	 (4, 5, 7, 9, 0), 	 800
506000, 	 0.1000, 	 739.7104948082596, 	 (4, 4, 3, 9, 0), 	 800
507000, 	 0.1000, 	 344.9790804128586, 	 (10, 6, 1, 7, 10), 	 769
508000, 	 0.1000, 	 -372.6138458406712, 	 (10, 7, 2, 8, 10), 	 65
509000, 	 0.1000, 	 -397.9070916374529, 	 (10, 6, 7, 1, 7), 	 27
510000, 	 0.1000, 	 808.6279825607068, 	 (1, 3, 1, 6, 0), 	 800
511000, 	 0.1000, 	 784.7924568162737, 	 (4, 6, 1, 6, 10), 	 800
512000, 	 0.1000, 	 -284.1026611736302, 	 (10, 6, 9, 4, 0), 	 135
513000, 	 0.1000, 	 136.33449557060402, 	 (10, 6, 9, 3, 0), 	 555
514000, 	 0.1000, 	 780.5457604549962, 	 (5, 5, 9, 6, 0), 	 800
515000, 	 0.1000, 	 757.5690927636174, 	 (5, 5, 6, 1, 0), 	 800
516000, 	 0.1000, 	 771.8327366381393, 	 (7, 6, 4, 1, 10), 	 800
517000, 	 0.1000, 	 776.7953025426905, 	 (5, 4, 9, 5, 10), 	 800
518000, 	 0.1000, 	 803.9767412893027, 	 (6, 5, 4, 9, 10), 	 800
519000, 	 0.1000, 	 797.5082046899117, 	 (6, 6, 5, 1, 10), 	 800
520000, 	 0.1000, 	 821.9604600278602, 	 (5, 5, 1, 5, 10), 	 800
521000, 	 0.1000, 	 764.9800741349649, 	 (5, 5, 9, 2, 10), 	 800
522000, 	 0.1000, 	 802.2203960919367, 	 (4, 4, 3, 9, 0), 	 800
523000, 	 0.1000, 	 745.750209011561, 	 (5, 4, 2, 8, 0), 	 800
524000, 	 0.1000, 	 786.2168871824018, 	 (5, 4, 4, 9, 0), 	 800
525000, 	 0.1000, 	 771.4953423367367, 	 (2, 6, 6, 9, 0), 	 800
526000, 	 0.1000, 	 215.247088072442, 	 (10, 6, 1, 6, 10), 	 676
527000, 	 0.1000, 	 769.7310563952282, 	 (5, 5, 4, 1, 0), 	 800
528000, 	 0.1000, 	 -398.73465830983264, 	 (0, 4, 6, 9, 8), 	 23
529000, 	 0.1000, 	 778.3571233436114, 	 (6, 4, 7, 9, 10), 	 800
530000, 	 0.1000, 	 771.7566847689712, 	 (4, 4, 1, 6, 0), 	 800
531000, 	 0.1000, 	 796.1021711481928, 	 (6, 5, 6, 1, 0), 	 800
532000, 	 0.1000, 	 -373.4888281080043, 	 (0, 4, 3, 9, 5), 	 119
533000, 	 0.1000, 	 344.98810875531933, 	 (10, 6, 9, 3, 10), 	 767
534000, 	 0.1000, 	 785.8183091675396, 	 (4, 5, 6, 9, 0), 	 800
535000, 	 0.1000, 	 746.2533421110917, 	 (5, 6, 9, 5, 0), 	 800
536000, 	 0.1000, 	 -8.70347572604095, 	 (0, 4, 6, 9, 0), 	 430
537000, 	 0.1000, 	 765.9185679668084, 	 (6, 4, 8, 8, 10), 	 800
538000, 	 0.1000, 	 750.4383248741451, 	 (7, 6, 3, 1, 10), 	 800
539000, 	 0.1000, 	 -397.18810394630333, 	 (0, 4, 5, 9, 7), 	 32
540000, 	 0.1000, 	 777.9630701351704, 	 (6, 6, 1, 4, 10), 	 800
541000, 	 0.1000, 	 776.3662511222626, 	 (5, 4, 9, 5, 10), 	 800
542000, 	 0.1000, 	 771.3583568022784, 	 (7, 5, 6, 1, 10), 	 800
543000, 	 0.1000, 	 722.0380982789511, 	 (7, 5, 3, 1, 10), 	 800
544000, 	 0.1000, 	 758.7562069973454, 	 (5, 4, 4, 9, 10), 	 800
545000, 	 0.1000, 	 621.7921139390897, 	 (6, 6, 3, 1, 10), 	 800
546000, 	 0.1000, 	 775.1295290613074, 	 (5, 4, 1, 8, 0), 	 800
547000, 	 0.1000, 	 -240.06505160484485, 	 (0, 4, 3, 1, 4), 	 239
548000, 	 0.1000, 	 770.1952455483272, 	 (3, 4, 3, 9, 0), 	 800
549000, 	 0.1000, 	 787.744380185603, 	 (4, 4, 6, 9, 0), 	 800
550000, 	 0.1000, 	 761.453840427379, 	 (5, 6, 9, 2, 0), 	 800
551000, 	 0.1000, 	 228.99898392821967, 	 (10, 6, 5, 1, 10), 	 672
552000, 	 0.1000, 	 243.99731301099308, 	 (10, 7, 9, 5, 0), 	 686
553000, 	 0.1000, 	 793.7965827792623, 	 (5, 5, 1, 4, 0), 	 800
554000, 	 0.1000, 	 -383.4011807418286, 	 (10, 5, 4, 1, 3), 	 142
555000, 	 0.1000, 	 726.628007397208, 	 (3, 3, 1, 8, 0), 	 800
556000, 	 0.1000, 	 782.1437784400176, 	 (5, 6, 3, 1, 10), 	 800
557000, 	 0.1000, 	 759.6334396949294, 	 (3, 4, 9, 7, 10), 	 800
558000, 	 0.1000, 	 769.6235759883556, 	 (6, 6, 3, 1, 10), 	 800
559000, 	 0.1000, 	 724.5339236860336, 	 (5, 6, 1, 7, 10), 	 800
560000, 	 0.1000, 	 -23.845221549772816, 	 (0, 5, 2, 9, 0), 	 432
561000, 	 0.1000, 	 778.0758459372316, 	 (5, 5, 1, 3, 10), 	 800
562000, 	 0.1000, 	 753.881541515879, 	 (7, 6, 5, 1, 0), 	 800
563000, 	 0.1000, 	 791.2204143822578, 	 (5, 4, 9, 3, 10), 	 800
564000, 	 0.1000, 	 786.1967480974993, 	 (5, 6, 6, 1, 0), 	 800
565000, 	 0.1000, 	 794.5783479063571, 	 (5, 5, 9, 8, 0), 	 800
566000, 	 0.1000, 	 760.4676881718509, 	 (6, 4, 9, 6, 10), 	 800
567000, 	 0.1000, 	 -395.17590264547874, 	 (0, 5, 4, 9, 6), 	 37
568000, 	 0.1000, 	 790.2279763076219, 	 (5, 5, 1, 4, 0), 	 800
569000, 	 0.1000, 	 798.2669438587603, 	 (5, 5, 4, 1, 0), 	 800
570000, 	 0.1000, 	 758.7154512378338, 	 (5, 5, 1, 8, 0), 	 800
571000, 	 0.1000, 	 761.0909301928024, 	 (6, 6, 2, 2, 10), 	 800
572000, 	 0.1000, 	 676.6992305043564, 	 (5, 5, 4, 1, 10), 	 800
573000, 	 0.1000, 	 -400.53558180373693, 	 (0, 5, 8, 8, 4), 	 15
574000, 	 0.1000, 	 802.2114594189812, 	 (6, 6, 4, 1, 10), 	 800
575000, 	 0.1000, 	 784.723590333306, 	 (6, 5, 8, 1, 10), 	 800
576000, 	 0.1000, 	 812.5304698617257, 	 (6, 4, 8, 2, 10), 	 800
577000, 	 0.1000, 	 786.1624524494385, 	 (5, 4, 2, 8, 0), 	 800
578000, 	 0.1000, 	 787.8603710101776, 	 (4, 5, 1, 3, 0), 	 800
579000, 	 0.1000, 	 725.7874341354343, 	 (4, 4, 1, 7, 0), 	 800
580000, 	 0.1000, 	 771.1530593498937, 	 (5, 5, 9, 5, 10), 	 800
581000, 	 0.1000, 	 795.4917766447857, 	 (7, 6, 1, 4, 10), 	 800
582000, 	 0.1000, 	 762.56791360416, 	 (5, 6, 9, 2, 0), 	 800
583000, 	 0.1000, 	 705.1793151690057, 	 (3, 4, 6, 9, 10), 	 800
584000, 	 0.1000, 	 711.861671156601, 	 (5, 6, 7, 1, 0), 	 800
585000, 	 0.1000, 	 784.3294180832363, 	 (5, 4, 1, 7, 0), 	 800
586000, 	 0.1000, 	 771.732249766098, 	 (5, 5, 2, 2, 0), 	 800
587000, 	 0.1000, 	 778.0225557757238, 	 (5, 4, 6, 1, 0), 	 800
588000, 	 0.1000, 	 757.9058716919465, 	 (6, 5, 4, 1, 10), 	 800
589000, 	 0.1000, 	 753.5748316620518, 	 (5, 5, 4, 9, 10), 	 800
590000, 	 0.1000, 	 774.351620525648, 	 (5, 5, 4, 9, 10), 	 800
591000, 	 0.1000, 	 776.3734529124725, 	 (5, 6, 1, 5, 10), 	 800
592000, 	 0.1000, 	 757.1712477084957, 	 (4, 4, 1, 5, 0), 	 800
593000, 	 0.1000, 	 793.6736124615761, 	 (6, 6, 1, 4, 10), 	 800
594000, 	 0.1000, 	 814.2345703767446, 	 (5, 6, 1, 6, 10), 	 800
595000, 	 0.1000, 	 781.735514504685, 	 (5, 4, 2, 8, 0), 	 800
596000, 	 0.1000, 	 797.6034606160993, 	 (4, 4, 2, 8, 0), 	 800
597000, 	 0.1000, 	 747.922386347507, 	 (5, 4, 9, 6, 10), 	 800
598000, 	 0.1000, 	 780.8889428371253, 	 (6, 6, 3, 1, 10), 	 800
599000, 	 0.1000, 	 745.5600821067854, 	 (5, 5, 1, 8, 10), 	 800
600000, 	 0.1000, 	 730.7720299216795, 	 (4, 5, 7, 9, 0), 	 800
601000, 	 0.1000, 	 770.9349870729914, 	 (4, 4, 5, 9, 0), 	 800
602000, 	 0.1000, 	 776.6110336787877, 	 (5, 4, 7, 9, 10), 	 800
603000, 	 0.1000, 	 90.67177535710817, 	 (10, 7, 1, 6, 10), 	 520
604000, 	 0.1000, 	 763.1372813230068, 	 (6, 6, 5, 1, 10), 	 800
605000, 	 0.1000, 	 -400.7736564921769, 	 (10, 6, 9, 3, 6), 	 17
606000, 	 0.1000, 	 716.475670185509, 	 (5, 4, 1, 6, 0), 	 800
607000, 	 0.1000, 	 -387.4621796923361, 	 (10, 5, 5, 1, 2), 	 64
608000, 	 0.1000, 	 -346.09029063479886, 	 (0, 5, 9, 6, 10), 	 120
609000, 	 0.1000, 	 818.342259323164, 	 (6, 5, 6, 9, 0), 	 800
610000, 	 0.1000, 	 775.0842250205159, 	 (6, 6, 2, 2, 10), 	 800
611000, 	 0.1000, 	 778.2433208555026, 	 (4, 4, 3, 1, 10), 	 800
612000, 	 0.1000, 	 777.9423214784923, 	 (6, 6, 8, 2, 0), 	 800
613000, 	 0.1000, 	 782.0312081331031, 	 (5, 4, 9, 6, 10), 	 800
614000, 	 0.1000, 	 782.9364971596261, 	 (5, 5, 1, 2, 10), 	 800
615000, 	 0.1000, 	 -398.28897826053014, 	 (0, 4, 8, 9, 7), 	 41
616000, 	 0.1000, 	 770.7298398929704, 	 (5, 5, 5, 9, 0), 	 800
617000, 	 0.1000, 	 816.8473530358581, 	 (5, 6, 9, 5, 0), 	 800
618000, 	 0.1000, 	 792.2728660104074, 	 (5, 4, 4, 9, 0), 	 800
619000, 	 0.1000, 	 801.613741347396, 	 (6, 5, 3, 1, 0), 	 800
620000, 	 0.1000, 	 -387.97828042240764, 	 (10, 7, 6, 1, 0), 	 69
621000, 	 0.1000, 	 771.1966042406772, 	 (4, 5, 6, 9, 0), 	 800
622000, 	 0.1000, 	 754.1729301071788, 	 (5, 4, 7, 9, 10), 	 800
623000, 	 0.1000, 	 124.01176943108482, 	 (0, 4, 1, 7, 0), 	 561
624000, 	 0.1000, 	 738.0963684479319, 	 (5, 5, 9, 3, 0), 	 800
625000, 	 0.1000, 	 711.2402678852275, 	 (4, 4, 2, 8, 0), 	 800
626000, 	 0.1000, 	 793.5116737764425, 	 (6, 5, 9, 2, 10), 	 800
627000, 	 0.1000, 	 766.0415116880936, 	 (7, 6, 5, 1, 10), 	 800
628000, 	 0.1000, 	 776.9592918821952, 	 (4, 5, 1, 7, 10), 	 800
629000, 	 0.1000, 	 792.9876160629598, 	 (5, 5, 1, 5, 10), 	 800
630000, 	 0.1000, 	 -400.12771536232657, 	 (10, 6, 7, 1, 5), 	 14
631000, 	 0.1000, 	 770.9739762626502, 	 (5, 5, 9, 3, 10), 	 800
632000, 	 0.1000, 	 776.7932950109714, 	 (6, 5, 5, 1, 0), 	 800
633000, 	 0.1000, 	 775.6962460488526, 	 (7, 6, 3, 1, 10), 	 800
634000, 	 0.1000, 	 754.5266909891881, 	 (2, 4, 8, 9, 10), 	 800
635000, 	 0.1000, 	 -398.4331586566845, 	 (0, 4, 6, 9, 7), 	 24